[2025-05-12 10:39:01,817][       train.py][line: 102][    INFO] load CoOp
[2025-05-12 10:39:02,228][       train.py][line: 200][    INFO] train data (brats-met) len 310
[2025-05-12 10:39:02,228][       train.py][line: 205][    INFO] test data (brats-met) len 300
[2025-05-12 10:39:02,228][       train.py][line: 212][    INFO] anomaly syn task is CutpasteTask, sampling probability is 0.25
[2025-05-12 10:39:02,228][       train.py][line: 212][    INFO] anomaly syn task is GaussIntensityChangeTask, sampling probability is 0.25
[2025-05-12 10:39:02,228][       train.py][line: 212][    INFO] anomaly syn task is SourceTask, sampling probability is 0.25
[2025-05-12 10:39:02,228][       train.py][line: 212][    INFO] anomaly syn task is IdentityTask, sampling probability is 0.25
[2025-05-12 10:39:11,847][       train.py][line: 400][    INFO] Epoch: [1/200]	Iter: [2/4000]	Loss 1.03226 (1.02350)	
[2025-05-12 10:39:13,927][       train.py][line: 400][    INFO] Epoch: [1/200]	Iter: [4/4000]	Loss 1.00185 (1.01552)	
[2025-05-12 10:39:16,027][       train.py][line: 400][    INFO] Epoch: [1/200]	Iter: [6/4000]	Loss 0.93616 (0.94132)	
[2025-05-12 10:39:18,137][       train.py][line: 400][    INFO] Epoch: [1/200]	Iter: [8/4000]	Loss 0.97732 (0.95017)	
[2025-05-12 10:39:20,262][       train.py][line: 400][    INFO] Epoch: [1/200]	Iter: [10/4000]	Loss 0.91470 (0.93276)	
[2025-05-12 10:39:22,393][       train.py][line: 400][    INFO] Epoch: [1/200]	Iter: [12/4000]	Loss 0.87012 (0.87678)	
[2025-05-12 10:39:24,539][       train.py][line: 400][    INFO] Epoch: [1/200]	Iter: [14/4000]	Loss 0.90604 (0.93618)	
[2025-05-12 10:39:26,694][       train.py][line: 400][    INFO] Epoch: [1/200]	Iter: [16/4000]	Loss 0.79793 (0.82159)	
[2025-05-12 10:39:28,860][       train.py][line: 400][    INFO] Epoch: [1/200]	Iter: [18/4000]	Loss 0.89545 (0.89447)	
[2025-05-12 10:39:30,483][       train.py][line: 400][    INFO] Epoch: [1/200]	Iter: [20/4000]	Loss 0.96593 (0.90569)	
[2025-05-12 10:39:40,476][       train.py][line: 400][    INFO] Epoch: [2/200]	Iter: [22/4000]	Loss 0.87214 (0.87611)	
[2025-05-12 10:39:42,637][       train.py][line: 400][    INFO] Epoch: [2/200]	Iter: [24/4000]	Loss 0.84727 (0.87327)	
[2025-05-12 10:39:44,806][       train.py][line: 400][    INFO] Epoch: [2/200]	Iter: [26/4000]	Loss 0.90588 (0.88130)	
[2025-05-12 10:39:46,989][       train.py][line: 400][    INFO] Epoch: [2/200]	Iter: [28/4000]	Loss 0.90308 (0.88304)	
[2025-05-12 10:39:49,180][       train.py][line: 400][    INFO] Epoch: [2/200]	Iter: [30/4000]	Loss 0.90376 (0.85590)	
[2025-05-12 10:39:51,382][       train.py][line: 400][    INFO] Epoch: [2/200]	Iter: [32/4000]	Loss 0.86567 (0.88571)	
[2025-05-12 10:39:53,590][       train.py][line: 400][    INFO] Epoch: [2/200]	Iter: [34/4000]	Loss 0.85661 (0.88816)	
[2025-05-12 10:39:55,807][       train.py][line: 400][    INFO] Epoch: [2/200]	Iter: [36/4000]	Loss 0.85327 (0.89381)	
[2025-05-12 10:39:58,031][       train.py][line: 400][    INFO] Epoch: [2/200]	Iter: [38/4000]	Loss 0.80539 (0.81385)	
[2025-05-12 10:39:59,705][       train.py][line: 400][    INFO] Epoch: [2/200]	Iter: [40/4000]	Loss 0.85560 (0.85297)	
[2025-05-12 10:40:09,663][       train.py][line: 400][    INFO] Epoch: [3/200]	Iter: [42/4000]	Loss 0.86004 (0.84749)	
[2025-05-12 10:40:11,881][       train.py][line: 400][    INFO] Epoch: [3/200]	Iter: [44/4000]	Loss 0.82225 (0.83869)	
[2025-05-12 10:40:14,110][       train.py][line: 400][    INFO] Epoch: [3/200]	Iter: [46/4000]	Loss 0.86223 (0.84100)	
[2025-05-12 10:40:16,343][       train.py][line: 400][    INFO] Epoch: [3/200]	Iter: [48/4000]	Loss 0.88276 (0.87443)	
[2025-05-12 10:40:18,592][       train.py][line: 400][    INFO] Epoch: [3/200]	Iter: [50/4000]	Loss 0.80651 (0.82864)	
[2025-05-12 10:40:20,834][       train.py][line: 400][    INFO] Epoch: [3/200]	Iter: [52/4000]	Loss 0.86304 (0.85539)	
[2025-05-12 10:40:23,054][       train.py][line: 400][    INFO] Epoch: [3/200]	Iter: [54/4000]	Loss 0.81411 (0.84222)	
[2025-05-12 10:40:25,276][       train.py][line: 400][    INFO] Epoch: [3/200]	Iter: [56/4000]	Loss 0.84892 (0.85891)	
[2025-05-12 10:40:27,506][       train.py][line: 400][    INFO] Epoch: [3/200]	Iter: [58/4000]	Loss 0.89750 (0.88936)	
[2025-05-12 10:40:29,180][       train.py][line: 400][    INFO] Epoch: [3/200]	Iter: [60/4000]	Loss 0.81014 (0.85045)	
[2025-05-12 10:40:39,011][       train.py][line: 400][    INFO] Epoch: [4/200]	Iter: [62/4000]	Loss 0.82071 (0.81268)	
[2025-05-12 10:40:41,214][       train.py][line: 400][    INFO] Epoch: [4/200]	Iter: [64/4000]	Loss 0.86198 (0.86851)	
[2025-05-12 10:40:43,421][       train.py][line: 400][    INFO] Epoch: [4/200]	Iter: [66/4000]	Loss 0.92815 (0.85716)	
[2025-05-12 10:40:45,636][       train.py][line: 400][    INFO] Epoch: [4/200]	Iter: [68/4000]	Loss 0.86287 (0.84665)	
[2025-05-12 10:40:47,858][       train.py][line: 400][    INFO] Epoch: [4/200]	Iter: [70/4000]	Loss 0.85124 (0.87281)	
[2025-05-12 10:40:50,092][       train.py][line: 400][    INFO] Epoch: [4/200]	Iter: [72/4000]	Loss 0.87211 (0.83725)	
[2025-05-12 10:40:52,319][       train.py][line: 400][    INFO] Epoch: [4/200]	Iter: [74/4000]	Loss 0.80842 (0.85858)	
[2025-05-12 10:40:54,550][       train.py][line: 400][    INFO] Epoch: [4/200]	Iter: [76/4000]	Loss 0.78915 (0.81768)	
[2025-05-12 10:40:56,796][       train.py][line: 400][    INFO] Epoch: [4/200]	Iter: [78/4000]	Loss 0.84749 (0.86840)	
[2025-05-12 10:40:58,493][       train.py][line: 400][    INFO] Epoch: [4/200]	Iter: [80/4000]	Loss 0.92858 (0.87910)	
[2025-05-12 10:41:08,458][       train.py][line: 400][    INFO] Epoch: [5/200]	Iter: [82/4000]	Loss 0.88541 (0.85845)	
[2025-05-12 10:41:10,670][       train.py][line: 400][    INFO] Epoch: [5/200]	Iter: [84/4000]	Loss 0.80806 (0.82911)	
[2025-05-12 10:41:12,894][       train.py][line: 400][    INFO] Epoch: [5/200]	Iter: [86/4000]	Loss 0.84938 (0.81260)	
[2025-05-12 10:41:15,126][       train.py][line: 400][    INFO] Epoch: [5/200]	Iter: [88/4000]	Loss 0.79455 (0.83120)	
[2025-05-12 10:41:17,366][       train.py][line: 400][    INFO] Epoch: [5/200]	Iter: [90/4000]	Loss 0.86230 (0.83676)	
[2025-05-12 10:41:19,614][       train.py][line: 400][    INFO] Epoch: [5/200]	Iter: [92/4000]	Loss 0.89718 (0.84879)	
[2025-05-12 10:41:21,871][       train.py][line: 400][    INFO] Epoch: [5/200]	Iter: [94/4000]	Loss 0.77085 (0.78653)	
[2025-05-12 10:41:24,137][       train.py][line: 400][    INFO] Epoch: [5/200]	Iter: [96/4000]	Loss 0.76655 (0.77833)	
[2025-05-12 10:41:26,407][       train.py][line: 400][    INFO] Epoch: [5/200]	Iter: [98/4000]	Loss 0.84624 (0.82223)	
[2025-05-12 10:41:28,117][       train.py][line: 400][    INFO] Epoch: [5/200]	Iter: [100/4000]	Loss 0.82102 (0.80456)	
[2025-05-12 10:41:57,241][       train.py][line: 283][    INFO] (brats-met): Epoch: 5, image auroc: 0.8749, pixel_auroc: 0.9389,
[2025-05-12 10:41:57,242][       train.py][line: 302][    INFO] (brats-met best): image auroc: 0.8749, pixel auroc: 0.9389,
[2025-05-12 10:41:57,242][       train.py][line: 318][    INFO] save checkpoints in epoch: 5
[2025-05-12 10:42:06,706][       train.py][line: 400][    INFO] Epoch: [6/200]	Iter: [102/4000]	Loss 0.85163 (0.85913)	
[2025-05-12 10:42:08,935][       train.py][line: 400][    INFO] Epoch: [6/200]	Iter: [104/4000]	Loss 0.74952 (0.77374)	
[2025-05-12 10:42:11,159][       train.py][line: 400][    INFO] Epoch: [6/200]	Iter: [106/4000]	Loss 0.83194 (0.84627)	
[2025-05-12 10:42:13,404][       train.py][line: 400][    INFO] Epoch: [6/200]	Iter: [108/4000]	Loss 0.83450 (0.85661)	
[2025-05-12 10:42:15,660][       train.py][line: 400][    INFO] Epoch: [6/200]	Iter: [110/4000]	Loss 0.80312 (0.82641)	
[2025-05-12 10:42:17,929][       train.py][line: 400][    INFO] Epoch: [6/200]	Iter: [112/4000]	Loss 0.82220 (0.84702)	
[2025-05-12 10:42:20,195][       train.py][line: 400][    INFO] Epoch: [6/200]	Iter: [114/4000]	Loss 0.86773 (0.86765)	
[2025-05-12 10:42:22,479][       train.py][line: 400][    INFO] Epoch: [6/200]	Iter: [116/4000]	Loss 0.76408 (0.79344)	
[2025-05-12 10:42:24,768][       train.py][line: 400][    INFO] Epoch: [6/200]	Iter: [118/4000]	Loss 0.84076 (0.84145)	
[2025-05-12 10:42:26,494][       train.py][line: 400][    INFO] Epoch: [6/200]	Iter: [120/4000]	Loss 0.88449 (0.86599)	
[2025-05-12 10:42:35,909][       train.py][line: 400][    INFO] Epoch: [7/200]	Iter: [122/4000]	Loss 0.87171 (0.85368)	
[2025-05-12 10:42:38,176][       train.py][line: 400][    INFO] Epoch: [7/200]	Iter: [124/4000]	Loss 0.80001 (0.83399)	
[2025-05-12 10:42:40,453][       train.py][line: 400][    INFO] Epoch: [7/200]	Iter: [126/4000]	Loss 0.85869 (0.85672)	
[2025-05-12 10:42:42,739][       train.py][line: 400][    INFO] Epoch: [7/200]	Iter: [128/4000]	Loss 0.78161 (0.79547)	
[2025-05-12 10:42:45,031][       train.py][line: 400][    INFO] Epoch: [7/200]	Iter: [130/4000]	Loss 0.85211 (0.84798)	
[2025-05-12 10:42:47,337][       train.py][line: 400][    INFO] Epoch: [7/200]	Iter: [132/4000]	Loss 0.87154 (0.83121)	
[2025-05-12 10:42:49,649][       train.py][line: 400][    INFO] Epoch: [7/200]	Iter: [134/4000]	Loss 0.85983 (0.81149)	
[2025-05-12 10:42:51,954][       train.py][line: 400][    INFO] Epoch: [7/200]	Iter: [136/4000]	Loss 0.85410 (0.85063)	
[2025-05-12 10:42:54,276][       train.py][line: 400][    INFO] Epoch: [7/200]	Iter: [138/4000]	Loss 0.85125 (0.80896)	
[2025-05-12 10:42:56,032][       train.py][line: 400][    INFO] Epoch: [7/200]	Iter: [140/4000]	Loss 0.79937 (0.78500)	
[2025-05-12 10:43:06,157][       train.py][line: 400][    INFO] Epoch: [8/200]	Iter: [142/4000]	Loss 0.91159 (0.87266)	
[2025-05-12 10:43:08,439][       train.py][line: 400][    INFO] Epoch: [8/200]	Iter: [144/4000]	Loss 0.83654 (0.85811)	
[2025-05-12 10:43:10,727][       train.py][line: 400][    INFO] Epoch: [8/200]	Iter: [146/4000]	Loss 0.77806 (0.81957)	
[2025-05-12 10:43:13,032][       train.py][line: 400][    INFO] Epoch: [8/200]	Iter: [148/4000]	Loss 0.85540 (0.83365)	
[2025-05-12 10:43:15,329][       train.py][line: 400][    INFO] Epoch: [8/200]	Iter: [150/4000]	Loss 0.89645 (0.84326)	
[2025-05-12 10:43:17,649][       train.py][line: 400][    INFO] Epoch: [8/200]	Iter: [152/4000]	Loss 0.81518 (0.79574)	
[2025-05-12 10:43:19,971][       train.py][line: 400][    INFO] Epoch: [8/200]	Iter: [154/4000]	Loss 0.82423 (0.83520)	
[2025-05-12 10:43:22,304][       train.py][line: 400][    INFO] Epoch: [8/200]	Iter: [156/4000]	Loss 0.84895 (0.81465)	
[2025-05-12 10:43:24,641][       train.py][line: 400][    INFO] Epoch: [8/200]	Iter: [158/4000]	Loss 0.83706 (0.85569)	
[2025-05-12 10:43:26,421][       train.py][line: 400][    INFO] Epoch: [8/200]	Iter: [160/4000]	Loss 0.90482 (0.87774)	
[2025-05-12 10:43:36,415][       train.py][line: 400][    INFO] Epoch: [9/200]	Iter: [162/4000]	Loss 0.79527 (0.77775)	
[2025-05-12 10:43:38,706][       train.py][line: 400][    INFO] Epoch: [9/200]	Iter: [164/4000]	Loss 0.81467 (0.80975)	
[2025-05-12 10:43:41,016][       train.py][line: 400][    INFO] Epoch: [9/200]	Iter: [166/4000]	Loss 0.78445 (0.79171)	
[2025-05-12 10:43:43,336][       train.py][line: 400][    INFO] Epoch: [9/200]	Iter: [168/4000]	Loss 0.89313 (0.85313)	
[2025-05-12 10:43:45,662][       train.py][line: 400][    INFO] Epoch: [9/200]	Iter: [170/4000]	Loss 0.79338 (0.82146)	
[2025-05-12 10:43:47,983][       train.py][line: 400][    INFO] Epoch: [9/200]	Iter: [172/4000]	Loss 0.83988 (0.82925)	
[2025-05-12 10:43:50,326][       train.py][line: 400][    INFO] Epoch: [9/200]	Iter: [174/4000]	Loss 0.79747 (0.77710)	
[2025-05-12 10:43:52,669][       train.py][line: 400][    INFO] Epoch: [9/200]	Iter: [176/4000]	Loss 0.78254 (0.76921)	
[2025-05-12 10:43:55,008][       train.py][line: 400][    INFO] Epoch: [9/200]	Iter: [178/4000]	Loss 0.88694 (0.80111)	
[2025-05-12 10:43:56,784][       train.py][line: 400][    INFO] Epoch: [9/200]	Iter: [180/4000]	Loss 0.82569 (0.83482)	
[2025-05-12 10:44:06,410][       train.py][line: 400][    INFO] Epoch: [10/200]	Iter: [182/4000]	Loss 0.84896 (0.81843)	
[2025-05-12 10:44:08,716][       train.py][line: 400][    INFO] Epoch: [10/200]	Iter: [184/4000]	Loss 0.81723 (0.86943)	
[2025-05-12 10:44:11,034][       train.py][line: 400][    INFO] Epoch: [10/200]	Iter: [186/4000]	Loss 0.85041 (0.79203)	
[2025-05-12 10:44:13,363][       train.py][line: 400][    INFO] Epoch: [10/200]	Iter: [188/4000]	Loss 0.79564 (0.78904)	
[2025-05-12 10:44:15,703][       train.py][line: 400][    INFO] Epoch: [10/200]	Iter: [190/4000]	Loss 0.83773 (0.83831)	
[2025-05-12 10:44:18,049][       train.py][line: 400][    INFO] Epoch: [10/200]	Iter: [192/4000]	Loss 0.77608 (0.79617)	
[2025-05-12 10:44:20,399][       train.py][line: 400][    INFO] Epoch: [10/200]	Iter: [194/4000]	Loss 0.81646 (0.83585)	
[2025-05-12 10:44:22,748][       train.py][line: 400][    INFO] Epoch: [10/200]	Iter: [196/4000]	Loss 0.83614 (0.84170)	
[2025-05-12 10:44:25,109][       train.py][line: 400][    INFO] Epoch: [10/200]	Iter: [198/4000]	Loss 0.89268 (0.84916)	
[2025-05-12 10:44:26,888][       train.py][line: 400][    INFO] Epoch: [10/200]	Iter: [200/4000]	Loss 0.68456 (0.76215)	
[2025-05-12 10:44:56,443][       train.py][line: 283][    INFO] (brats-met): Epoch: 10, image auroc: 0.8946, pixel_auroc: 0.9466,
[2025-05-12 10:44:56,443][       train.py][line: 302][    INFO] (brats-met best): image auroc: 0.8946, pixel auroc: 0.9466,
[2025-05-12 10:44:56,443][       train.py][line: 318][    INFO] save checkpoints in epoch: 10
[2025-05-12 10:45:05,537][       train.py][line: 400][    INFO] Epoch: [11/200]	Iter: [202/4000]	Loss 0.83999 (0.83200)	
[2025-05-12 10:45:07,801][       train.py][line: 400][    INFO] Epoch: [11/200]	Iter: [204/4000]	Loss 0.81356 (0.81935)	
[2025-05-12 10:45:10,078][       train.py][line: 400][    INFO] Epoch: [11/200]	Iter: [206/4000]	Loss 0.86637 (0.83280)	
[2025-05-12 10:45:12,367][       train.py][line: 400][    INFO] Epoch: [11/200]	Iter: [208/4000]	Loss 0.85460 (0.85084)	
[2025-05-12 10:45:14,663][       train.py][line: 400][    INFO] Epoch: [11/200]	Iter: [210/4000]	Loss 0.81752 (0.81188)	
[2025-05-12 10:45:16,974][       train.py][line: 400][    INFO] Epoch: [11/200]	Iter: [212/4000]	Loss 0.74981 (0.79420)	
[2025-05-12 10:45:19,289][       train.py][line: 400][    INFO] Epoch: [11/200]	Iter: [214/4000]	Loss 0.74985 (0.77016)	
[2025-05-12 10:45:21,613][       train.py][line: 400][    INFO] Epoch: [11/200]	Iter: [216/4000]	Loss 0.79450 (0.81812)	
[2025-05-12 10:45:23,941][       train.py][line: 400][    INFO] Epoch: [11/200]	Iter: [218/4000]	Loss 0.73038 (0.79165)	
[2025-05-12 10:45:25,707][       train.py][line: 400][    INFO] Epoch: [11/200]	Iter: [220/4000]	Loss 0.90020 (0.82040)	
[2025-05-12 10:45:35,488][       train.py][line: 400][    INFO] Epoch: [12/200]	Iter: [222/4000]	Loss 0.76714 (0.77306)	
[2025-05-12 10:45:37,784][       train.py][line: 400][    INFO] Epoch: [12/200]	Iter: [224/4000]	Loss 0.77056 (0.79013)	
[2025-05-12 10:45:40,094][       train.py][line: 400][    INFO] Epoch: [12/200]	Iter: [226/4000]	Loss 0.85009 (0.83939)	
[2025-05-12 10:45:42,418][       train.py][line: 400][    INFO] Epoch: [12/200]	Iter: [228/4000]	Loss 0.91556 (0.86071)	
[2025-05-12 10:45:44,745][       train.py][line: 400][    INFO] Epoch: [12/200]	Iter: [230/4000]	Loss 0.84837 (0.80224)	
[2025-05-12 10:45:47,084][       train.py][line: 400][    INFO] Epoch: [12/200]	Iter: [232/4000]	Loss 0.81015 (0.78945)	
[2025-05-12 10:45:49,428][       train.py][line: 400][    INFO] Epoch: [12/200]	Iter: [234/4000]	Loss 0.78114 (0.79229)	
[2025-05-12 10:45:51,780][       train.py][line: 400][    INFO] Epoch: [12/200]	Iter: [236/4000]	Loss 0.88235 (0.84715)	
[2025-05-12 10:45:54,107][       train.py][line: 400][    INFO] Epoch: [12/200]	Iter: [238/4000]	Loss 0.81018 (0.87001)	
[2025-05-12 10:45:55,900][       train.py][line: 400][    INFO] Epoch: [12/200]	Iter: [240/4000]	Loss 0.62958 (0.65348)	
[2025-05-12 10:46:05,758][       train.py][line: 400][    INFO] Epoch: [13/200]	Iter: [242/4000]	Loss 0.88269 (0.86099)	
[2025-05-12 10:46:08,080][       train.py][line: 400][    INFO] Epoch: [13/200]	Iter: [244/4000]	Loss 0.78523 (0.79329)	
[2025-05-12 10:46:10,417][       train.py][line: 400][    INFO] Epoch: [13/200]	Iter: [246/4000]	Loss 0.75264 (0.79949)	
[2025-05-12 10:46:12,764][       train.py][line: 400][    INFO] Epoch: [13/200]	Iter: [248/4000]	Loss 0.83585 (0.85305)	
[2025-05-12 10:46:15,104][       train.py][line: 400][    INFO] Epoch: [13/200]	Iter: [250/4000]	Loss 0.81019 (0.82706)	
[2025-05-12 10:46:17,455][       train.py][line: 400][    INFO] Epoch: [13/200]	Iter: [252/4000]	Loss 0.77912 (0.79648)	
[2025-05-12 10:46:19,813][       train.py][line: 400][    INFO] Epoch: [13/200]	Iter: [254/4000]	Loss 0.81096 (0.83472)	
[2025-05-12 10:46:22,179][       train.py][line: 400][    INFO] Epoch: [13/200]	Iter: [256/4000]	Loss 0.75257 (0.77517)	
[2025-05-12 10:46:24,550][       train.py][line: 400][    INFO] Epoch: [13/200]	Iter: [258/4000]	Loss 0.78300 (0.80193)	
[2025-05-12 10:46:26,351][       train.py][line: 400][    INFO] Epoch: [13/200]	Iter: [260/4000]	Loss 0.75795 (0.77627)	
[2025-05-12 10:46:35,962][       train.py][line: 400][    INFO] Epoch: [14/200]	Iter: [262/4000]	Loss 0.87077 (0.84918)	
[2025-05-12 10:46:38,286][       train.py][line: 400][    INFO] Epoch: [14/200]	Iter: [264/4000]	Loss 0.74894 (0.76174)	
[2025-05-12 10:46:40,621][       train.py][line: 400][    INFO] Epoch: [14/200]	Iter: [266/4000]	Loss 0.82255 (0.78750)	
[2025-05-12 10:46:42,954][       train.py][line: 400][    INFO] Epoch: [14/200]	Iter: [268/4000]	Loss 0.87328 (0.86427)	
[2025-05-12 10:46:45,305][       train.py][line: 400][    INFO] Epoch: [14/200]	Iter: [270/4000]	Loss 0.76931 (0.78928)	
[2025-05-12 10:46:47,662][       train.py][line: 400][    INFO] Epoch: [14/200]	Iter: [272/4000]	Loss 0.77159 (0.80109)	
[2025-05-12 10:46:50,014][       train.py][line: 400][    INFO] Epoch: [14/200]	Iter: [274/4000]	Loss 0.89699 (0.87523)	
[2025-05-12 10:46:52,384][       train.py][line: 400][    INFO] Epoch: [14/200]	Iter: [276/4000]	Loss 0.81815 (0.80961)	
[2025-05-12 10:46:54,751][       train.py][line: 400][    INFO] Epoch: [14/200]	Iter: [278/4000]	Loss 0.79018 (0.81350)	
[2025-05-12 10:46:56,545][       train.py][line: 400][    INFO] Epoch: [14/200]	Iter: [280/4000]	Loss 0.87587 (0.87811)	
[2025-05-12 10:47:06,470][       train.py][line: 400][    INFO] Epoch: [15/200]	Iter: [282/4000]	Loss 0.78252 (0.77518)	
[2025-05-12 10:47:08,787][       train.py][line: 400][    INFO] Epoch: [15/200]	Iter: [284/4000]	Loss 0.74394 (0.74764)	
[2025-05-12 10:47:11,110][       train.py][line: 400][    INFO] Epoch: [15/200]	Iter: [286/4000]	Loss 0.83434 (0.85195)	
[2025-05-12 10:47:13,443][       train.py][line: 400][    INFO] Epoch: [15/200]	Iter: [288/4000]	Loss 0.87044 (0.85551)	
[2025-05-12 10:47:15,774][       train.py][line: 400][    INFO] Epoch: [15/200]	Iter: [290/4000]	Loss 0.82033 (0.84180)	
[2025-05-12 10:47:18,124][       train.py][line: 400][    INFO] Epoch: [15/200]	Iter: [292/4000]	Loss 0.82117 (0.80079)	
[2025-05-12 10:47:20,477][       train.py][line: 400][    INFO] Epoch: [15/200]	Iter: [294/4000]	Loss 0.75083 (0.76448)	
[2025-05-12 10:47:22,831][       train.py][line: 400][    INFO] Epoch: [15/200]	Iter: [296/4000]	Loss 0.72290 (0.78217)	
[2025-05-12 10:47:25,192][       train.py][line: 400][    INFO] Epoch: [15/200]	Iter: [298/4000]	Loss 0.82702 (0.84608)	
[2025-05-12 10:47:26,980][       train.py][line: 400][    INFO] Epoch: [15/200]	Iter: [300/4000]	Loss 0.77844 (0.81757)	
[2025-05-12 10:47:57,012][       train.py][line: 283][    INFO] (brats-met): Epoch: 15, image auroc: 0.8632, pixel_auroc: 0.9267,
[2025-05-12 10:47:57,012][       train.py][line: 302][    INFO] (brats-met best): image auroc: 0.8946, pixel auroc: 0.9466,
[2025-05-12 10:48:06,565][       train.py][line: 400][    INFO] Epoch: [16/200]	Iter: [302/4000]	Loss 0.87640 (0.84536)	
[2025-05-12 10:48:08,819][       train.py][line: 400][    INFO] Epoch: [16/200]	Iter: [304/4000]	Loss 0.81963 (0.79370)	
[2025-05-12 10:48:11,091][       train.py][line: 400][    INFO] Epoch: [16/200]	Iter: [306/4000]	Loss 0.74726 (0.72021)	
[2025-05-12 10:48:13,369][       train.py][line: 400][    INFO] Epoch: [16/200]	Iter: [308/4000]	Loss 0.80684 (0.84014)	
[2025-05-12 10:48:15,658][       train.py][line: 400][    INFO] Epoch: [16/200]	Iter: [310/4000]	Loss 0.79882 (0.81967)	
[2025-05-12 10:48:17,958][       train.py][line: 400][    INFO] Epoch: [16/200]	Iter: [312/4000]	Loss 0.86007 (0.84859)	
[2025-05-12 10:48:20,273][       train.py][line: 400][    INFO] Epoch: [16/200]	Iter: [314/4000]	Loss 0.82436 (0.79746)	
[2025-05-12 10:48:22,602][       train.py][line: 400][    INFO] Epoch: [16/200]	Iter: [316/4000]	Loss 0.80613 (0.79477)	
[2025-05-12 10:48:24,942][       train.py][line: 400][    INFO] Epoch: [16/200]	Iter: [318/4000]	Loss 0.78833 (0.77155)	
[2025-05-12 10:48:26,727][       train.py][line: 400][    INFO] Epoch: [16/200]	Iter: [320/4000]	Loss 0.90978 (0.85226)	
[2025-05-12 10:48:36,536][       train.py][line: 400][    INFO] Epoch: [17/200]	Iter: [322/4000]	Loss 0.84646 (0.82135)	
[2025-05-12 10:48:38,871][       train.py][line: 400][    INFO] Epoch: [17/200]	Iter: [324/4000]	Loss 0.84332 (0.82994)	
[2025-05-12 10:48:41,225][       train.py][line: 400][    INFO] Epoch: [17/200]	Iter: [326/4000]	Loss 0.84850 (0.78609)	
[2025-05-12 10:48:43,588][       train.py][line: 400][    INFO] Epoch: [17/200]	Iter: [328/4000]	Loss 0.88414 (0.84409)	
[2025-05-12 10:48:45,957][       train.py][line: 400][    INFO] Epoch: [17/200]	Iter: [330/4000]	Loss 0.79399 (0.78652)	
[2025-05-12 10:48:48,331][       train.py][line: 400][    INFO] Epoch: [17/200]	Iter: [332/4000]	Loss 0.86750 (0.83745)	
[2025-05-12 10:48:50,702][       train.py][line: 400][    INFO] Epoch: [17/200]	Iter: [334/4000]	Loss 0.89298 (0.86002)	
[2025-05-12 10:48:53,092][       train.py][line: 400][    INFO] Epoch: [17/200]	Iter: [336/4000]	Loss 0.80236 (0.84509)	
[2025-05-12 10:48:55,480][       train.py][line: 400][    INFO] Epoch: [17/200]	Iter: [338/4000]	Loss 0.75556 (0.77534)	
[2025-05-12 10:48:57,284][       train.py][line: 400][    INFO] Epoch: [17/200]	Iter: [340/4000]	Loss 0.57522 (0.69800)	
[2025-05-12 10:49:07,183][       train.py][line: 400][    INFO] Epoch: [18/200]	Iter: [342/4000]	Loss 0.81776 (0.83312)	
[2025-05-12 10:49:09,499][       train.py][line: 400][    INFO] Epoch: [18/200]	Iter: [344/4000]	Loss 0.78347 (0.81902)	
[2025-05-12 10:49:11,826][       train.py][line: 400][    INFO] Epoch: [18/200]	Iter: [346/4000]	Loss 0.81750 (0.83911)	
[2025-05-12 10:49:14,170][       train.py][line: 400][    INFO] Epoch: [18/200]	Iter: [348/4000]	Loss 0.84384 (0.79983)	
[2025-05-12 10:49:16,514][       train.py][line: 400][    INFO] Epoch: [18/200]	Iter: [350/4000]	Loss 0.85258 (0.85107)	
[2025-05-12 10:49:18,854][       train.py][line: 400][    INFO] Epoch: [18/200]	Iter: [352/4000]	Loss 0.84761 (0.82660)	
[2025-05-12 10:49:21,203][       train.py][line: 400][    INFO] Epoch: [18/200]	Iter: [354/4000]	Loss 0.78984 (0.78336)	
[2025-05-12 10:49:23,557][       train.py][line: 400][    INFO] Epoch: [18/200]	Iter: [356/4000]	Loss 0.79123 (0.82849)	
[2025-05-12 10:49:25,907][       train.py][line: 400][    INFO] Epoch: [18/200]	Iter: [358/4000]	Loss 0.80395 (0.83767)	
[2025-05-12 10:49:27,688][       train.py][line: 400][    INFO] Epoch: [18/200]	Iter: [360/4000]	Loss 0.90362 (0.84509)	
[2025-05-12 10:49:37,604][       train.py][line: 400][    INFO] Epoch: [19/200]	Iter: [362/4000]	Loss 0.79634 (0.83137)	
[2025-05-12 10:49:39,881][       train.py][line: 400][    INFO] Epoch: [19/200]	Iter: [364/4000]	Loss 0.83041 (0.81683)	
[2025-05-12 10:49:42,175][       train.py][line: 400][    INFO] Epoch: [19/200]	Iter: [366/4000]	Loss 0.86215 (0.82159)	
[2025-05-12 10:49:44,477][       train.py][line: 400][    INFO] Epoch: [19/200]	Iter: [368/4000]	Loss 0.82452 (0.80684)	
[2025-05-12 10:49:46,783][       train.py][line: 400][    INFO] Epoch: [19/200]	Iter: [370/4000]	Loss 0.86335 (0.81355)	
[2025-05-12 10:49:49,111][       train.py][line: 400][    INFO] Epoch: [19/200]	Iter: [372/4000]	Loss 0.79068 (0.81641)	
[2025-05-12 10:49:51,439][       train.py][line: 400][    INFO] Epoch: [19/200]	Iter: [374/4000]	Loss 0.85984 (0.85623)	
[2025-05-12 10:49:53,781][       train.py][line: 400][    INFO] Epoch: [19/200]	Iter: [376/4000]	Loss 0.78165 (0.81263)	
[2025-05-12 10:49:56,127][       train.py][line: 400][    INFO] Epoch: [19/200]	Iter: [378/4000]	Loss 0.81568 (0.81298)	
[2025-05-12 10:49:57,907][       train.py][line: 400][    INFO] Epoch: [19/200]	Iter: [380/4000]	Loss 0.56169 (0.67671)	
[2025-05-12 10:50:08,054][       train.py][line: 400][    INFO] Epoch: [20/200]	Iter: [382/4000]	Loss 0.79875 (0.74040)	
[2025-05-12 10:50:10,388][       train.py][line: 400][    INFO] Epoch: [20/200]	Iter: [384/4000]	Loss 0.82557 (0.81750)	
[2025-05-12 10:50:12,740][       train.py][line: 400][    INFO] Epoch: [20/200]	Iter: [386/4000]	Loss 0.78877 (0.77966)	
[2025-05-12 10:50:15,092][       train.py][line: 400][    INFO] Epoch: [20/200]	Iter: [388/4000]	Loss 0.81490 (0.85038)	
[2025-05-12 10:50:17,463][       train.py][line: 400][    INFO] Epoch: [20/200]	Iter: [390/4000]	Loss 0.75695 (0.76947)	
[2025-05-12 10:50:19,834][       train.py][line: 400][    INFO] Epoch: [20/200]	Iter: [392/4000]	Loss 0.85346 (0.86337)	
[2025-05-12 10:50:22,197][       train.py][line: 400][    INFO] Epoch: [20/200]	Iter: [394/4000]	Loss 0.84559 (0.81926)	
[2025-05-12 10:50:24,587][       train.py][line: 400][    INFO] Epoch: [20/200]	Iter: [396/4000]	Loss 0.84680 (0.81927)	
[2025-05-12 10:50:26,986][       train.py][line: 400][    INFO] Epoch: [20/200]	Iter: [398/4000]	Loss 0.82026 (0.83748)	
[2025-05-12 10:50:28,803][       train.py][line: 400][    INFO] Epoch: [20/200]	Iter: [400/4000]	Loss 0.92236 (0.88742)	
[2025-05-12 10:50:58,312][       train.py][line: 283][    INFO] (brats-met): Epoch: 20, image auroc: 0.8651, pixel_auroc: 0.9245,
[2025-05-12 10:50:58,312][       train.py][line: 302][    INFO] (brats-met best): image auroc: 0.8946, pixel auroc: 0.9466,
[2025-05-12 10:51:07,375][       train.py][line: 400][    INFO] Epoch: [21/200]	Iter: [402/4000]	Loss 0.75708 (0.75647)	
[2025-05-12 10:51:09,640][       train.py][line: 400][    INFO] Epoch: [21/200]	Iter: [404/4000]	Loss 0.73927 (0.76308)	
[2025-05-12 10:51:11,911][       train.py][line: 400][    INFO] Epoch: [21/200]	Iter: [406/4000]	Loss 0.67694 (0.74691)	
[2025-05-12 10:51:14,191][       train.py][line: 400][    INFO] Epoch: [21/200]	Iter: [408/4000]	Loss 0.89710 (0.84703)	
[2025-05-12 10:51:16,487][       train.py][line: 400][    INFO] Epoch: [21/200]	Iter: [410/4000]	Loss 0.76667 (0.79866)	
[2025-05-12 10:51:18,791][       train.py][line: 400][    INFO] Epoch: [21/200]	Iter: [412/4000]	Loss 0.76936 (0.79045)	
[2025-05-12 10:51:21,101][       train.py][line: 400][    INFO] Epoch: [21/200]	Iter: [414/4000]	Loss 0.76958 (0.77458)	
[2025-05-12 10:51:23,412][       train.py][line: 400][    INFO] Epoch: [21/200]	Iter: [416/4000]	Loss 0.76593 (0.75201)	
[2025-05-12 10:51:25,739][       train.py][line: 400][    INFO] Epoch: [21/200]	Iter: [418/4000]	Loss 0.82132 (0.84248)	
[2025-05-12 10:51:27,502][       train.py][line: 400][    INFO] Epoch: [21/200]	Iter: [420/4000]	Loss 0.92180 (0.85236)	
[2025-05-12 10:51:37,223][       train.py][line: 400][    INFO] Epoch: [22/200]	Iter: [422/4000]	Loss 0.81063 (0.77415)	
[2025-05-12 10:51:39,525][       train.py][line: 400][    INFO] Epoch: [22/200]	Iter: [424/4000]	Loss 0.83623 (0.81163)	
[2025-05-12 10:51:41,853][       train.py][line: 400][    INFO] Epoch: [22/200]	Iter: [426/4000]	Loss 0.77369 (0.79034)	
[2025-05-12 10:51:44,183][       train.py][line: 400][    INFO] Epoch: [22/200]	Iter: [428/4000]	Loss 0.83023 (0.84438)	
[2025-05-12 10:51:46,535][       train.py][line: 400][    INFO] Epoch: [22/200]	Iter: [430/4000]	Loss 0.77866 (0.80794)	
[2025-05-12 10:51:48,893][       train.py][line: 400][    INFO] Epoch: [22/200]	Iter: [432/4000]	Loss 0.84510 (0.84916)	
[2025-05-12 10:51:51,263][       train.py][line: 400][    INFO] Epoch: [22/200]	Iter: [434/4000]	Loss 0.86058 (0.83337)	
[2025-05-12 10:51:53,638][       train.py][line: 400][    INFO] Epoch: [22/200]	Iter: [436/4000]	Loss 0.81856 (0.83027)	
[2025-05-12 10:51:56,024][       train.py][line: 400][    INFO] Epoch: [22/200]	Iter: [438/4000]	Loss 0.85443 (0.82838)	
[2025-05-12 10:51:57,829][       train.py][line: 400][    INFO] Epoch: [22/200]	Iter: [440/4000]	Loss 0.78059 (0.77681)	
[2025-05-12 10:52:07,541][       train.py][line: 400][    INFO] Epoch: [23/200]	Iter: [442/4000]	Loss 0.79862 (0.80167)	
[2025-05-12 10:52:09,864][       train.py][line: 400][    INFO] Epoch: [23/200]	Iter: [444/4000]	Loss 0.75058 (0.77584)	
[2025-05-12 10:52:12,196][       train.py][line: 400][    INFO] Epoch: [23/200]	Iter: [446/4000]	Loss 0.82242 (0.84699)	
[2025-05-12 10:52:14,540][       train.py][line: 400][    INFO] Epoch: [23/200]	Iter: [448/4000]	Loss 0.79884 (0.80631)	
[2025-05-12 10:52:16,895][       train.py][line: 400][    INFO] Epoch: [23/200]	Iter: [450/4000]	Loss 0.87210 (0.86348)	
[2025-05-12 10:52:19,255][       train.py][line: 400][    INFO] Epoch: [23/200]	Iter: [452/4000]	Loss 0.86697 (0.82367)	
[2025-05-12 10:52:21,623][       train.py][line: 400][    INFO] Epoch: [23/200]	Iter: [454/4000]	Loss 0.89573 (0.87605)	
[2025-05-12 10:52:23,996][       train.py][line: 400][    INFO] Epoch: [23/200]	Iter: [456/4000]	Loss 0.75001 (0.73912)	
[2025-05-12 10:52:26,373][       train.py][line: 400][    INFO] Epoch: [23/200]	Iter: [458/4000]	Loss 0.87468 (0.84778)	
[2025-05-12 10:52:28,169][       train.py][line: 400][    INFO] Epoch: [23/200]	Iter: [460/4000]	Loss 0.79314 (0.77535)	
[2025-05-12 10:52:37,675][       train.py][line: 400][    INFO] Epoch: [24/200]	Iter: [462/4000]	Loss 0.78845 (0.78694)	
[2025-05-12 10:52:39,987][       train.py][line: 400][    INFO] Epoch: [24/200]	Iter: [464/4000]	Loss 0.79480 (0.81675)	
[2025-05-12 10:52:42,313][       train.py][line: 400][    INFO] Epoch: [24/200]	Iter: [466/4000]	Loss 0.69957 (0.74725)	
[2025-05-12 10:52:44,650][       train.py][line: 400][    INFO] Epoch: [24/200]	Iter: [468/4000]	Loss 0.79733 (0.80779)	
[2025-05-12 10:52:46,990][       train.py][line: 400][    INFO] Epoch: [24/200]	Iter: [470/4000]	Loss 0.76022 (0.79363)	
[2025-05-12 10:52:49,338][       train.py][line: 400][    INFO] Epoch: [24/200]	Iter: [472/4000]	Loss 0.84797 (0.85231)	
[2025-05-12 10:52:51,690][       train.py][line: 400][    INFO] Epoch: [24/200]	Iter: [474/4000]	Loss 0.83482 (0.83525)	
[2025-05-12 10:52:54,045][       train.py][line: 400][    INFO] Epoch: [24/200]	Iter: [476/4000]	Loss 0.78783 (0.78275)	
[2025-05-12 10:52:56,404][       train.py][line: 400][    INFO] Epoch: [24/200]	Iter: [478/4000]	Loss 0.86789 (0.79583)	
[2025-05-12 10:52:58,193][       train.py][line: 400][    INFO] Epoch: [24/200]	Iter: [480/4000]	Loss 0.65259 (0.72290)	
[2025-05-12 10:53:08,235][       train.py][line: 400][    INFO] Epoch: [25/200]	Iter: [482/4000]	Loss 0.74835 (0.76528)	
[2025-05-12 10:53:10,543][       train.py][line: 400][    INFO] Epoch: [25/200]	Iter: [484/4000]	Loss 0.73362 (0.78646)	
[2025-05-12 10:53:12,868][       train.py][line: 400][    INFO] Epoch: [25/200]	Iter: [486/4000]	Loss 0.79704 (0.78262)	
[2025-05-12 10:53:15,200][       train.py][line: 400][    INFO] Epoch: [25/200]	Iter: [488/4000]	Loss 0.74208 (0.79032)	
[2025-05-12 10:53:17,542][       train.py][line: 400][    INFO] Epoch: [25/200]	Iter: [490/4000]	Loss 0.81213 (0.80650)	
[2025-05-12 10:53:19,889][       train.py][line: 400][    INFO] Epoch: [25/200]	Iter: [492/4000]	Loss 0.82186 (0.80294)	
[2025-05-12 10:53:22,253][       train.py][line: 400][    INFO] Epoch: [25/200]	Iter: [494/4000]	Loss 0.80093 (0.81967)	
[2025-05-12 10:53:24,612][       train.py][line: 400][    INFO] Epoch: [25/200]	Iter: [496/4000]	Loss 0.79219 (0.77560)	
[2025-05-12 10:53:26,978][       train.py][line: 400][    INFO] Epoch: [25/200]	Iter: [498/4000]	Loss 0.83404 (0.82604)	
[2025-05-12 10:53:28,779][       train.py][line: 400][    INFO] Epoch: [25/200]	Iter: [500/4000]	Loss 0.90824 (0.85166)	
[2025-05-12 10:53:58,435][       train.py][line: 283][    INFO] (brats-met): Epoch: 25, image auroc: 0.8658, pixel_auroc: 0.9141,
[2025-05-12 10:53:58,436][       train.py][line: 302][    INFO] (brats-met best): image auroc: 0.8946, pixel auroc: 0.9466,
[2025-05-12 10:54:07,608][       train.py][line: 400][    INFO] Epoch: [26/200]	Iter: [502/4000]	Loss 0.73895 (0.77112)	
[2025-05-12 10:54:09,878][       train.py][line: 400][    INFO] Epoch: [26/200]	Iter: [504/4000]	Loss 0.75983 (0.75526)	
[2025-05-12 10:54:12,158][       train.py][line: 400][    INFO] Epoch: [26/200]	Iter: [506/4000]	Loss 0.77714 (0.78730)	
[2025-05-12 10:54:14,451][       train.py][line: 400][    INFO] Epoch: [26/200]	Iter: [508/4000]	Loss 0.85165 (0.82247)	
[2025-05-12 10:54:16,759][       train.py][line: 400][    INFO] Epoch: [26/200]	Iter: [510/4000]	Loss 0.77517 (0.79557)	
[2025-05-12 10:54:19,077][       train.py][line: 400][    INFO] Epoch: [26/200]	Iter: [512/4000]	Loss 0.79542 (0.82797)	
[2025-05-12 10:54:21,400][       train.py][line: 400][    INFO] Epoch: [26/200]	Iter: [514/4000]	Loss 0.82767 (0.82918)	
[2025-05-12 10:54:23,739][       train.py][line: 400][    INFO] Epoch: [26/200]	Iter: [516/4000]	Loss 0.76900 (0.78436)	
[2025-05-12 10:54:26,089][       train.py][line: 400][    INFO] Epoch: [26/200]	Iter: [518/4000]	Loss 0.80586 (0.83266)	
[2025-05-12 10:54:27,871][       train.py][line: 400][    INFO] Epoch: [26/200]	Iter: [520/4000]	Loss 0.78260 (0.75562)	
[2025-05-12 10:54:37,622][       train.py][line: 400][    INFO] Epoch: [27/200]	Iter: [522/4000]	Loss 0.76162 (0.78216)	
[2025-05-12 10:54:39,955][       train.py][line: 400][    INFO] Epoch: [27/200]	Iter: [524/4000]	Loss 0.81550 (0.79653)	
[2025-05-12 10:54:42,301][       train.py][line: 400][    INFO] Epoch: [27/200]	Iter: [526/4000]	Loss 0.87365 (0.81764)	
[2025-05-12 10:54:44,653][       train.py][line: 400][    INFO] Epoch: [27/200]	Iter: [528/4000]	Loss 0.82939 (0.84705)	
[2025-05-12 10:54:47,017][       train.py][line: 400][    INFO] Epoch: [27/200]	Iter: [530/4000]	Loss 0.79314 (0.80325)	
[2025-05-12 10:54:49,384][       train.py][line: 400][    INFO] Epoch: [27/200]	Iter: [532/4000]	Loss 0.74119 (0.78469)	
[2025-05-12 10:54:51,762][       train.py][line: 400][    INFO] Epoch: [27/200]	Iter: [534/4000]	Loss 0.82733 (0.84271)	
[2025-05-12 10:54:54,138][       train.py][line: 400][    INFO] Epoch: [27/200]	Iter: [536/4000]	Loss 0.80089 (0.77083)	
[2025-05-12 10:54:56,519][       train.py][line: 400][    INFO] Epoch: [27/200]	Iter: [538/4000]	Loss 0.77380 (0.75848)	
[2025-05-12 10:54:58,328][       train.py][line: 400][    INFO] Epoch: [27/200]	Iter: [540/4000]	Loss 0.77606 (0.79185)	
[2025-05-12 10:55:08,355][       train.py][line: 400][    INFO] Epoch: [28/200]	Iter: [542/4000]	Loss 0.80299 (0.81897)	
[2025-05-12 10:55:10,672][       train.py][line: 400][    INFO] Epoch: [28/200]	Iter: [544/4000]	Loss 0.80345 (0.79457)	
[2025-05-12 10:55:13,000][       train.py][line: 400][    INFO] Epoch: [28/200]	Iter: [546/4000]	Loss 0.81183 (0.84413)	
[2025-05-12 10:55:15,331][       train.py][line: 400][    INFO] Epoch: [28/200]	Iter: [548/4000]	Loss 0.79633 (0.78810)	
[2025-05-12 10:55:17,663][       train.py][line: 400][    INFO] Epoch: [28/200]	Iter: [550/4000]	Loss 0.82071 (0.83749)	
[2025-05-12 10:55:20,005][       train.py][line: 400][    INFO] Epoch: [28/200]	Iter: [552/4000]	Loss 0.80697 (0.83373)	
[2025-05-12 10:55:22,341][       train.py][line: 400][    INFO] Epoch: [28/200]	Iter: [554/4000]	Loss 0.83512 (0.83888)	
[2025-05-12 10:55:24,687][       train.py][line: 400][    INFO] Epoch: [28/200]	Iter: [556/4000]	Loss 0.71637 (0.73169)	
[2025-05-12 10:55:27,035][       train.py][line: 400][    INFO] Epoch: [28/200]	Iter: [558/4000]	Loss 0.69464 (0.75599)	
[2025-05-12 10:55:28,820][       train.py][line: 400][    INFO] Epoch: [28/200]	Iter: [560/4000]	Loss 0.81539 (0.83182)	
[2025-05-12 10:55:38,673][       train.py][line: 400][    INFO] Epoch: [29/200]	Iter: [562/4000]	Loss 0.78151 (0.79400)	
[2025-05-12 10:55:40,979][       train.py][line: 400][    INFO] Epoch: [29/200]	Iter: [564/4000]	Loss 0.81706 (0.82710)	
[2025-05-12 10:55:43,290][       train.py][line: 400][    INFO] Epoch: [29/200]	Iter: [566/4000]	Loss 0.75383 (0.76848)	
[2025-05-12 10:55:45,613][       train.py][line: 400][    INFO] Epoch: [29/200]	Iter: [568/4000]	Loss 0.78673 (0.83619)	
[2025-05-12 10:55:47,933][       train.py][line: 400][    INFO] Epoch: [29/200]	Iter: [570/4000]	Loss 0.84497 (0.81173)	
[2025-05-12 10:55:50,274][       train.py][line: 400][    INFO] Epoch: [29/200]	Iter: [572/4000]	Loss 0.82265 (0.81769)	
[2025-05-12 10:55:52,622][       train.py][line: 400][    INFO] Epoch: [29/200]	Iter: [574/4000]	Loss 0.82348 (0.78923)	
[2025-05-12 10:55:54,971][       train.py][line: 400][    INFO] Epoch: [29/200]	Iter: [576/4000]	Loss 0.75174 (0.76886)	
[2025-05-12 10:55:57,332][       train.py][line: 400][    INFO] Epoch: [29/200]	Iter: [578/4000]	Loss 0.77874 (0.79246)	
[2025-05-12 10:55:59,127][       train.py][line: 400][    INFO] Epoch: [29/200]	Iter: [580/4000]	Loss 0.83379 (0.78567)	
[2025-05-12 10:56:09,133][       train.py][line: 400][    INFO] Epoch: [30/200]	Iter: [582/4000]	Loss 0.74082 (0.72641)	
[2025-05-12 10:56:11,453][       train.py][line: 400][    INFO] Epoch: [30/200]	Iter: [584/4000]	Loss 0.78673 (0.81016)	
[2025-05-12 10:56:13,800][       train.py][line: 400][    INFO] Epoch: [30/200]	Iter: [586/4000]	Loss 0.85081 (0.83224)	
[2025-05-12 10:56:16,152][       train.py][line: 400][    INFO] Epoch: [30/200]	Iter: [588/4000]	Loss 0.75503 (0.78853)	
[2025-05-12 10:56:18,513][       train.py][line: 400][    INFO] Epoch: [30/200]	Iter: [590/4000]	Loss 0.77872 (0.80273)	
[2025-05-12 10:56:20,883][       train.py][line: 400][    INFO] Epoch: [30/200]	Iter: [592/4000]	Loss 0.80493 (0.79225)	
[2025-05-12 10:56:23,265][       train.py][line: 400][    INFO] Epoch: [30/200]	Iter: [594/4000]	Loss 0.78319 (0.77087)	
[2025-05-12 10:56:25,652][       train.py][line: 400][    INFO] Epoch: [30/200]	Iter: [596/4000]	Loss 0.80808 (0.81969)	
[2025-05-12 10:56:28,043][       train.py][line: 400][    INFO] Epoch: [30/200]	Iter: [598/4000]	Loss 0.80528 (0.80770)	
[2025-05-12 10:56:29,850][       train.py][line: 400][    INFO] Epoch: [30/200]	Iter: [600/4000]	Loss 0.65408 (0.75037)	
[2025-05-12 10:56:59,771][       train.py][line: 283][    INFO] (brats-met): Epoch: 30, image auroc: 0.8592, pixel_auroc: 0.9133,
[2025-05-12 10:56:59,771][       train.py][line: 302][    INFO] (brats-met best): image auroc: 0.8946, pixel auroc: 0.9466,
[2025-05-12 10:57:09,289][       train.py][line: 400][    INFO] Epoch: [31/200]	Iter: [602/4000]	Loss 0.72717 (0.75631)	
[2025-05-12 10:57:11,555][       train.py][line: 400][    INFO] Epoch: [31/200]	Iter: [604/4000]	Loss 0.76433 (0.78644)	
[2025-05-12 10:57:13,834][       train.py][line: 400][    INFO] Epoch: [31/200]	Iter: [606/4000]	Loss 0.82838 (0.79205)	
[2025-05-12 10:57:16,132][       train.py][line: 400][    INFO] Epoch: [31/200]	Iter: [608/4000]	Loss 0.91533 (0.90948)	
[2025-05-12 10:57:18,449][       train.py][line: 400][    INFO] Epoch: [31/200]	Iter: [610/4000]	Loss 0.81296 (0.80529)	
[2025-05-12 10:57:20,781][       train.py][line: 400][    INFO] Epoch: [31/200]	Iter: [612/4000]	Loss 0.80523 (0.79988)	
[2025-05-12 10:57:23,124][       train.py][line: 400][    INFO] Epoch: [31/200]	Iter: [614/4000]	Loss 0.78752 (0.82399)	
[2025-05-12 10:57:25,484][       train.py][line: 400][    INFO] Epoch: [31/200]	Iter: [616/4000]	Loss 0.75464 (0.79141)	
[2025-05-12 10:57:27,856][       train.py][line: 400][    INFO] Epoch: [31/200]	Iter: [618/4000]	Loss 0.84230 (0.84840)	
[2025-05-12 10:57:29,657][       train.py][line: 400][    INFO] Epoch: [31/200]	Iter: [620/4000]	Loss 0.84907 (0.81747)	
[2025-05-12 10:57:39,469][       train.py][line: 400][    INFO] Epoch: [32/200]	Iter: [622/4000]	Loss 0.81070 (0.82804)	
[2025-05-12 10:57:41,819][       train.py][line: 400][    INFO] Epoch: [32/200]	Iter: [624/4000]	Loss 0.84345 (0.84870)	
[2025-05-12 10:57:44,170][       train.py][line: 400][    INFO] Epoch: [32/200]	Iter: [626/4000]	Loss 0.90164 (0.82293)	
[2025-05-12 10:57:46,535][       train.py][line: 400][    INFO] Epoch: [32/200]	Iter: [628/4000]	Loss 0.75765 (0.78559)	
[2025-05-12 10:57:48,914][       train.py][line: 400][    INFO] Epoch: [32/200]	Iter: [630/4000]	Loss 0.77193 (0.81406)	
[2025-05-12 10:57:51,293][       train.py][line: 400][    INFO] Epoch: [32/200]	Iter: [632/4000]	Loss 0.85276 (0.85783)	
[2025-05-12 10:57:53,685][       train.py][line: 400][    INFO] Epoch: [32/200]	Iter: [634/4000]	Loss 0.78960 (0.81787)	
[2025-05-12 10:57:56,081][       train.py][line: 400][    INFO] Epoch: [32/200]	Iter: [636/4000]	Loss 0.84755 (0.82951)	
[2025-05-12 10:57:58,480][       train.py][line: 400][    INFO] Epoch: [32/200]	Iter: [638/4000]	Loss 0.87369 (0.85004)	
[2025-05-12 10:58:00,306][       train.py][line: 400][    INFO] Epoch: [32/200]	Iter: [640/4000]	Loss 0.73883 (0.78544)	
[2025-05-12 10:58:10,252][       train.py][line: 400][    INFO] Epoch: [33/200]	Iter: [642/4000]	Loss 0.76238 (0.80140)	
[2025-05-12 10:58:12,567][       train.py][line: 400][    INFO] Epoch: [33/200]	Iter: [644/4000]	Loss 0.81703 (0.87024)	
[2025-05-12 10:58:14,893][       train.py][line: 400][    INFO] Epoch: [33/200]	Iter: [646/4000]	Loss 0.68317 (0.73390)	
[2025-05-12 10:58:17,216][       train.py][line: 400][    INFO] Epoch: [33/200]	Iter: [648/4000]	Loss 0.87780 (0.84372)	
[2025-05-12 10:58:19,551][       train.py][line: 400][    INFO] Epoch: [33/200]	Iter: [650/4000]	Loss 0.74453 (0.76126)	
[2025-05-12 10:58:21,887][       train.py][line: 400][    INFO] Epoch: [33/200]	Iter: [652/4000]	Loss 0.77243 (0.74536)	
[2025-05-12 10:58:24,223][       train.py][line: 400][    INFO] Epoch: [33/200]	Iter: [654/4000]	Loss 0.83139 (0.82552)	
[2025-05-12 10:58:26,554][       train.py][line: 400][    INFO] Epoch: [33/200]	Iter: [656/4000]	Loss 0.78236 (0.78920)	
[2025-05-12 10:58:28,895][       train.py][line: 400][    INFO] Epoch: [33/200]	Iter: [658/4000]	Loss 0.77628 (0.81291)	
[2025-05-12 10:58:30,663][       train.py][line: 400][    INFO] Epoch: [33/200]	Iter: [660/4000]	Loss 0.72966 (0.78093)	
[2025-05-12 10:58:40,520][       train.py][line: 400][    INFO] Epoch: [34/200]	Iter: [662/4000]	Loss 0.78907 (0.79226)	
[2025-05-12 10:58:42,806][       train.py][line: 400][    INFO] Epoch: [34/200]	Iter: [664/4000]	Loss 0.85606 (0.80652)	
[2025-05-12 10:58:45,101][       train.py][line: 400][    INFO] Epoch: [34/200]	Iter: [666/4000]	Loss 0.82389 (0.82870)	
[2025-05-12 10:58:47,410][       train.py][line: 400][    INFO] Epoch: [34/200]	Iter: [668/4000]	Loss 0.73844 (0.75690)	
[2025-05-12 10:58:49,722][       train.py][line: 400][    INFO] Epoch: [34/200]	Iter: [670/4000]	Loss 0.83254 (0.83467)	
[2025-05-12 10:58:52,043][       train.py][line: 400][    INFO] Epoch: [34/200]	Iter: [672/4000]	Loss 0.76840 (0.79918)	
[2025-05-12 10:58:54,369][       train.py][line: 400][    INFO] Epoch: [34/200]	Iter: [674/4000]	Loss 0.77123 (0.80186)	
[2025-05-12 10:58:56,707][       train.py][line: 400][    INFO] Epoch: [34/200]	Iter: [676/4000]	Loss 0.77062 (0.79466)	
[2025-05-12 10:58:59,038][       train.py][line: 400][    INFO] Epoch: [34/200]	Iter: [678/4000]	Loss 0.81090 (0.83684)	
[2025-05-12 10:59:00,812][       train.py][line: 400][    INFO] Epoch: [34/200]	Iter: [680/4000]	Loss 0.75619 (0.76043)	
[2025-05-12 10:59:10,820][       train.py][line: 400][    INFO] Epoch: [35/200]	Iter: [682/4000]	Loss 0.69585 (0.72852)	
[2025-05-12 10:59:13,132][       train.py][line: 400][    INFO] Epoch: [35/200]	Iter: [684/4000]	Loss 0.83568 (0.81857)	
[2025-05-12 10:59:15,452][       train.py][line: 400][    INFO] Epoch: [35/200]	Iter: [686/4000]	Loss 0.82797 (0.82209)	
[2025-05-12 10:59:17,781][       train.py][line: 400][    INFO] Epoch: [35/200]	Iter: [688/4000]	Loss 0.78244 (0.79719)	
[2025-05-12 10:59:20,127][       train.py][line: 400][    INFO] Epoch: [35/200]	Iter: [690/4000]	Loss 0.82602 (0.76540)	
[2025-05-12 10:59:22,478][       train.py][line: 400][    INFO] Epoch: [35/200]	Iter: [692/4000]	Loss 0.75761 (0.76827)	
[2025-05-12 10:59:24,836][       train.py][line: 400][    INFO] Epoch: [35/200]	Iter: [694/4000]	Loss 0.80845 (0.81218)	
[2025-05-12 10:59:27,204][       train.py][line: 400][    INFO] Epoch: [35/200]	Iter: [696/4000]	Loss 0.75460 (0.77366)	
[2025-05-12 10:59:29,584][       train.py][line: 400][    INFO] Epoch: [35/200]	Iter: [698/4000]	Loss 0.77559 (0.82053)	
[2025-05-12 10:59:31,396][       train.py][line: 400][    INFO] Epoch: [35/200]	Iter: [700/4000]	Loss 0.82904 (0.83024)	
[2025-05-12 11:00:01,411][       train.py][line: 283][    INFO] (brats-met): Epoch: 35, image auroc: 0.8866, pixel_auroc: 0.9209,
[2025-05-12 11:00:01,412][       train.py][line: 302][    INFO] (brats-met best): image auroc: 0.8946, pixel auroc: 0.9466,
[2025-05-12 11:00:10,954][       train.py][line: 400][    INFO] Epoch: [36/200]	Iter: [702/4000]	Loss 0.72795 (0.76944)	
[2025-05-12 11:00:13,209][       train.py][line: 400][    INFO] Epoch: [36/200]	Iter: [704/4000]	Loss 0.84527 (0.81838)	
[2025-05-12 11:00:15,493][       train.py][line: 400][    INFO] Epoch: [36/200]	Iter: [706/4000]	Loss 0.84401 (0.84137)	
[2025-05-12 11:00:17,790][       train.py][line: 400][    INFO] Epoch: [36/200]	Iter: [708/4000]	Loss 0.80744 (0.81713)	
[2025-05-12 11:00:20,093][       train.py][line: 400][    INFO] Epoch: [36/200]	Iter: [710/4000]	Loss 0.71293 (0.74431)	
[2025-05-12 11:00:22,417][       train.py][line: 400][    INFO] Epoch: [36/200]	Iter: [712/4000]	Loss 0.87857 (0.87561)	
[2025-05-12 11:00:24,746][       train.py][line: 400][    INFO] Epoch: [36/200]	Iter: [714/4000]	Loss 0.77087 (0.75650)	
[2025-05-12 11:00:27,086][       train.py][line: 400][    INFO] Epoch: [36/200]	Iter: [716/4000]	Loss 0.91738 (0.80621)	
[2025-05-12 11:00:29,429][       train.py][line: 400][    INFO] Epoch: [36/200]	Iter: [718/4000]	Loss 0.75864 (0.79175)	
[2025-05-12 11:00:31,205][       train.py][line: 400][    INFO] Epoch: [36/200]	Iter: [720/4000]	Loss 0.78754 (0.78506)	
[2025-05-12 11:00:41,281][       train.py][line: 400][    INFO] Epoch: [37/200]	Iter: [722/4000]	Loss 0.83939 (0.81324)	
[2025-05-12 11:00:43,604][       train.py][line: 400][    INFO] Epoch: [37/200]	Iter: [724/4000]	Loss 0.82291 (0.83947)	
[2025-05-12 11:00:45,938][       train.py][line: 400][    INFO] Epoch: [37/200]	Iter: [726/4000]	Loss 0.76829 (0.81964)	
[2025-05-12 11:00:48,272][       train.py][line: 400][    INFO] Epoch: [37/200]	Iter: [728/4000]	Loss 0.79159 (0.81520)	
[2025-05-12 11:00:50,624][       train.py][line: 400][    INFO] Epoch: [37/200]	Iter: [730/4000]	Loss 0.78982 (0.78970)	
[2025-05-12 11:00:52,978][       train.py][line: 400][    INFO] Epoch: [37/200]	Iter: [732/4000]	Loss 0.91259 (0.84679)	
[2025-05-12 11:00:55,320][       train.py][line: 400][    INFO] Epoch: [37/200]	Iter: [734/4000]	Loss 0.80984 (0.84413)	
[2025-05-12 11:00:57,681][       train.py][line: 400][    INFO] Epoch: [37/200]	Iter: [736/4000]	Loss 0.83384 (0.80370)	
[2025-05-12 11:01:00,043][       train.py][line: 400][    INFO] Epoch: [37/200]	Iter: [738/4000]	Loss 0.82771 (0.82983)	
[2025-05-12 11:01:01,834][       train.py][line: 400][    INFO] Epoch: [37/200]	Iter: [740/4000]	Loss 0.70462 (0.74484)	
[2025-05-12 11:01:11,760][       train.py][line: 400][    INFO] Epoch: [38/200]	Iter: [742/4000]	Loss 0.82741 (0.82588)	
[2025-05-12 11:01:14,070][       train.py][line: 400][    INFO] Epoch: [38/200]	Iter: [744/4000]	Loss 0.85849 (0.84190)	
[2025-05-12 11:01:16,387][       train.py][line: 400][    INFO] Epoch: [38/200]	Iter: [746/4000]	Loss 0.84342 (0.81520)	
[2025-05-12 11:01:18,710][       train.py][line: 400][    INFO] Epoch: [38/200]	Iter: [748/4000]	Loss 0.78815 (0.84466)	
[2025-05-12 11:01:21,032][       train.py][line: 400][    INFO] Epoch: [38/200]	Iter: [750/4000]	Loss 0.82126 (0.83191)	
[2025-05-12 11:01:23,359][       train.py][line: 400][    INFO] Epoch: [38/200]	Iter: [752/4000]	Loss 0.84013 (0.84359)	
[2025-05-12 11:01:25,690][       train.py][line: 400][    INFO] Epoch: [38/200]	Iter: [754/4000]	Loss 0.85713 (0.87060)	
[2025-05-12 11:01:28,027][       train.py][line: 400][    INFO] Epoch: [38/200]	Iter: [756/4000]	Loss 0.73408 (0.75526)	
[2025-05-12 11:01:30,372][       train.py][line: 400][    INFO] Epoch: [38/200]	Iter: [758/4000]	Loss 0.72032 (0.73259)	
[2025-05-12 11:01:32,139][       train.py][line: 400][    INFO] Epoch: [38/200]	Iter: [760/4000]	Loss 0.93026 (0.88430)	
[2025-05-12 11:01:41,708][       train.py][line: 400][    INFO] Epoch: [39/200]	Iter: [762/4000]	Loss 0.82407 (0.85243)	
[2025-05-12 11:01:44,021][       train.py][line: 400][    INFO] Epoch: [39/200]	Iter: [764/4000]	Loss 0.77637 (0.78150)	
[2025-05-12 11:01:46,338][       train.py][line: 400][    INFO] Epoch: [39/200]	Iter: [766/4000]	Loss 0.81794 (0.82988)	
[2025-05-12 11:01:48,667][       train.py][line: 400][    INFO] Epoch: [39/200]	Iter: [768/4000]	Loss 0.84298 (0.85508)	
[2025-05-12 11:01:51,007][       train.py][line: 400][    INFO] Epoch: [39/200]	Iter: [770/4000]	Loss 0.76293 (0.78614)	
[2025-05-12 11:01:53,354][       train.py][line: 400][    INFO] Epoch: [39/200]	Iter: [772/4000]	Loss 0.80595 (0.79018)	
[2025-05-12 11:01:55,706][       train.py][line: 400][    INFO] Epoch: [39/200]	Iter: [774/4000]	Loss 0.77746 (0.76420)	
[2025-05-12 11:01:58,071][       train.py][line: 400][    INFO] Epoch: [39/200]	Iter: [776/4000]	Loss 0.86892 (0.80562)	
[2025-05-12 11:02:00,437][       train.py][line: 400][    INFO] Epoch: [39/200]	Iter: [778/4000]	Loss 0.77585 (0.80934)	
[2025-05-12 11:02:02,242][       train.py][line: 400][    INFO] Epoch: [39/200]	Iter: [780/4000]	Loss 0.91273 (0.85394)	
[2025-05-12 11:02:12,279][       train.py][line: 400][    INFO] Epoch: [40/200]	Iter: [782/4000]	Loss 0.81352 (0.80140)	
[2025-05-12 11:02:14,611][       train.py][line: 400][    INFO] Epoch: [40/200]	Iter: [784/4000]	Loss 0.75906 (0.80616)	
[2025-05-12 11:02:16,949][       train.py][line: 400][    INFO] Epoch: [40/200]	Iter: [786/4000]	Loss 0.86664 (0.81369)	
[2025-05-12 11:02:19,300][       train.py][line: 400][    INFO] Epoch: [40/200]	Iter: [788/4000]	Loss 0.84121 (0.86195)	
[2025-05-12 11:02:21,671][       train.py][line: 400][    INFO] Epoch: [40/200]	Iter: [790/4000]	Loss 0.82386 (0.84466)	
[2025-05-12 11:02:24,038][       train.py][line: 400][    INFO] Epoch: [40/200]	Iter: [792/4000]	Loss 0.82525 (0.83736)	
[2025-05-12 11:02:26,410][       train.py][line: 400][    INFO] Epoch: [40/200]	Iter: [794/4000]	Loss 0.78526 (0.79135)	
[2025-05-12 11:02:28,773][       train.py][line: 400][    INFO] Epoch: [40/200]	Iter: [796/4000]	Loss 0.85129 (0.82923)	
[2025-05-12 11:02:31,140][       train.py][line: 400][    INFO] Epoch: [40/200]	Iter: [798/4000]	Loss 0.80934 (0.76697)	
[2025-05-12 11:02:32,926][       train.py][line: 400][    INFO] Epoch: [40/200]	Iter: [800/4000]	Loss 0.90853 (0.87401)	
[2025-05-12 11:03:02,455][       train.py][line: 283][    INFO] (brats-met): Epoch: 40, image auroc: 0.8780, pixel_auroc: 0.9377,
[2025-05-12 11:03:02,456][       train.py][line: 302][    INFO] (brats-met best): image auroc: 0.8946, pixel auroc: 0.9466,
[2025-05-12 11:03:11,898][       train.py][line: 400][    INFO] Epoch: [41/200]	Iter: [802/4000]	Loss 0.80605 (0.79286)	
[2025-05-12 11:03:14,160][       train.py][line: 400][    INFO] Epoch: [41/200]	Iter: [804/4000]	Loss 0.77532 (0.78460)	
[2025-05-12 11:03:16,437][       train.py][line: 400][    INFO] Epoch: [41/200]	Iter: [806/4000]	Loss 0.78606 (0.78845)	
[2025-05-12 11:03:18,727][       train.py][line: 400][    INFO] Epoch: [41/200]	Iter: [808/4000]	Loss 0.77056 (0.81450)	
[2025-05-12 11:03:21,023][       train.py][line: 400][    INFO] Epoch: [41/200]	Iter: [810/4000]	Loss 0.83810 (0.81241)	
[2025-05-12 11:03:23,332][       train.py][line: 400][    INFO] Epoch: [41/200]	Iter: [812/4000]	Loss 0.90189 (0.88742)	
[2025-05-12 11:03:25,658][       train.py][line: 400][    INFO] Epoch: [41/200]	Iter: [814/4000]	Loss 0.82593 (0.79725)	
[2025-05-12 11:03:27,993][       train.py][line: 400][    INFO] Epoch: [41/200]	Iter: [816/4000]	Loss 0.79095 (0.78079)	
[2025-05-12 11:03:30,341][       train.py][line: 400][    INFO] Epoch: [41/200]	Iter: [818/4000]	Loss 0.78583 (0.80343)	
[2025-05-12 11:03:32,117][       train.py][line: 400][    INFO] Epoch: [41/200]	Iter: [820/4000]	Loss 0.78502 (0.76454)	
[2025-05-12 11:03:41,712][       train.py][line: 400][    INFO] Epoch: [42/200]	Iter: [822/4000]	Loss 0.86921 (0.85705)	
[2025-05-12 11:03:44,042][       train.py][line: 400][    INFO] Epoch: [42/200]	Iter: [824/4000]	Loss 0.74079 (0.79452)	
[2025-05-12 11:03:46,378][       train.py][line: 400][    INFO] Epoch: [42/200]	Iter: [826/4000]	Loss 0.75010 (0.78660)	
[2025-05-12 11:03:48,724][       train.py][line: 400][    INFO] Epoch: [42/200]	Iter: [828/4000]	Loss 0.76405 (0.78230)	
[2025-05-12 11:03:51,079][       train.py][line: 400][    INFO] Epoch: [42/200]	Iter: [830/4000]	Loss 0.87714 (0.83606)	
[2025-05-12 11:03:53,438][       train.py][line: 400][    INFO] Epoch: [42/200]	Iter: [832/4000]	Loss 0.79409 (0.77444)	
[2025-05-12 11:03:55,801][       train.py][line: 400][    INFO] Epoch: [42/200]	Iter: [834/4000]	Loss 0.80791 (0.82520)	
