[2025-05-12 10:02:59,529][       train.py][line: 102][    INFO] load CoOp
[2025-05-12 10:02:59,819][       train.py][line: 200][    INFO] train data (brats-met) len 155
[2025-05-12 10:02:59,819][       train.py][line: 205][    INFO] test data (brats-met) len 300
[2025-05-12 10:02:59,819][       train.py][line: 212][    INFO] anomaly syn task is CutpasteTask, sampling probability is 0.25
[2025-05-12 10:02:59,819][       train.py][line: 212][    INFO] anomaly syn task is GaussIntensityChangeTask, sampling probability is 0.25
[2025-05-12 10:02:59,819][       train.py][line: 212][    INFO] anomaly syn task is SourceTask, sampling probability is 0.25
[2025-05-12 10:02:59,819][       train.py][line: 212][    INFO] anomaly syn task is IdentityTask, sampling probability is 0.25
[2025-05-12 10:03:09,264][       train.py][line: 400][    INFO] Epoch: [1/200]	Iter: [2/2000]	Loss 1.00928 (1.01845)	
[2025-05-12 10:03:11,172][       train.py][line: 400][    INFO] Epoch: [1/200]	Iter: [4/2000]	Loss 0.99783 (1.01131)	
[2025-05-12 10:03:13,083][       train.py][line: 400][    INFO] Epoch: [1/200]	Iter: [6/2000]	Loss 0.93261 (0.96391)	
[2025-05-12 10:03:14,993][       train.py][line: 400][    INFO] Epoch: [1/200]	Iter: [8/2000]	Loss 0.93515 (0.94083)	
[2025-05-12 10:03:16,688][       train.py][line: 400][    INFO] Epoch: [1/200]	Iter: [10/2000]	Loss 0.85643 (0.90087)	
[2025-05-12 10:03:26,542][       train.py][line: 400][    INFO] Epoch: [2/200]	Iter: [12/2000]	Loss 0.87255 (0.90682)	
[2025-05-12 10:03:28,493][       train.py][line: 400][    INFO] Epoch: [2/200]	Iter: [14/2000]	Loss 0.90520 (0.88235)	
[2025-05-12 10:03:30,432][       train.py][line: 400][    INFO] Epoch: [2/200]	Iter: [16/2000]	Loss 0.84470 (0.86886)	
[2025-05-12 10:03:32,387][       train.py][line: 400][    INFO] Epoch: [2/200]	Iter: [18/2000]	Loss 0.84244 (0.87822)	
[2025-05-12 10:03:34,088][       train.py][line: 400][    INFO] Epoch: [2/200]	Iter: [20/2000]	Loss 0.84319 (0.85027)	
[2025-05-12 10:03:43,891][       train.py][line: 400][    INFO] Epoch: [3/200]	Iter: [22/2000]	Loss 0.86087 (0.85437)	
[2025-05-12 10:03:45,851][       train.py][line: 400][    INFO] Epoch: [3/200]	Iter: [24/2000]	Loss 0.84996 (0.87240)	
[2025-05-12 10:03:47,834][       train.py][line: 400][    INFO] Epoch: [3/200]	Iter: [26/2000]	Loss 0.77787 (0.81682)	
[2025-05-12 10:03:49,822][       train.py][line: 400][    INFO] Epoch: [3/200]	Iter: [28/2000]	Loss 0.87585 (0.85211)	
[2025-05-12 10:03:51,564][       train.py][line: 400][    INFO] Epoch: [3/200]	Iter: [30/2000]	Loss 0.88561 (0.86237)	
[2025-05-12 10:04:01,633][       train.py][line: 400][    INFO] Epoch: [4/200]	Iter: [32/2000]	Loss 0.88189 (0.85254)	
[2025-05-12 10:04:03,638][       train.py][line: 400][    INFO] Epoch: [4/200]	Iter: [34/2000]	Loss 0.78476 (0.82270)	
[2025-05-12 10:04:05,652][       train.py][line: 400][    INFO] Epoch: [4/200]	Iter: [36/2000]	Loss 0.89272 (0.89142)	
[2025-05-12 10:04:07,679][       train.py][line: 400][    INFO] Epoch: [4/200]	Iter: [38/2000]	Loss 0.82190 (0.79839)	
[2025-05-12 10:04:09,453][       train.py][line: 400][    INFO] Epoch: [4/200]	Iter: [40/2000]	Loss 0.95707 (0.88309)	
[2025-05-12 10:04:19,133][       train.py][line: 400][    INFO] Epoch: [5/200]	Iter: [42/2000]	Loss 0.83115 (0.83714)	
[2025-05-12 10:04:21,172][       train.py][line: 400][    INFO] Epoch: [5/200]	Iter: [44/2000]	Loss 0.85822 (0.81500)	
[2025-05-12 10:04:23,212][       train.py][line: 400][    INFO] Epoch: [5/200]	Iter: [46/2000]	Loss 0.90624 (0.83697)	
[2025-05-12 10:04:25,270][       train.py][line: 400][    INFO] Epoch: [5/200]	Iter: [48/2000]	Loss 0.90594 (0.84072)	
[2025-05-12 10:04:27,068][       train.py][line: 400][    INFO] Epoch: [5/200]	Iter: [50/2000]	Loss 0.83152 (0.85858)	
[2025-05-12 10:04:54,308][       train.py][line: 283][    INFO] (brats-met): Epoch: 5, image auroc: 0.8726, pixel_auroc: 0.9519,
[2025-05-12 10:04:54,309][       train.py][line: 302][    INFO] (brats-met best): image auroc: 0.8726, pixel auroc: 0.9519,
[2025-05-12 10:04:54,309][       train.py][line: 318][    INFO] save checkpoints in epoch: 5
[2025-05-12 10:05:03,780][       train.py][line: 400][    INFO] Epoch: [6/200]	Iter: [52/2000]	Loss 0.82899 (0.82336)	
[2025-05-12 10:05:05,859][       train.py][line: 400][    INFO] Epoch: [6/200]	Iter: [54/2000]	Loss 0.75775 (0.79862)	
[2025-05-12 10:05:07,944][       train.py][line: 400][    INFO] Epoch: [6/200]	Iter: [56/2000]	Loss 0.84296 (0.83555)	
[2025-05-12 10:05:10,032][       train.py][line: 400][    INFO] Epoch: [6/200]	Iter: [58/2000]	Loss 0.87372 (0.83208)	
[2025-05-12 10:05:11,873][       train.py][line: 400][    INFO] Epoch: [6/200]	Iter: [60/2000]	Loss 0.87305 (0.84224)	
[2025-05-12 10:05:21,618][       train.py][line: 400][    INFO] Epoch: [7/200]	Iter: [62/2000]	Loss 0.83901 (0.85353)	
[2025-05-12 10:05:23,731][       train.py][line: 400][    INFO] Epoch: [7/200]	Iter: [64/2000]	Loss 0.71894 (0.80953)	
[2025-05-12 10:05:25,853][       train.py][line: 400][    INFO] Epoch: [7/200]	Iter: [66/2000]	Loss 0.79310 (0.82071)	
[2025-05-12 10:05:27,986][       train.py][line: 400][    INFO] Epoch: [7/200]	Iter: [68/2000]	Loss 0.83698 (0.82379)	
[2025-05-12 10:05:29,867][       train.py][line: 400][    INFO] Epoch: [7/200]	Iter: [70/2000]	Loss 0.69889 (0.79587)	
[2025-05-12 10:05:39,606][       train.py][line: 400][    INFO] Epoch: [8/200]	Iter: [72/2000]	Loss 0.82946 (0.78201)	
[2025-05-12 10:05:41,740][       train.py][line: 400][    INFO] Epoch: [8/200]	Iter: [74/2000]	Loss 0.80032 (0.77148)	
[2025-05-12 10:05:43,880][       train.py][line: 400][    INFO] Epoch: [8/200]	Iter: [76/2000]	Loss 0.78303 (0.79266)	
[2025-05-12 10:05:46,030][       train.py][line: 400][    INFO] Epoch: [8/200]	Iter: [78/2000]	Loss 0.81418 (0.83253)	
[2025-05-12 10:05:47,924][       train.py][line: 400][    INFO] Epoch: [8/200]	Iter: [80/2000]	Loss 0.81895 (0.81818)	
[2025-05-12 10:05:57,350][       train.py][line: 400][    INFO] Epoch: [9/200]	Iter: [82/2000]	Loss 0.78388 (0.79061)	
[2025-05-12 10:05:59,494][       train.py][line: 400][    INFO] Epoch: [9/200]	Iter: [84/2000]	Loss 0.79974 (0.80538)	
[2025-05-12 10:06:01,648][       train.py][line: 400][    INFO] Epoch: [9/200]	Iter: [86/2000]	Loss 0.80608 (0.76254)	
[2025-05-12 10:06:03,816][       train.py][line: 400][    INFO] Epoch: [9/200]	Iter: [88/2000]	Loss 0.82666 (0.81224)	
[2025-05-12 10:06:05,723][       train.py][line: 400][    INFO] Epoch: [9/200]	Iter: [90/2000]	Loss 0.88758 (0.86669)	
[2025-05-12 10:06:15,227][       train.py][line: 400][    INFO] Epoch: [10/200]	Iter: [92/2000]	Loss 0.82324 (0.81586)	
[2025-05-12 10:06:17,383][       train.py][line: 400][    INFO] Epoch: [10/200]	Iter: [94/2000]	Loss 0.83415 (0.81258)	
[2025-05-12 10:06:19,547][       train.py][line: 400][    INFO] Epoch: [10/200]	Iter: [96/2000]	Loss 0.79735 (0.80843)	
[2025-05-12 10:06:21,720][       train.py][line: 400][    INFO] Epoch: [10/200]	Iter: [98/2000]	Loss 0.83166 (0.83826)	
[2025-05-12 10:06:23,646][       train.py][line: 400][    INFO] Epoch: [10/200]	Iter: [100/2000]	Loss 0.93536 (0.87030)	
[2025-05-12 10:06:51,879][       train.py][line: 283][    INFO] (brats-met): Epoch: 10, image auroc: 0.8664, pixel_auroc: 0.9509,
[2025-05-12 10:06:51,880][       train.py][line: 302][    INFO] (brats-met best): image auroc: 0.8726, pixel auroc: 0.9519,
[2025-05-12 10:07:00,827][       train.py][line: 400][    INFO] Epoch: [11/200]	Iter: [102/2000]	Loss 0.87517 (0.82481)	
[2025-05-12 10:07:03,036][       train.py][line: 400][    INFO] Epoch: [11/200]	Iter: [104/2000]	Loss 0.80314 (0.79685)	
[2025-05-12 10:07:05,261][       train.py][line: 400][    INFO] Epoch: [11/200]	Iter: [106/2000]	Loss 0.83345 (0.77029)	
[2025-05-12 10:07:07,489][       train.py][line: 400][    INFO] Epoch: [11/200]	Iter: [108/2000]	Loss 0.82954 (0.82079)	
[2025-05-12 10:07:09,461][       train.py][line: 400][    INFO] Epoch: [11/200]	Iter: [110/2000]	Loss 0.80679 (0.80285)	
[2025-05-12 10:07:19,283][       train.py][line: 400][    INFO] Epoch: [12/200]	Iter: [112/2000]	Loss 0.85838 (0.85150)	
[2025-05-12 10:07:21,493][       train.py][line: 400][    INFO] Epoch: [12/200]	Iter: [114/2000]	Loss 0.83626 (0.81709)	
[2025-05-12 10:07:23,718][       train.py][line: 400][    INFO] Epoch: [12/200]	Iter: [116/2000]	Loss 0.78713 (0.78652)	
[2025-05-12 10:07:25,954][       train.py][line: 400][    INFO] Epoch: [12/200]	Iter: [118/2000]	Loss 0.76803 (0.83163)	
[2025-05-12 10:07:27,931][       train.py][line: 400][    INFO] Epoch: [12/200]	Iter: [120/2000]	Loss 0.83558 (0.85161)	
[2025-05-12 10:07:37,386][       train.py][line: 400][    INFO] Epoch: [13/200]	Iter: [122/2000]	Loss 0.81840 (0.82837)	
[2025-05-12 10:07:39,609][       train.py][line: 400][    INFO] Epoch: [13/200]	Iter: [124/2000]	Loss 0.80173 (0.75803)	
[2025-05-12 10:07:41,839][       train.py][line: 400][    INFO] Epoch: [13/200]	Iter: [126/2000]	Loss 0.84899 (0.84895)	
[2025-05-12 10:07:44,076][       train.py][line: 400][    INFO] Epoch: [13/200]	Iter: [128/2000]	Loss 0.80705 (0.82024)	
[2025-05-12 10:07:46,066][       train.py][line: 400][    INFO] Epoch: [13/200]	Iter: [130/2000]	Loss 0.89364 (0.85940)	
[2025-05-12 10:07:55,808][       train.py][line: 400][    INFO] Epoch: [14/200]	Iter: [132/2000]	Loss 0.74030 (0.79091)	
[2025-05-12 10:07:58,031][       train.py][line: 400][    INFO] Epoch: [14/200]	Iter: [134/2000]	Loss 0.84523 (0.85991)	
[2025-05-12 10:08:00,272][       train.py][line: 400][    INFO] Epoch: [14/200]	Iter: [136/2000]	Loss 0.85445 (0.78859)	
[2025-05-12 10:08:02,523][       train.py][line: 400][    INFO] Epoch: [14/200]	Iter: [138/2000]	Loss 0.88466 (0.85611)	
[2025-05-12 10:08:04,476][       train.py][line: 400][    INFO] Epoch: [14/200]	Iter: [140/2000]	Loss 0.86482 (0.83664)	
[2025-05-12 10:08:14,164][       train.py][line: 400][    INFO] Epoch: [15/200]	Iter: [142/2000]	Loss 0.79528 (0.81762)	
[2025-05-12 10:08:16,355][       train.py][line: 400][    INFO] Epoch: [15/200]	Iter: [144/2000]	Loss 0.81457 (0.85437)	
[2025-05-12 10:08:18,556][       train.py][line: 400][    INFO] Epoch: [15/200]	Iter: [146/2000]	Loss 0.82787 (0.81020)	
[2025-05-12 10:08:20,760][       train.py][line: 400][    INFO] Epoch: [15/200]	Iter: [148/2000]	Loss 0.82643 (0.82927)	
[2025-05-12 10:08:22,722][       train.py][line: 400][    INFO] Epoch: [15/200]	Iter: [150/2000]	Loss 0.83647 (0.83405)	
[2025-05-12 10:08:51,714][       train.py][line: 283][    INFO] (brats-met): Epoch: 15, image auroc: 0.8489, pixel_auroc: 0.9140,
[2025-05-12 10:08:51,714][       train.py][line: 302][    INFO] (brats-met best): image auroc: 0.8726, pixel auroc: 0.9519,
[2025-05-12 10:09:01,286][       train.py][line: 400][    INFO] Epoch: [16/200]	Iter: [152/2000]	Loss 0.80701 (0.79271)	
[2025-05-12 10:09:03,494][       train.py][line: 400][    INFO] Epoch: [16/200]	Iter: [154/2000]	Loss 0.75722 (0.78541)	
[2025-05-12 10:09:05,708][       train.py][line: 400][    INFO] Epoch: [16/200]	Iter: [156/2000]	Loss 0.83831 (0.84219)	
[2025-05-12 10:09:07,932][       train.py][line: 400][    INFO] Epoch: [16/200]	Iter: [158/2000]	Loss 0.85639 (0.78043)	
[2025-05-12 10:09:09,895][       train.py][line: 400][    INFO] Epoch: [16/200]	Iter: [160/2000]	Loss 0.86392 (0.86171)	
[2025-05-12 10:09:19,607][       train.py][line: 400][    INFO] Epoch: [17/200]	Iter: [162/2000]	Loss 0.79970 (0.80865)	
[2025-05-12 10:09:21,821][       train.py][line: 400][    INFO] Epoch: [17/200]	Iter: [164/2000]	Loss 0.82825 (0.82648)	
[2025-05-12 10:09:24,043][       train.py][line: 400][    INFO] Epoch: [17/200]	Iter: [166/2000]	Loss 0.85267 (0.83764)	
[2025-05-12 10:09:26,273][       train.py][line: 400][    INFO] Epoch: [17/200]	Iter: [168/2000]	Loss 0.80671 (0.81093)	
[2025-05-12 10:09:28,253][       train.py][line: 400][    INFO] Epoch: [17/200]	Iter: [170/2000]	Loss 0.77735 (0.79050)	
[2025-05-12 10:09:37,949][       train.py][line: 400][    INFO] Epoch: [18/200]	Iter: [172/2000]	Loss 0.77153 (0.77914)	
[2025-05-12 10:09:40,163][       train.py][line: 400][    INFO] Epoch: [18/200]	Iter: [174/2000]	Loss 0.79789 (0.79708)	
[2025-05-12 10:09:42,391][       train.py][line: 400][    INFO] Epoch: [18/200]	Iter: [176/2000]	Loss 0.77935 (0.79765)	
[2025-05-12 10:09:44,621][       train.py][line: 400][    INFO] Epoch: [18/200]	Iter: [178/2000]	Loss 0.88231 (0.83949)	
[2025-05-12 10:09:46,599][       train.py][line: 400][    INFO] Epoch: [18/200]	Iter: [180/2000]	Loss 0.88207 (0.88117)	
[2025-05-12 10:09:56,323][       train.py][line: 400][    INFO] Epoch: [19/200]	Iter: [182/2000]	Loss 0.79684 (0.79182)	
[2025-05-12 10:09:58,553][       train.py][line: 400][    INFO] Epoch: [19/200]	Iter: [184/2000]	Loss 0.80736 (0.85092)	
[2025-05-12 10:10:00,783][       train.py][line: 400][    INFO] Epoch: [19/200]	Iter: [186/2000]	Loss 0.82355 (0.77708)	
[2025-05-12 10:10:03,029][       train.py][line: 400][    INFO] Epoch: [19/200]	Iter: [188/2000]	Loss 0.83392 (0.82214)	
[2025-05-12 10:10:05,016][       train.py][line: 400][    INFO] Epoch: [19/200]	Iter: [190/2000]	Loss 0.79452 (0.79036)	
[2025-05-12 10:10:14,700][       train.py][line: 400][    INFO] Epoch: [20/200]	Iter: [192/2000]	Loss 0.79383 (0.82300)	
[2025-05-12 10:10:16,927][       train.py][line: 400][    INFO] Epoch: [20/200]	Iter: [194/2000]	Loss 0.81237 (0.79206)	
[2025-05-12 10:10:19,166][       train.py][line: 400][    INFO] Epoch: [20/200]	Iter: [196/2000]	Loss 0.82680 (0.82837)	
[2025-05-12 10:10:21,410][       train.py][line: 400][    INFO] Epoch: [20/200]	Iter: [198/2000]	Loss 0.81867 (0.78830)	
[2025-05-12 10:10:23,397][       train.py][line: 400][    INFO] Epoch: [20/200]	Iter: [200/2000]	Loss 0.80198 (0.82249)	
[2025-05-12 10:10:52,297][       train.py][line: 283][    INFO] (brats-met): Epoch: 20, image auroc: 0.8530, pixel_auroc: 0.9340,
[2025-05-12 10:10:52,297][       train.py][line: 302][    INFO] (brats-met best): image auroc: 0.8726, pixel auroc: 0.9519,
[2025-05-12 10:11:01,246][       train.py][line: 400][    INFO] Epoch: [21/200]	Iter: [202/2000]	Loss 0.80654 (0.84012)	
[2025-05-12 10:11:03,470][       train.py][line: 400][    INFO] Epoch: [21/200]	Iter: [204/2000]	Loss 0.81115 (0.78827)	
[2025-05-12 10:11:05,700][       train.py][line: 400][    INFO] Epoch: [21/200]	Iter: [206/2000]	Loss 0.75686 (0.77238)	
[2025-05-12 10:11:07,937][       train.py][line: 400][    INFO] Epoch: [21/200]	Iter: [208/2000]	Loss 0.83135 (0.84864)	
[2025-05-12 10:11:09,920][       train.py][line: 400][    INFO] Epoch: [21/200]	Iter: [210/2000]	Loss 0.84447 (0.82494)	
[2025-05-12 10:11:19,788][       train.py][line: 400][    INFO] Epoch: [22/200]	Iter: [212/2000]	Loss 0.86156 (0.80602)	
[2025-05-12 10:11:22,013][       train.py][line: 400][    INFO] Epoch: [22/200]	Iter: [214/2000]	Loss 0.87678 (0.85909)	
[2025-05-12 10:11:24,244][       train.py][line: 400][    INFO] Epoch: [22/200]	Iter: [216/2000]	Loss 0.84511 (0.81892)	
[2025-05-12 10:11:26,483][       train.py][line: 400][    INFO] Epoch: [22/200]	Iter: [218/2000]	Loss 0.82671 (0.78946)	
[2025-05-12 10:11:28,473][       train.py][line: 400][    INFO] Epoch: [22/200]	Iter: [220/2000]	Loss 0.88439 (0.84902)	
[2025-05-12 10:11:38,521][       train.py][line: 400][    INFO] Epoch: [23/200]	Iter: [222/2000]	Loss 0.89247 (0.81369)	
[2025-05-12 10:11:40,743][       train.py][line: 400][    INFO] Epoch: [23/200]	Iter: [224/2000]	Loss 0.86002 (0.81653)	
[2025-05-12 10:11:42,973][       train.py][line: 400][    INFO] Epoch: [23/200]	Iter: [226/2000]	Loss 0.80493 (0.79651)	
[2025-05-12 10:11:45,206][       train.py][line: 400][    INFO] Epoch: [23/200]	Iter: [228/2000]	Loss 0.79880 (0.76323)	
[2025-05-12 10:11:47,190][       train.py][line: 400][    INFO] Epoch: [23/200]	Iter: [230/2000]	Loss 0.88021 (0.83314)	
[2025-05-12 10:11:56,905][       train.py][line: 400][    INFO] Epoch: [24/200]	Iter: [232/2000]	Loss 0.82316 (0.79382)	
[2025-05-12 10:11:59,134][       train.py][line: 400][    INFO] Epoch: [24/200]	Iter: [234/2000]	Loss 0.81641 (0.82480)	
[2025-05-12 10:12:01,375][       train.py][line: 400][    INFO] Epoch: [24/200]	Iter: [236/2000]	Loss 0.73047 (0.74969)	
[2025-05-12 10:12:03,627][       train.py][line: 400][    INFO] Epoch: [24/200]	Iter: [238/2000]	Loss 0.79249 (0.79524)	
[2025-05-12 10:12:05,622][       train.py][line: 400][    INFO] Epoch: [24/200]	Iter: [240/2000]	Loss 0.79652 (0.76619)	
[2025-05-12 10:12:15,414][       train.py][line: 400][    INFO] Epoch: [25/200]	Iter: [242/2000]	Loss 0.69732 (0.76308)	
[2025-05-12 10:12:17,663][       train.py][line: 400][    INFO] Epoch: [25/200]	Iter: [244/2000]	Loss 0.78148 (0.79097)	
[2025-05-12 10:12:19,914][       train.py][line: 400][    INFO] Epoch: [25/200]	Iter: [246/2000]	Loss 0.78832 (0.82301)	
[2025-05-12 10:12:22,179][       train.py][line: 400][    INFO] Epoch: [25/200]	Iter: [248/2000]	Loss 0.79096 (0.78128)	
[2025-05-12 10:12:24,193][       train.py][line: 400][    INFO] Epoch: [25/200]	Iter: [250/2000]	Loss 0.72966 (0.77921)	
[2025-05-12 10:12:53,569][       train.py][line: 283][    INFO] (brats-met): Epoch: 25, image auroc: 0.8506, pixel_auroc: 0.9318,
[2025-05-12 10:12:53,569][       train.py][line: 302][    INFO] (brats-met best): image auroc: 0.8726, pixel auroc: 0.9519,
[2025-05-12 10:13:02,878][       train.py][line: 400][    INFO] Epoch: [26/200]	Iter: [252/2000]	Loss 0.74332 (0.76131)	
[2025-05-12 10:13:05,102][       train.py][line: 400][    INFO] Epoch: [26/200]	Iter: [254/2000]	Loss 0.83049 (0.77451)	
[2025-05-12 10:13:07,337][       train.py][line: 400][    INFO] Epoch: [26/200]	Iter: [256/2000]	Loss 0.82596 (0.83006)	
[2025-05-12 10:13:09,580][       train.py][line: 400][    INFO] Epoch: [26/200]	Iter: [258/2000]	Loss 0.77844 (0.81012)	
[2025-05-12 10:13:11,558][       train.py][line: 400][    INFO] Epoch: [26/200]	Iter: [260/2000]	Loss 0.82579 (0.83387)	
[2025-05-12 10:13:21,204][       train.py][line: 400][    INFO] Epoch: [27/200]	Iter: [262/2000]	Loss 0.78146 (0.84022)	
[2025-05-12 10:13:23,427][       train.py][line: 400][    INFO] Epoch: [27/200]	Iter: [264/2000]	Loss 0.80022 (0.76938)	
[2025-05-12 10:13:25,657][       train.py][line: 400][    INFO] Epoch: [27/200]	Iter: [266/2000]	Loss 0.77438 (0.79831)	
[2025-05-12 10:13:27,896][       train.py][line: 400][    INFO] Epoch: [27/200]	Iter: [268/2000]	Loss 0.79673 (0.81493)	
[2025-05-12 10:13:29,890][       train.py][line: 400][    INFO] Epoch: [27/200]	Iter: [270/2000]	Loss 0.84698 (0.85387)	
[2025-05-12 10:13:39,680][       train.py][line: 400][    INFO] Epoch: [28/200]	Iter: [272/2000]	Loss 0.80936 (0.79537)	
[2025-05-12 10:13:41,912][       train.py][line: 400][    INFO] Epoch: [28/200]	Iter: [274/2000]	Loss 0.82103 (0.79709)	
[2025-05-12 10:13:44,161][       train.py][line: 400][    INFO] Epoch: [28/200]	Iter: [276/2000]	Loss 0.76008 (0.75500)	
[2025-05-12 10:13:46,425][       train.py][line: 400][    INFO] Epoch: [28/200]	Iter: [278/2000]	Loss 0.80160 (0.83812)	
[2025-05-12 10:13:48,433][       train.py][line: 400][    INFO] Epoch: [28/200]	Iter: [280/2000]	Loss 0.87976 (0.85559)	
[2025-05-12 10:13:58,092][       train.py][line: 400][    INFO] Epoch: [29/200]	Iter: [282/2000]	Loss 0.76339 (0.79560)	
[2025-05-12 10:14:00,355][       train.py][line: 400][    INFO] Epoch: [29/200]	Iter: [284/2000]	Loss 0.79653 (0.79325)	
[2025-05-12 10:14:02,621][       train.py][line: 400][    INFO] Epoch: [29/200]	Iter: [286/2000]	Loss 0.74073 (0.75718)	
[2025-05-12 10:14:04,900][       train.py][line: 400][    INFO] Epoch: [29/200]	Iter: [288/2000]	Loss 0.80397 (0.78390)	
[2025-05-12 10:14:06,910][       train.py][line: 400][    INFO] Epoch: [29/200]	Iter: [290/2000]	Loss 0.84181 (0.80511)	
[2025-05-12 10:14:16,366][       train.py][line: 400][    INFO] Epoch: [30/200]	Iter: [292/2000]	Loss 0.79130 (0.79095)	
[2025-05-12 10:14:18,605][       train.py][line: 400][    INFO] Epoch: [30/200]	Iter: [294/2000]	Loss 0.83812 (0.81692)	
[2025-05-12 10:14:20,847][       train.py][line: 400][    INFO] Epoch: [30/200]	Iter: [296/2000]	Loss 0.82728 (0.83007)	
[2025-05-12 10:14:23,108][       train.py][line: 400][    INFO] Epoch: [30/200]	Iter: [298/2000]	Loss 0.85190 (0.82353)	
[2025-05-12 10:14:25,114][       train.py][line: 400][    INFO] Epoch: [30/200]	Iter: [300/2000]	Loss 0.81198 (0.83058)	
[2025-05-12 10:14:54,048][       train.py][line: 283][    INFO] (brats-met): Epoch: 30, image auroc: 0.8617, pixel_auroc: 0.9368,
[2025-05-12 10:14:54,048][       train.py][line: 302][    INFO] (brats-met best): image auroc: 0.8726, pixel auroc: 0.9519,
[2025-05-12 10:15:03,269][       train.py][line: 400][    INFO] Epoch: [31/200]	Iter: [302/2000]	Loss 0.80987 (0.83070)	
[2025-05-12 10:15:05,486][       train.py][line: 400][    INFO] Epoch: [31/200]	Iter: [304/2000]	Loss 0.85471 (0.81979)	
[2025-05-12 10:15:07,714][       train.py][line: 400][    INFO] Epoch: [31/200]	Iter: [306/2000]	Loss 0.76382 (0.75060)	
[2025-05-12 10:15:09,955][       train.py][line: 400][    INFO] Epoch: [31/200]	Iter: [308/2000]	Loss 0.83597 (0.81949)	
[2025-05-12 10:15:11,936][       train.py][line: 400][    INFO] Epoch: [31/200]	Iter: [310/2000]	Loss 0.83282 (0.83253)	
[2025-05-12 10:15:21,658][       train.py][line: 400][    INFO] Epoch: [32/200]	Iter: [312/2000]	Loss 0.78518 (0.78932)	
[2025-05-12 10:15:23,891][       train.py][line: 400][    INFO] Epoch: [32/200]	Iter: [314/2000]	Loss 0.79219 (0.74983)	
[2025-05-12 10:15:26,122][       train.py][line: 400][    INFO] Epoch: [32/200]	Iter: [316/2000]	Loss 0.79164 (0.82386)	
[2025-05-12 10:15:28,367][       train.py][line: 400][    INFO] Epoch: [32/200]	Iter: [318/2000]	Loss 0.80338 (0.80604)	
[2025-05-12 10:15:30,371][       train.py][line: 400][    INFO] Epoch: [32/200]	Iter: [320/2000]	Loss 0.87016 (0.84255)	
[2025-05-12 10:15:40,185][       train.py][line: 400][    INFO] Epoch: [33/200]	Iter: [322/2000]	Loss 0.74498 (0.79619)	
[2025-05-12 10:15:42,425][       train.py][line: 400][    INFO] Epoch: [33/200]	Iter: [324/2000]	Loss 0.77906 (0.81405)	
[2025-05-12 10:15:44,689][       train.py][line: 400][    INFO] Epoch: [33/200]	Iter: [326/2000]	Loss 0.73530 (0.70128)	
[2025-05-12 10:15:46,956][       train.py][line: 400][    INFO] Epoch: [33/200]	Iter: [328/2000]	Loss 0.83715 (0.84138)	
[2025-05-12 10:15:48,971][       train.py][line: 400][    INFO] Epoch: [33/200]	Iter: [330/2000]	Loss 0.88099 (0.86262)	
[2025-05-12 10:15:58,684][       train.py][line: 400][    INFO] Epoch: [34/200]	Iter: [332/2000]	Loss 0.86702 (0.83367)	
[2025-05-12 10:16:00,926][       train.py][line: 400][    INFO] Epoch: [34/200]	Iter: [334/2000]	Loss 0.78430 (0.79602)	
[2025-05-12 10:16:03,187][       train.py][line: 400][    INFO] Epoch: [34/200]	Iter: [336/2000]	Loss 0.83177 (0.82429)	
[2025-05-12 10:16:05,449][       train.py][line: 400][    INFO] Epoch: [34/200]	Iter: [338/2000]	Loss 0.83464 (0.83287)	
[2025-05-12 10:16:07,455][       train.py][line: 400][    INFO] Epoch: [34/200]	Iter: [340/2000]	Loss 0.77528 (0.81394)	
[2025-05-12 10:16:17,320][       train.py][line: 400][    INFO] Epoch: [35/200]	Iter: [342/2000]	Loss 0.78824 (0.77489)	
[2025-05-12 10:16:19,577][       train.py][line: 400][    INFO] Epoch: [35/200]	Iter: [344/2000]	Loss 0.79028 (0.78813)	
[2025-05-12 10:16:21,836][       train.py][line: 400][    INFO] Epoch: [35/200]	Iter: [346/2000]	Loss 0.82591 (0.82988)	
[2025-05-12 10:16:24,102][       train.py][line: 400][    INFO] Epoch: [35/200]	Iter: [348/2000]	Loss 0.73175 (0.77483)	
[2025-05-12 10:16:26,110][       train.py][line: 400][    INFO] Epoch: [35/200]	Iter: [350/2000]	Loss 0.88508 (0.83845)	
[2025-05-12 10:16:55,209][       train.py][line: 283][    INFO] (brats-met): Epoch: 35, image auroc: 0.8194, pixel_auroc: 0.8916,
[2025-05-12 10:16:55,209][       train.py][line: 302][    INFO] (brats-met best): image auroc: 0.8726, pixel auroc: 0.9519,
[2025-05-12 10:17:04,772][       train.py][line: 400][    INFO] Epoch: [36/200]	Iter: [352/2000]	Loss 0.87928 (0.84764)	
[2025-05-12 10:17:07,006][       train.py][line: 400][    INFO] Epoch: [36/200]	Iter: [354/2000]	Loss 0.86408 (0.86353)	
[2025-05-12 10:17:09,246][       train.py][line: 400][    INFO] Epoch: [36/200]	Iter: [356/2000]	Loss 0.76907 (0.80508)	
[2025-05-12 10:17:11,492][       train.py][line: 400][    INFO] Epoch: [36/200]	Iter: [358/2000]	Loss 0.78903 (0.78368)	
[2025-05-12 10:17:13,486][       train.py][line: 400][    INFO] Epoch: [36/200]	Iter: [360/2000]	Loss 0.88442 (0.87700)	
[2025-05-12 10:17:23,393][       train.py][line: 400][    INFO] Epoch: [37/200]	Iter: [362/2000]	Loss 0.83994 (0.81121)	
[2025-05-12 10:17:25,619][       train.py][line: 400][    INFO] Epoch: [37/200]	Iter: [364/2000]	Loss 0.75982 (0.76933)	
[2025-05-12 10:17:27,844][       train.py][line: 400][    INFO] Epoch: [37/200]	Iter: [366/2000]	Loss 0.81420 (0.85053)	
[2025-05-12 10:17:30,090][       train.py][line: 400][    INFO] Epoch: [37/200]	Iter: [368/2000]	Loss 0.76056 (0.81508)	
[2025-05-12 10:17:32,078][       train.py][line: 400][    INFO] Epoch: [37/200]	Iter: [370/2000]	Loss 0.78662 (0.82371)	
[2025-05-12 10:17:41,826][       train.py][line: 400][    INFO] Epoch: [38/200]	Iter: [372/2000]	Loss 0.80679 (0.79950)	
[2025-05-12 10:17:44,052][       train.py][line: 400][    INFO] Epoch: [38/200]	Iter: [374/2000]	Loss 0.73114 (0.75434)	
[2025-05-12 10:17:46,293][       train.py][line: 400][    INFO] Epoch: [38/200]	Iter: [376/2000]	Loss 0.80381 (0.73516)	
[2025-05-12 10:17:48,547][       train.py][line: 400][    INFO] Epoch: [38/200]	Iter: [378/2000]	Loss 0.71902 (0.74782)	
[2025-05-12 10:17:50,541][       train.py][line: 400][    INFO] Epoch: [38/200]	Iter: [380/2000]	Loss 0.83603 (0.83226)	
[2025-05-12 10:18:00,451][       train.py][line: 400][    INFO] Epoch: [39/200]	Iter: [382/2000]	Loss 0.69886 (0.74289)	
[2025-05-12 10:18:02,700][       train.py][line: 400][    INFO] Epoch: [39/200]	Iter: [384/2000]	Loss 0.82656 (0.82098)	
[2025-05-12 10:18:04,952][       train.py][line: 400][    INFO] Epoch: [39/200]	Iter: [386/2000]	Loss 0.72252 (0.77460)	
[2025-05-12 10:18:07,212][       train.py][line: 400][    INFO] Epoch: [39/200]	Iter: [388/2000]	Loss 0.81654 (0.82377)	
[2025-05-12 10:18:09,219][       train.py][line: 400][    INFO] Epoch: [39/200]	Iter: [390/2000]	Loss 0.87132 (0.85363)	
[2025-05-12 10:18:18,806][       train.py][line: 400][    INFO] Epoch: [40/200]	Iter: [392/2000]	Loss 0.90937 (0.90420)	
[2025-05-12 10:18:21,057][       train.py][line: 400][    INFO] Epoch: [40/200]	Iter: [394/2000]	Loss 0.86569 (0.85264)	
[2025-05-12 10:18:23,312][       train.py][line: 400][    INFO] Epoch: [40/200]	Iter: [396/2000]	Loss 0.82545 (0.80332)	
[2025-05-12 10:18:25,576][       train.py][line: 400][    INFO] Epoch: [40/200]	Iter: [398/2000]	Loss 0.78140 (0.77051)	
[2025-05-12 10:18:27,580][       train.py][line: 400][    INFO] Epoch: [40/200]	Iter: [400/2000]	Loss 0.76281 (0.82435)	
[2025-05-12 10:18:56,753][       train.py][line: 283][    INFO] (brats-met): Epoch: 40, image auroc: 0.8662, pixel_auroc: 0.9143,
[2025-05-12 10:18:56,753][       train.py][line: 302][    INFO] (brats-met best): image auroc: 0.8726, pixel auroc: 0.9519,
[2025-05-12 10:19:05,652][       train.py][line: 400][    INFO] Epoch: [41/200]	Iter: [402/2000]	Loss 0.91480 (0.88707)	
[2025-05-12 10:19:07,890][       train.py][line: 400][    INFO] Epoch: [41/200]	Iter: [404/2000]	Loss 0.81387 (0.81645)	
[2025-05-12 10:19:10,146][       train.py][line: 400][    INFO] Epoch: [41/200]	Iter: [406/2000]	Loss 0.84128 (0.85797)	
[2025-05-12 10:19:12,404][       train.py][line: 400][    INFO] Epoch: [41/200]	Iter: [408/2000]	Loss 0.86182 (0.83555)	
[2025-05-12 10:19:14,407][       train.py][line: 400][    INFO] Epoch: [41/200]	Iter: [410/2000]	Loss 0.83782 (0.83407)	
[2025-05-12 10:19:24,124][       train.py][line: 400][    INFO] Epoch: [42/200]	Iter: [412/2000]	Loss 0.85013 (0.83376)	
[2025-05-12 10:19:26,374][       train.py][line: 400][    INFO] Epoch: [42/200]	Iter: [414/2000]	Loss 0.76482 (0.78706)	
[2025-05-12 10:19:28,633][       train.py][line: 400][    INFO] Epoch: [42/200]	Iter: [416/2000]	Loss 0.75067 (0.76476)	
[2025-05-12 10:19:30,896][       train.py][line: 400][    INFO] Epoch: [42/200]	Iter: [418/2000]	Loss 0.84496 (0.81373)	
[2025-05-12 10:19:32,913][       train.py][line: 400][    INFO] Epoch: [42/200]	Iter: [420/2000]	Loss 0.76773 (0.79088)	
[2025-05-12 10:19:42,860][       train.py][line: 400][    INFO] Epoch: [43/200]	Iter: [422/2000]	Loss 0.80470 (0.78960)	
[2025-05-12 10:19:45,105][       train.py][line: 400][    INFO] Epoch: [43/200]	Iter: [424/2000]	Loss 0.82434 (0.82212)	
[2025-05-12 10:19:47,356][       train.py][line: 400][    INFO] Epoch: [43/200]	Iter: [426/2000]	Loss 0.78115 (0.75847)	
[2025-05-12 10:19:49,614][       train.py][line: 400][    INFO] Epoch: [43/200]	Iter: [428/2000]	Loss 0.82749 (0.83459)	
[2025-05-12 10:19:51,616][       train.py][line: 400][    INFO] Epoch: [43/200]	Iter: [430/2000]	Loss 0.87465 (0.78621)	
[2025-05-12 10:20:01,377][       train.py][line: 400][    INFO] Epoch: [44/200]	Iter: [432/2000]	Loss 0.79354 (0.76416)	
[2025-05-12 10:20:03,614][       train.py][line: 400][    INFO] Epoch: [44/200]	Iter: [434/2000]	Loss 0.76911 (0.77983)	
[2025-05-12 10:20:05,849][       train.py][line: 400][    INFO] Epoch: [44/200]	Iter: [436/2000]	Loss 0.69843 (0.78009)	
[2025-05-12 10:20:08,086][       train.py][line: 400][    INFO] Epoch: [44/200]	Iter: [438/2000]	Loss 0.83628 (0.83094)	
[2025-05-12 10:20:10,082][       train.py][line: 400][    INFO] Epoch: [44/200]	Iter: [440/2000]	Loss 0.88909 (0.82242)	
[2025-05-12 10:20:20,052][       train.py][line: 400][    INFO] Epoch: [45/200]	Iter: [442/2000]	Loss 0.83933 (0.80062)	
[2025-05-12 10:20:22,279][       train.py][line: 400][    INFO] Epoch: [45/200]	Iter: [444/2000]	Loss 0.79997 (0.80355)	
[2025-05-12 10:20:24,513][       train.py][line: 400][    INFO] Epoch: [45/200]	Iter: [446/2000]	Loss 0.79489 (0.77099)	
[2025-05-12 10:20:26,753][       train.py][line: 400][    INFO] Epoch: [45/200]	Iter: [448/2000]	Loss 0.84728 (0.85269)	
[2025-05-12 10:20:28,743][       train.py][line: 400][    INFO] Epoch: [45/200]	Iter: [450/2000]	Loss 0.76502 (0.81940)	
[2025-05-12 10:20:57,768][       train.py][line: 283][    INFO] (brats-met): Epoch: 45, image auroc: 0.8483, pixel_auroc: 0.9193,
[2025-05-12 10:20:57,768][       train.py][line: 302][    INFO] (brats-met best): image auroc: 0.8726, pixel auroc: 0.9519,
[2025-05-12 10:21:06,791][       train.py][line: 400][    INFO] Epoch: [46/200]	Iter: [452/2000]	Loss 0.72672 (0.76116)	
[2025-05-12 10:21:09,030][       train.py][line: 400][    INFO] Epoch: [46/200]	Iter: [454/2000]	Loss 0.84111 (0.82618)	
[2025-05-12 10:21:11,285][       train.py][line: 400][    INFO] Epoch: [46/200]	Iter: [456/2000]	Loss 0.73595 (0.76645)	
[2025-05-12 10:21:13,548][       train.py][line: 400][    INFO] Epoch: [46/200]	Iter: [458/2000]	Loss 0.82718 (0.80934)	
[2025-05-12 10:21:15,555][       train.py][line: 400][    INFO] Epoch: [46/200]	Iter: [460/2000]	Loss 0.80247 (0.78946)	
[2025-05-12 10:21:25,304][       train.py][line: 400][    INFO] Epoch: [47/200]	Iter: [462/2000]	Loss 0.81986 (0.80966)	
[2025-05-12 10:21:27,530][       train.py][line: 400][    INFO] Epoch: [47/200]	Iter: [464/2000]	Loss 0.79168 (0.79152)	
[2025-05-12 10:21:29,752][       train.py][line: 400][    INFO] Epoch: [47/200]	Iter: [466/2000]	Loss 0.79730 (0.77558)	
[2025-05-12 10:21:31,996][       train.py][line: 400][    INFO] Epoch: [47/200]	Iter: [468/2000]	Loss 0.81582 (0.81327)	
[2025-05-12 10:21:33,988][       train.py][line: 400][    INFO] Epoch: [47/200]	Iter: [470/2000]	Loss 0.83731 (0.84565)	
[2025-05-12 10:21:43,795][       train.py][line: 400][    INFO] Epoch: [48/200]	Iter: [472/2000]	Loss 0.76202 (0.77498)	
[2025-05-12 10:21:46,022][       train.py][line: 400][    INFO] Epoch: [48/200]	Iter: [474/2000]	Loss 0.83946 (0.79959)	
[2025-05-12 10:21:48,259][       train.py][line: 400][    INFO] Epoch: [48/200]	Iter: [476/2000]	Loss 0.80796 (0.84489)	
[2025-05-12 10:21:50,500][       train.py][line: 400][    INFO] Epoch: [48/200]	Iter: [478/2000]	Loss 0.89058 (0.84047)	
[2025-05-12 10:21:52,487][       train.py][line: 400][    INFO] Epoch: [48/200]	Iter: [480/2000]	Loss 0.88616 (0.85244)	
[2025-05-12 10:22:02,236][       train.py][line: 400][    INFO] Epoch: [49/200]	Iter: [482/2000]	Loss 0.74763 (0.75844)	
[2025-05-12 10:22:04,474][       train.py][line: 400][    INFO] Epoch: [49/200]	Iter: [484/2000]	Loss 0.71383 (0.77647)	
[2025-05-12 10:22:06,715][       train.py][line: 400][    INFO] Epoch: [49/200]	Iter: [486/2000]	Loss 0.78587 (0.76727)	
[2025-05-12 10:22:08,952][       train.py][line: 400][    INFO] Epoch: [49/200]	Iter: [488/2000]	Loss 0.84570 (0.84752)	
[2025-05-12 10:22:10,947][       train.py][line: 400][    INFO] Epoch: [49/200]	Iter: [490/2000]	Loss 0.88908 (0.84831)	
[2025-05-12 10:22:20,832][       train.py][line: 400][    INFO] Epoch: [50/200]	Iter: [492/2000]	Loss 0.86331 (0.81572)	
[2025-05-12 10:22:23,063][       train.py][line: 400][    INFO] Epoch: [50/200]	Iter: [494/2000]	Loss 0.73877 (0.73459)	
[2025-05-12 10:22:25,296][       train.py][line: 400][    INFO] Epoch: [50/200]	Iter: [496/2000]	Loss 0.82794 (0.78193)	
[2025-05-12 10:22:27,548][       train.py][line: 400][    INFO] Epoch: [50/200]	Iter: [498/2000]	Loss 0.86410 (0.87253)	
[2025-05-12 10:22:29,536][       train.py][line: 400][    INFO] Epoch: [50/200]	Iter: [500/2000]	Loss 0.69595 (0.75472)	
[2025-05-12 10:22:58,767][       train.py][line: 283][    INFO] (brats-met): Epoch: 50, image auroc: 0.8543, pixel_auroc: 0.9331,
[2025-05-12 10:22:58,767][       train.py][line: 302][    INFO] (brats-met best): image auroc: 0.8726, pixel auroc: 0.9519,
[2025-05-12 10:23:08,489][       train.py][line: 400][    INFO] Epoch: [51/200]	Iter: [502/2000]	Loss 0.85870 (0.87970)	
[2025-05-12 10:23:10,727][       train.py][line: 400][    INFO] Epoch: [51/200]	Iter: [504/2000]	Loss 0.72528 (0.76259)	
[2025-05-12 10:23:12,978][       train.py][line: 400][    INFO] Epoch: [51/200]	Iter: [506/2000]	Loss 0.76567 (0.73407)	
[2025-05-12 10:23:15,246][       train.py][line: 400][    INFO] Epoch: [51/200]	Iter: [508/2000]	Loss 0.83987 (0.79503)	
[2025-05-12 10:23:17,252][       train.py][line: 400][    INFO] Epoch: [51/200]	Iter: [510/2000]	Loss 0.80656 (0.80701)	
[2025-05-12 10:23:27,154][       train.py][line: 400][    INFO] Epoch: [52/200]	Iter: [512/2000]	Loss 0.76483 (0.78222)	
[2025-05-12 10:23:29,404][       train.py][line: 400][    INFO] Epoch: [52/200]	Iter: [514/2000]	Loss 0.83311 (0.79536)	
[2025-05-12 10:23:31,668][       train.py][line: 400][    INFO] Epoch: [52/200]	Iter: [516/2000]	Loss 0.70493 (0.73889)	
[2025-05-12 10:23:33,930][       train.py][line: 400][    INFO] Epoch: [52/200]	Iter: [518/2000]	Loss 0.83540 (0.85087)	
[2025-05-12 10:23:35,948][       train.py][line: 400][    INFO] Epoch: [52/200]	Iter: [520/2000]	Loss 0.77820 (0.78793)	
[2025-05-12 10:23:46,424][       train.py][line: 400][    INFO] Epoch: [53/200]	Iter: [522/2000]	Loss 0.79100 (0.78425)	
[2025-05-12 10:23:48,671][       train.py][line: 400][    INFO] Epoch: [53/200]	Iter: [524/2000]	Loss 0.84165 (0.82010)	
[2025-05-12 10:23:50,925][       train.py][line: 400][    INFO] Epoch: [53/200]	Iter: [526/2000]	Loss 0.83180 (0.83652)	
[2025-05-12 10:23:53,186][       train.py][line: 400][    INFO] Epoch: [53/200]	Iter: [528/2000]	Loss 0.71717 (0.75280)	
[2025-05-12 10:23:55,189][       train.py][line: 400][    INFO] Epoch: [53/200]	Iter: [530/2000]	Loss 0.81356 (0.84719)	
[2025-05-12 10:24:05,496][       train.py][line: 400][    INFO] Epoch: [54/200]	Iter: [532/2000]	Loss 0.78842 (0.81430)	
[2025-05-12 10:24:07,730][       train.py][line: 400][    INFO] Epoch: [54/200]	Iter: [534/2000]	Loss 0.79962 (0.77267)	
[2025-05-12 10:24:09,968][       train.py][line: 400][    INFO] Epoch: [54/200]	Iter: [536/2000]	Loss 0.69819 (0.72503)	
[2025-05-12 10:24:12,207][       train.py][line: 400][    INFO] Epoch: [54/200]	Iter: [538/2000]	Loss 0.83061 (0.79567)	
[2025-05-12 10:24:14,192][       train.py][line: 400][    INFO] Epoch: [54/200]	Iter: [540/2000]	Loss 0.88179 (0.82551)	
[2025-05-12 10:24:24,118][       train.py][line: 400][    INFO] Epoch: [55/200]	Iter: [542/2000]	Loss 0.83812 (0.80746)	
[2025-05-12 10:24:26,343][       train.py][line: 400][    INFO] Epoch: [55/200]	Iter: [544/2000]	Loss 0.77902 (0.80804)	
[2025-05-12 10:24:28,575][       train.py][line: 400][    INFO] Epoch: [55/200]	Iter: [546/2000]	Loss 0.81665 (0.77601)	
[2025-05-12 10:24:30,808][       train.py][line: 400][    INFO] Epoch: [55/200]	Iter: [548/2000]	Loss 0.77756 (0.75814)	
[2025-05-12 10:24:32,794][       train.py][line: 400][    INFO] Epoch: [55/200]	Iter: [550/2000]	Loss 0.79005 (0.80082)	
[2025-05-12 10:25:02,004][       train.py][line: 283][    INFO] (brats-met): Epoch: 55, image auroc: 0.8413, pixel_auroc: 0.9020,
[2025-05-12 10:25:02,004][       train.py][line: 302][    INFO] (brats-met best): image auroc: 0.8726, pixel auroc: 0.9519,
[2025-05-12 10:25:11,396][       train.py][line: 400][    INFO] Epoch: [56/200]	Iter: [552/2000]	Loss 0.80261 (0.79308)	
[2025-05-12 10:25:13,647][       train.py][line: 400][    INFO] Epoch: [56/200]	Iter: [554/2000]	Loss 0.73559 (0.77959)	
[2025-05-12 10:25:15,902][       train.py][line: 400][    INFO] Epoch: [56/200]	Iter: [556/2000]	Loss 0.70995 (0.73206)	
[2025-05-12 10:25:18,163][       train.py][line: 400][    INFO] Epoch: [56/200]	Iter: [558/2000]	Loss 0.81731 (0.83445)	
[2025-05-12 10:25:20,170][       train.py][line: 400][    INFO] Epoch: [56/200]	Iter: [560/2000]	Loss 0.77246 (0.76784)	
[2025-05-12 10:25:30,148][       train.py][line: 400][    INFO] Epoch: [57/200]	Iter: [562/2000]	Loss 0.85279 (0.79858)	
[2025-05-12 10:25:32,390][       train.py][line: 400][    INFO] Epoch: [57/200]	Iter: [564/2000]	Loss 0.73928 (0.72867)	
[2025-05-12 10:25:34,630][       train.py][line: 400][    INFO] Epoch: [57/200]	Iter: [566/2000]	Loss 0.74657 (0.77556)	
[2025-05-12 10:25:36,892][       train.py][line: 400][    INFO] Epoch: [57/200]	Iter: [568/2000]	Loss 0.87686 (0.85592)	
[2025-05-12 10:25:38,895][       train.py][line: 400][    INFO] Epoch: [57/200]	Iter: [570/2000]	Loss 0.81047 (0.80210)	
[2025-05-12 10:25:49,037][       train.py][line: 400][    INFO] Epoch: [58/200]	Iter: [572/2000]	Loss 0.82922 (0.80221)	
[2025-05-12 10:25:51,270][       train.py][line: 400][    INFO] Epoch: [58/200]	Iter: [574/2000]	Loss 0.80692 (0.81244)	
[2025-05-12 10:25:53,516][       train.py][line: 400][    INFO] Epoch: [58/200]	Iter: [576/2000]	Loss 0.78928 (0.78132)	
[2025-05-12 10:25:55,774][       train.py][line: 400][    INFO] Epoch: [58/200]	Iter: [578/2000]	Loss 0.82988 (0.79050)	
[2025-05-12 10:25:57,764][       train.py][line: 400][    INFO] Epoch: [58/200]	Iter: [580/2000]	Loss 0.83704 (0.80050)	
[2025-05-12 10:26:07,875][       train.py][line: 400][    INFO] Epoch: [59/200]	Iter: [582/2000]	Loss 0.86773 (0.85789)	
[2025-05-12 10:26:10,109][       train.py][line: 400][    INFO] Epoch: [59/200]	Iter: [584/2000]	Loss 0.83081 (0.80655)	
[2025-05-12 10:26:12,361][       train.py][line: 400][    INFO] Epoch: [59/200]	Iter: [586/2000]	Loss 0.74230 (0.75687)	
[2025-05-12 10:26:14,605][       train.py][line: 400][    INFO] Epoch: [59/200]	Iter: [588/2000]	Loss 0.78568 (0.77857)	
[2025-05-12 10:26:16,605][       train.py][line: 400][    INFO] Epoch: [59/200]	Iter: [590/2000]	Loss 0.79751 (0.77713)	
[2025-05-12 10:26:26,493][       train.py][line: 400][    INFO] Epoch: [60/200]	Iter: [592/2000]	Loss 0.81426 (0.82785)	
[2025-05-12 10:26:28,726][       train.py][line: 400][    INFO] Epoch: [60/200]	Iter: [594/2000]	Loss 0.81332 (0.81268)	
[2025-05-12 10:26:30,980][       train.py][line: 400][    INFO] Epoch: [60/200]	Iter: [596/2000]	Loss 0.78320 (0.80185)	
[2025-05-12 10:26:33,244][       train.py][line: 400][    INFO] Epoch: [60/200]	Iter: [598/2000]	Loss 0.79877 (0.81702)	
[2025-05-12 10:26:35,251][       train.py][line: 400][    INFO] Epoch: [60/200]	Iter: [600/2000]	Loss 0.67427 (0.72509)	
[2025-05-12 10:27:04,497][       train.py][line: 283][    INFO] (brats-met): Epoch: 60, image auroc: 0.8538, pixel_auroc: 0.9514,
[2025-05-12 10:27:04,497][       train.py][line: 302][    INFO] (brats-met best): image auroc: 0.8726, pixel auroc: 0.9519,
[2025-05-12 10:27:13,973][       train.py][line: 400][    INFO] Epoch: [61/200]	Iter: [602/2000]	Loss 0.82105 (0.81034)	
[2025-05-12 10:27:16,200][       train.py][line: 400][    INFO] Epoch: [61/200]	Iter: [604/2000]	Loss 0.82257 (0.82424)	
[2025-05-12 10:27:18,435][       train.py][line: 400][    INFO] Epoch: [61/200]	Iter: [606/2000]	Loss 0.73882 (0.75528)	
[2025-05-12 10:27:20,681][       train.py][line: 400][    INFO] Epoch: [61/200]	Iter: [608/2000]	Loss 0.81618 (0.82015)	
[2025-05-12 10:27:22,672][       train.py][line: 400][    INFO] Epoch: [61/200]	Iter: [610/2000]	Loss 0.89085 (0.85887)	
[2025-05-12 10:27:32,778][       train.py][line: 400][    INFO] Epoch: [62/200]	Iter: [612/2000]	Loss 0.80385 (0.80427)	
[2025-05-12 10:27:35,006][       train.py][line: 400][    INFO] Epoch: [62/200]	Iter: [614/2000]	Loss 0.75249 (0.78537)	
[2025-05-12 10:27:37,241][       train.py][line: 400][    INFO] Epoch: [62/200]	Iter: [616/2000]	Loss 0.80977 (0.83330)	
[2025-05-12 10:27:39,486][       train.py][line: 400][    INFO] Epoch: [62/200]	Iter: [618/2000]	Loss 0.88294 (0.81770)	
[2025-05-12 10:27:41,475][       train.py][line: 400][    INFO] Epoch: [62/200]	Iter: [620/2000]	Loss 0.81288 (0.83184)	
[2025-05-12 10:27:51,500][       train.py][line: 400][    INFO] Epoch: [63/200]	Iter: [622/2000]	Loss 0.79932 (0.75341)	
[2025-05-12 10:27:53,723][       train.py][line: 400][    INFO] Epoch: [63/200]	Iter: [624/2000]	Loss 0.83617 (0.84748)	
[2025-05-12 10:27:55,954][       train.py][line: 400][    INFO] Epoch: [63/200]	Iter: [626/2000]	Loss 0.89029 (0.82275)	
[2025-05-12 10:27:58,196][       train.py][line: 400][    INFO] Epoch: [63/200]	Iter: [628/2000]	Loss 0.81747 (0.83329)	
[2025-05-12 10:28:00,187][       train.py][line: 400][    INFO] Epoch: [63/200]	Iter: [630/2000]	Loss 0.79639 (0.77869)	
[2025-05-12 10:28:10,626][       train.py][line: 400][    INFO] Epoch: [64/200]	Iter: [632/2000]	Loss 0.83436 (0.81025)	
[2025-05-12 10:28:12,848][       train.py][line: 400][    INFO] Epoch: [64/200]	Iter: [634/2000]	Loss 0.83273 (0.83486)	
[2025-05-12 10:28:15,076][       train.py][line: 400][    INFO] Epoch: [64/200]	Iter: [636/2000]	Loss 0.80176 (0.74657)	
[2025-05-12 10:28:17,318][       train.py][line: 400][    INFO] Epoch: [64/200]	Iter: [638/2000]	Loss 0.86962 (0.84238)	
[2025-05-12 10:28:19,313][       train.py][line: 400][    INFO] Epoch: [64/200]	Iter: [640/2000]	Loss 0.79726 (0.80345)	
[2025-05-12 10:28:29,498][       train.py][line: 400][    INFO] Epoch: [65/200]	Iter: [642/2000]	Loss 0.73709 (0.77120)	
[2025-05-12 10:28:31,728][       train.py][line: 400][    INFO] Epoch: [65/200]	Iter: [644/2000]	Loss 0.79204 (0.79530)	
[2025-05-12 10:28:33,961][       train.py][line: 400][    INFO] Epoch: [65/200]	Iter: [646/2000]	Loss 0.80217 (0.81638)	
[2025-05-12 10:28:36,205][       train.py][line: 400][    INFO] Epoch: [65/200]	Iter: [648/2000]	Loss 0.75610 (0.77523)	
[2025-05-12 10:28:38,194][       train.py][line: 400][    INFO] Epoch: [65/200]	Iter: [650/2000]	Loss 0.72385 (0.76215)	
[2025-05-12 10:29:07,534][       train.py][line: 283][    INFO] (brats-met): Epoch: 65, image auroc: 0.8639, pixel_auroc: 0.9578,
[2025-05-12 10:29:07,535][       train.py][line: 302][    INFO] (brats-met best): image auroc: 0.8726, pixel auroc: 0.9519,
[2025-05-12 10:29:16,883][       train.py][line: 400][    INFO] Epoch: [66/200]	Iter: [652/2000]	Loss 0.91054 (0.87812)	
[2025-05-12 10:29:19,106][       train.py][line: 400][    INFO] Epoch: [66/200]	Iter: [654/2000]	Loss 0.72030 (0.73062)	
[2025-05-12 10:29:21,341][       train.py][line: 400][    INFO] Epoch: [66/200]	Iter: [656/2000]	Loss 0.76632 (0.80521)	
[2025-05-12 10:29:23,586][       train.py][line: 400][    INFO] Epoch: [66/200]	Iter: [658/2000]	Loss 0.77000 (0.80501)	
[2025-05-12 10:29:25,581][       train.py][line: 400][    INFO] Epoch: [66/200]	Iter: [660/2000]	Loss 0.83258 (0.83011)	
[2025-05-12 10:29:35,612][       train.py][line: 400][    INFO] Epoch: [67/200]	Iter: [662/2000]	Loss 0.80778 (0.78402)	
[2025-05-12 10:29:37,842][       train.py][line: 400][    INFO] Epoch: [67/200]	Iter: [664/2000]	Loss 0.80072 (0.82095)	
[2025-05-12 10:29:40,096][       train.py][line: 400][    INFO] Epoch: [67/200]	Iter: [666/2000]	Loss 0.78359 (0.75681)	
[2025-05-12 10:29:42,364][       train.py][line: 400][    INFO] Epoch: [67/200]	Iter: [668/2000]	Loss 0.81291 (0.83175)	
[2025-05-12 10:29:44,381][       train.py][line: 400][    INFO] Epoch: [67/200]	Iter: [670/2000]	Loss 0.76551 (0.80291)	
[2025-05-12 10:29:54,206][       train.py][line: 400][    INFO] Epoch: [68/200]	Iter: [672/2000]	Loss 0.77289 (0.77499)	
[2025-05-12 10:29:56,448][       train.py][line: 400][    INFO] Epoch: [68/200]	Iter: [674/2000]	Loss 0.70625 (0.77246)	
[2025-05-12 10:29:58,700][       train.py][line: 400][    INFO] Epoch: [68/200]	Iter: [676/2000]	Loss 0.75223 (0.77558)	
[2025-05-12 10:30:00,962][       train.py][line: 400][    INFO] Epoch: [68/200]	Iter: [678/2000]	Loss 0.80970 (0.79342)	
[2025-05-12 10:30:02,970][       train.py][line: 400][    INFO] Epoch: [68/200]	Iter: [680/2000]	Loss 0.85755 (0.79787)	
[2025-05-12 10:30:12,310][       train.py][line: 400][    INFO] Epoch: [69/200]	Iter: [682/2000]	Loss 0.84606 (0.82756)	
[2025-05-12 10:30:14,551][       train.py][line: 400][    INFO] Epoch: [69/200]	Iter: [684/2000]	Loss 0.73080 (0.76382)	
[2025-05-12 10:30:16,803][       train.py][line: 400][    INFO] Epoch: [69/200]	Iter: [686/2000]	Loss 0.82079 (0.78445)	
[2025-05-12 10:30:19,059][       train.py][line: 400][    INFO] Epoch: [69/200]	Iter: [688/2000]	Loss 0.80496 (0.82811)	
[2025-05-12 10:30:21,066][       train.py][line: 400][    INFO] Epoch: [69/200]	Iter: [690/2000]	Loss 0.78199 (0.79673)	
[2025-05-12 10:30:30,516][       train.py][line: 400][    INFO] Epoch: [70/200]	Iter: [692/2000]	Loss 0.70585 (0.76362)	
[2025-05-12 10:30:32,748][       train.py][line: 400][    INFO] Epoch: [70/200]	Iter: [694/2000]	Loss 0.80366 (0.78926)	
[2025-05-12 10:30:34,994][       train.py][line: 400][    INFO] Epoch: [70/200]	Iter: [696/2000]	Loss 0.81317 (0.83155)	
[2025-05-12 10:30:37,246][       train.py][line: 400][    INFO] Epoch: [70/200]	Iter: [698/2000]	Loss 0.74919 (0.76493)	
[2025-05-12 10:30:39,246][       train.py][line: 400][    INFO] Epoch: [70/200]	Iter: [700/2000]	Loss 0.76029 (0.80220)	
[2025-05-12 10:31:08,250][       train.py][line: 283][    INFO] (brats-met): Epoch: 70, image auroc: 0.8538, pixel_auroc: 0.9111,
[2025-05-12 10:31:08,250][       train.py][line: 302][    INFO] (brats-met best): image auroc: 0.8726, pixel auroc: 0.9519,
[2025-05-12 10:31:17,514][       train.py][line: 400][    INFO] Epoch: [71/200]	Iter: [702/2000]	Loss 0.80457 (0.81320)	
[2025-05-12 10:31:19,738][       train.py][line: 400][    INFO] Epoch: [71/200]	Iter: [704/2000]	Loss 0.81899 (0.82042)	
[2025-05-12 10:31:21,975][       train.py][line: 400][    INFO] Epoch: [71/200]	Iter: [706/2000]	Loss 0.76436 (0.79690)	
[2025-05-12 10:31:24,222][       train.py][line: 400][    INFO] Epoch: [71/200]	Iter: [708/2000]	Loss 0.74878 (0.79658)	
[2025-05-12 10:31:26,208][       train.py][line: 400][    INFO] Epoch: [71/200]	Iter: [710/2000]	Loss 0.69788 (0.76630)	
[2025-05-12 10:31:35,580][       train.py][line: 400][    INFO] Epoch: [72/200]	Iter: [712/2000]	Loss 0.76980 (0.78823)	
[2025-05-12 10:31:37,801][       train.py][line: 400][    INFO] Epoch: [72/200]	Iter: [714/2000]	Loss 0.81265 (0.79624)	
[2025-05-12 10:31:40,044][       train.py][line: 400][    INFO] Epoch: [72/200]	Iter: [716/2000]	Loss 0.80210 (0.81813)	
[2025-05-12 10:31:42,296][       train.py][line: 400][    INFO] Epoch: [72/200]	Iter: [718/2000]	Loss 0.83681 (0.80949)	
[2025-05-12 10:31:44,292][       train.py][line: 400][    INFO] Epoch: [72/200]	Iter: [720/2000]	Loss 0.85370 (0.83542)	
[2025-05-12 10:31:53,947][       train.py][line: 400][    INFO] Epoch: [73/200]	Iter: [722/2000]	Loss 0.80867 (0.78287)	
[2025-05-12 10:31:56,193][       train.py][line: 400][    INFO] Epoch: [73/200]	Iter: [724/2000]	Loss 0.85026 (0.81865)	
[2025-05-12 10:31:58,445][       train.py][line: 400][    INFO] Epoch: [73/200]	Iter: [726/2000]	Loss 0.84794 (0.80289)	
[2025-05-12 10:32:00,713][       train.py][line: 400][    INFO] Epoch: [73/200]	Iter: [728/2000]	Loss 0.80299 (0.76579)	
[2025-05-12 10:32:02,729][       train.py][line: 400][    INFO] Epoch: [73/200]	Iter: [730/2000]	Loss 0.83572 (0.83572)	
[2025-05-12 10:32:12,551][       train.py][line: 400][    INFO] Epoch: [74/200]	Iter: [732/2000]	Loss 0.84101 (0.84524)	
[2025-05-12 10:32:14,807][       train.py][line: 400][    INFO] Epoch: [74/200]	Iter: [734/2000]	Loss 0.84084 (0.81674)	
[2025-05-12 10:32:17,072][       train.py][line: 400][    INFO] Epoch: [74/200]	Iter: [736/2000]	Loss 0.82497 (0.83446)	
[2025-05-12 10:32:19,338][       train.py][line: 400][    INFO] Epoch: [74/200]	Iter: [738/2000]	Loss 0.83735 (0.82901)	
[2025-05-12 10:32:21,343][       train.py][line: 400][    INFO] Epoch: [74/200]	Iter: [740/2000]	Loss 0.83279 (0.81496)	
[2025-05-12 10:32:31,451][       train.py][line: 400][    INFO] Epoch: [75/200]	Iter: [742/2000]	Loss 0.78450 (0.78922)	
[2025-05-12 10:32:33,698][       train.py][line: 400][    INFO] Epoch: [75/200]	Iter: [744/2000]	Loss 0.76113 (0.77558)	
[2025-05-12 10:32:35,953][       train.py][line: 400][    INFO] Epoch: [75/200]	Iter: [746/2000]	Loss 0.64075 (0.70394)	
[2025-05-12 10:32:38,211][       train.py][line: 400][    INFO] Epoch: [75/200]	Iter: [748/2000]	Loss 0.74742 (0.80273)	
[2025-05-12 10:32:40,219][       train.py][line: 400][    INFO] Epoch: [75/200]	Iter: [750/2000]	Loss 0.81896 (0.84415)	
[2025-05-12 10:33:09,606][       train.py][line: 283][    INFO] (brats-met): Epoch: 75, image auroc: 0.8542, pixel_auroc: 0.9343,
[2025-05-12 10:33:09,607][       train.py][line: 302][    INFO] (brats-met best): image auroc: 0.8726, pixel auroc: 0.9519,
[2025-05-12 10:33:18,606][       train.py][line: 400][    INFO] Epoch: [76/200]	Iter: [752/2000]	Loss 0.77571 (0.79908)	
[2025-05-12 10:33:20,859][       train.py][line: 400][    INFO] Epoch: [76/200]	Iter: [754/2000]	Loss 0.74147 (0.78967)	
[2025-05-12 10:33:23,117][       train.py][line: 400][    INFO] Epoch: [76/200]	Iter: [756/2000]	Loss 0.76314 (0.76422)	
[2025-05-12 10:33:25,378][       train.py][line: 400][    INFO] Epoch: [76/200]	Iter: [758/2000]	Loss 0.71786 (0.75487)	
[2025-05-12 10:33:27,383][       train.py][line: 400][    INFO] Epoch: [76/200]	Iter: [760/2000]	Loss 0.73650 (0.75609)	
[2025-05-12 10:33:36,984][       train.py][line: 400][    INFO] Epoch: [77/200]	Iter: [762/2000]	Loss 0.80218 (0.84736)	
[2025-05-12 10:33:39,239][       train.py][line: 400][    INFO] Epoch: [77/200]	Iter: [764/2000]	Loss 0.81701 (0.78274)	
[2025-05-12 10:33:41,503][       train.py][line: 400][    INFO] Epoch: [77/200]	Iter: [766/2000]	Loss 0.75058 (0.78330)	
[2025-05-12 10:33:43,775][       train.py][line: 400][    INFO] Epoch: [77/200]	Iter: [768/2000]	Loss 0.82668 (0.78631)	
[2025-05-12 10:33:45,794][       train.py][line: 400][    INFO] Epoch: [77/200]	Iter: [770/2000]	Loss 0.75674 (0.77556)	
[2025-05-12 10:33:55,310][       train.py][line: 400][    INFO] Epoch: [78/200]	Iter: [772/2000]	Loss 0.75158 (0.75759)	
[2025-05-12 10:33:57,566][       train.py][line: 400][    INFO] Epoch: [78/200]	Iter: [774/2000]	Loss 0.83154 (0.79952)	
[2025-05-12 10:33:59,814][       train.py][line: 400][    INFO] Epoch: [78/200]	Iter: [776/2000]	Loss 0.74067 (0.75585)	
[2025-05-12 10:34:02,087][       train.py][line: 400][    INFO] Epoch: [78/200]	Iter: [778/2000]	Loss 0.79926 (0.83400)	
[2025-05-12 10:34:04,096][       train.py][line: 400][    INFO] Epoch: [78/200]	Iter: [780/2000]	Loss 0.77595 (0.77525)	
[2025-05-12 10:34:13,399][       train.py][line: 400][    INFO] Epoch: [79/200]	Iter: [782/2000]	Loss 0.89041 (0.85992)	
[2025-05-12 10:34:15,646][       train.py][line: 400][    INFO] Epoch: [79/200]	Iter: [784/2000]	Loss 0.79577 (0.78534)	
[2025-05-12 10:34:17,903][       train.py][line: 400][    INFO] Epoch: [79/200]	Iter: [786/2000]	Loss 0.74668 (0.74504)	
[2025-05-12 10:34:20,169][       train.py][line: 400][    INFO] Epoch: [79/200]	Iter: [788/2000]	Loss 0.71358 (0.74132)	
[2025-05-12 10:34:22,173][       train.py][line: 400][    INFO] Epoch: [79/200]	Iter: [790/2000]	Loss 0.88528 (0.83248)	
[2025-05-12 10:34:32,019][       train.py][line: 400][    INFO] Epoch: [80/200]	Iter: [792/2000]	Loss 0.81514 (0.75103)	
[2025-05-12 10:34:34,255][       train.py][line: 400][    INFO] Epoch: [80/200]	Iter: [794/2000]	Loss 0.86893 (0.80325)	
[2025-05-12 10:34:36,498][       train.py][line: 400][    INFO] Epoch: [80/200]	Iter: [796/2000]	Loss 0.81886 (0.79083)	
[2025-05-12 10:34:38,742][       train.py][line: 400][    INFO] Epoch: [80/200]	Iter: [798/2000]	Loss 0.80161 (0.78287)	
[2025-05-12 10:34:40,733][       train.py][line: 400][    INFO] Epoch: [80/200]	Iter: [800/2000]	Loss 0.83598 (0.83852)	
[2025-05-12 10:35:09,945][       train.py][line: 283][    INFO] (brats-met): Epoch: 80, image auroc: 0.8467, pixel_auroc: 0.8908,
[2025-05-12 10:35:09,946][       train.py][line: 302][    INFO] (brats-met best): image auroc: 0.8726, pixel auroc: 0.9519,
[2025-05-12 10:35:19,394][       train.py][line: 400][    INFO] Epoch: [81/200]	Iter: [802/2000]	Loss 0.72508 (0.76495)	
[2025-05-12 10:35:21,633][       train.py][line: 400][    INFO] Epoch: [81/200]	Iter: [804/2000]	Loss 0.83519 (0.82036)	
[2025-05-12 10:35:23,878][       train.py][line: 400][    INFO] Epoch: [81/200]	Iter: [806/2000]	Loss 0.87932 (0.84603)	
[2025-05-12 10:35:26,135][       train.py][line: 400][    INFO] Epoch: [81/200]	Iter: [808/2000]	Loss 0.79879 (0.79724)	
[2025-05-12 10:35:28,130][       train.py][line: 400][    INFO] Epoch: [81/200]	Iter: [810/2000]	Loss 0.91129 (0.86874)	
[2025-05-12 10:35:37,954][       train.py][line: 400][    INFO] Epoch: [82/200]	Iter: [812/2000]	Loss 0.74330 (0.74114)	
[2025-05-12 10:35:40,193][       train.py][line: 400][    INFO] Epoch: [82/200]	Iter: [814/2000]	Loss 0.87158 (0.82193)	
[2025-05-12 10:35:42,432][       train.py][line: 400][    INFO] Epoch: [82/200]	Iter: [816/2000]	Loss 0.77601 (0.82255)	
[2025-05-12 10:35:44,681][       train.py][line: 400][    INFO] Epoch: [82/200]	Iter: [818/2000]	Loss 0.76651 (0.79254)	
[2025-05-12 10:35:46,682][       train.py][line: 400][    INFO] Epoch: [82/200]	Iter: [820/2000]	Loss 0.83106 (0.81082)	
[2025-05-12 10:35:56,576][       train.py][line: 400][    INFO] Epoch: [83/200]	Iter: [822/2000]	Loss 0.80257 (0.79142)	
[2025-05-12 10:35:58,813][       train.py][line: 400][    INFO] Epoch: [83/200]	Iter: [824/2000]	Loss 0.80474 (0.82085)	
[2025-05-12 10:36:01,059][       train.py][line: 400][    INFO] Epoch: [83/200]	Iter: [826/2000]	Loss 0.79000 (0.83713)	
[2025-05-12 10:36:03,320][       train.py][line: 400][    INFO] Epoch: [83/200]	Iter: [828/2000]	Loss 0.82707 (0.82320)	
[2025-05-12 10:36:05,320][       train.py][line: 400][    INFO] Epoch: [83/200]	Iter: [830/2000]	Loss 0.75967 (0.75746)	
[2025-05-12 10:36:15,135][       train.py][line: 400][    INFO] Epoch: [84/200]	Iter: [832/2000]	Loss 0.86077 (0.84040)	
[2025-05-12 10:36:17,378][       train.py][line: 400][    INFO] Epoch: [84/200]	Iter: [834/2000]	Loss 0.84080 (0.83805)	
[2025-05-12 10:36:19,622][       train.py][line: 400][    INFO] Epoch: [84/200]	Iter: [836/2000]	Loss 0.77425 (0.77613)	
[2025-05-12 10:36:21,878][       train.py][line: 400][    INFO] Epoch: [84/200]	Iter: [838/2000]	Loss 0.72624 (0.80094)	
[2025-05-12 10:36:23,881][       train.py][line: 400][    INFO] Epoch: [84/200]	Iter: [840/2000]	Loss 0.83687 (0.79420)	
[2025-05-12 10:36:33,767][       train.py][line: 400][    INFO] Epoch: [85/200]	Iter: [842/2000]	Loss 0.81855 (0.82322)	
[2025-05-12 10:36:36,011][       train.py][line: 400][    INFO] Epoch: [85/200]	Iter: [844/2000]	Loss 0.89377 (0.87866)	
[2025-05-12 10:36:38,264][       train.py][line: 400][    INFO] Epoch: [85/200]	Iter: [846/2000]	Loss 0.80355 (0.82514)	
[2025-05-12 10:36:40,525][       train.py][line: 400][    INFO] Epoch: [85/200]	Iter: [848/2000]	Loss 0.78870 (0.77249)	
[2025-05-12 10:36:42,531][       train.py][line: 400][    INFO] Epoch: [85/200]	Iter: [850/2000]	Loss 0.84104 (0.86378)	
[2025-05-12 10:37:11,680][       train.py][line: 283][    INFO] (brats-met): Epoch: 85, image auroc: 0.8370, pixel_auroc: 0.9081,
[2025-05-12 10:37:11,680][       train.py][line: 302][    INFO] (brats-met best): image auroc: 0.8726, pixel auroc: 0.9519,
[2025-05-12 10:37:20,835][       train.py][line: 400][    INFO] Epoch: [86/200]	Iter: [852/2000]	Loss 0.80795 (0.82997)	
[2025-05-12 10:37:23,081][       train.py][line: 400][    INFO] Epoch: [86/200]	Iter: [854/2000]	Loss 0.80342 (0.82328)	
[2025-05-12 10:37:25,333][       train.py][line: 400][    INFO] Epoch: [86/200]	Iter: [856/2000]	Loss 0.76637 (0.75320)	
[2025-05-12 10:37:27,597][       train.py][line: 400][    INFO] Epoch: [86/200]	Iter: [858/2000]	Loss 0.75607 (0.78854)	
[2025-05-12 10:37:29,603][       train.py][line: 400][    INFO] Epoch: [86/200]	Iter: [860/2000]	Loss 0.77742 (0.75517)	
[2025-05-12 10:37:39,857][       train.py][line: 400][    INFO] Epoch: [87/200]	Iter: [862/2000]	Loss 0.84174 (0.78521)	
[2025-05-12 10:37:42,096][       train.py][line: 400][    INFO] Epoch: [87/200]	Iter: [864/2000]	Loss 0.82039 (0.84064)	
[2025-05-12 10:37:44,344][       train.py][line: 400][    INFO] Epoch: [87/200]	Iter: [866/2000]	Loss 0.76706 (0.77081)	
[2025-05-12 10:37:46,597][       train.py][line: 400][    INFO] Epoch: [87/200]	Iter: [868/2000]	Loss 0.73859 (0.77365)	
[2025-05-12 10:37:48,598][       train.py][line: 400][    INFO] Epoch: [87/200]	Iter: [870/2000]	Loss 0.62472 (0.74100)	
[2025-05-12 10:37:58,731][       train.py][line: 400][    INFO] Epoch: [88/200]	Iter: [872/2000]	Loss 0.77982 (0.76917)	
[2025-05-12 10:38:00,968][       train.py][line: 400][    INFO] Epoch: [88/200]	Iter: [874/2000]	Loss 0.77621 (0.79315)	
[2025-05-12 10:38:03,218][       train.py][line: 400][    INFO] Epoch: [88/200]	Iter: [876/2000]	Loss 0.85498 (0.79105)	
[2025-05-12 10:38:05,475][       train.py][line: 400][    INFO] Epoch: [88/200]	Iter: [878/2000]	Loss 0.84314 (0.81169)	
[2025-05-12 10:38:07,472][       train.py][line: 400][    INFO] Epoch: [88/200]	Iter: [880/2000]	Loss 0.80022 (0.80228)	
[2025-05-12 10:38:17,306][       train.py][line: 400][    INFO] Epoch: [89/200]	Iter: [882/2000]	Loss 0.84697 (0.81922)	
[2025-05-12 10:38:19,546][       train.py][line: 400][    INFO] Epoch: [89/200]	Iter: [884/2000]	Loss 0.81002 (0.78226)	
[2025-05-12 10:38:21,787][       train.py][line: 400][    INFO] Epoch: [89/200]	Iter: [886/2000]	Loss 0.72048 (0.75272)	
[2025-05-12 10:38:24,038][       train.py][line: 400][    INFO] Epoch: [89/200]	Iter: [888/2000]	Loss 0.77759 (0.79006)	
[2025-05-12 10:38:26,031][       train.py][line: 400][    INFO] Epoch: [89/200]	Iter: [890/2000]	Loss 0.76516 (0.78138)	
