[2025-04-24 01:17:36,682][       train.py][line: 102][    INFO] load CoOp
[2025-04-24 01:17:36,805][       train.py][line: 201][    INFO] train data (brainmri) len 5
[2025-04-24 01:17:36,805][       train.py][line: 206][    INFO] test data (brainmri) len 220
[2025-04-24 01:17:36,806][       train.py][line: 213][    INFO] anomaly syn task is CutpasteTask, sampling probability is 0.25
[2025-04-24 01:17:36,806][       train.py][line: 213][    INFO] anomaly syn task is GaussIntensityChangeTask, sampling probability is 0.25
[2025-04-24 01:17:36,806][       train.py][line: 213][    INFO] anomaly syn task is SourceTask, sampling probability is 0.25
[2025-04-24 01:17:36,806][       train.py][line: 213][    INFO] anomaly syn task is IdentityTask, sampling probability is 0.25
[2025-04-24 01:18:26,106][       train.py][line: 293][    INFO] (brainmri): Epoch: 5, image auroc: 0.5143,
[2025-04-24 01:18:26,107][       train.py][line: 311][    INFO] (brainmri best): image auroc: 0.5143,
[2025-04-24 01:18:26,107][       train.py][line: 319][    INFO] save checkpoints in epoch: 5
[2025-04-24 01:18:59,138][       train.py][line: 383][    INFO] Epoch: [10/200]	Iter: [10/200]	Loss 0.84552 (0.84552)	
[2025-04-24 01:19:15,676][       train.py][line: 293][    INFO] (brainmri): Epoch: 10, image auroc: 0.8612,
[2025-04-24 01:19:15,676][       train.py][line: 311][    INFO] (brainmri best): image auroc: 0.8612,
[2025-04-24 01:19:15,677][       train.py][line: 319][    INFO] save checkpoints in epoch: 10
[2025-04-24 01:20:05,188][       train.py][line: 293][    INFO] (brainmri): Epoch: 15, image auroc: 0.8756,
[2025-04-24 01:20:05,188][       train.py][line: 311][    INFO] (brainmri best): image auroc: 0.8756,
[2025-04-24 01:20:05,188][       train.py][line: 319][    INFO] save checkpoints in epoch: 15
[2025-04-24 01:20:38,219][       train.py][line: 383][    INFO] Epoch: [20/200]	Iter: [20/200]	Loss 0.71726 (0.71726)	
[2025-04-24 01:20:55,009][       train.py][line: 293][    INFO] (brainmri): Epoch: 20, image auroc: 0.8892,
[2025-04-24 01:20:55,009][       train.py][line: 311][    INFO] (brainmri best): image auroc: 0.8892,
[2025-04-24 01:20:55,009][       train.py][line: 319][    INFO] save checkpoints in epoch: 20
[2025-04-24 01:21:45,018][       train.py][line: 293][    INFO] (brainmri): Epoch: 25, image auroc: 0.8908,
[2025-04-24 01:21:45,018][       train.py][line: 311][    INFO] (brainmri best): image auroc: 0.8908,
[2025-04-24 01:21:45,018][       train.py][line: 319][    INFO] save checkpoints in epoch: 25
[2025-04-24 01:22:18,127][       train.py][line: 383][    INFO] Epoch: [30/200]	Iter: [30/200]	Loss 0.75165 (0.75165)	
[2025-04-24 01:22:35,210][       train.py][line: 293][    INFO] (brainmri): Epoch: 30, image auroc: 0.8991,
[2025-04-24 01:22:35,211][       train.py][line: 311][    INFO] (brainmri best): image auroc: 0.8991,
[2025-04-24 01:22:35,211][       train.py][line: 319][    INFO] save checkpoints in epoch: 30
[2025-04-24 01:23:25,569][       train.py][line: 293][    INFO] (brainmri): Epoch: 35, image auroc: 0.8948,
[2025-04-24 01:23:25,569][       train.py][line: 311][    INFO] (brainmri best): image auroc: 0.8991,
[2025-04-24 01:23:58,553][       train.py][line: 383][    INFO] Epoch: [40/200]	Iter: [40/200]	Loss 0.71648 (0.71648)	
[2025-04-24 01:24:15,794][       train.py][line: 293][    INFO] (brainmri): Epoch: 40, image auroc: 0.8951,
[2025-04-24 01:24:15,794][       train.py][line: 311][    INFO] (brainmri best): image auroc: 0.8991,
[2025-04-24 01:25:06,487][       train.py][line: 293][    INFO] (brainmri): Epoch: 45, image auroc: 0.9037,
[2025-04-24 01:25:06,487][       train.py][line: 311][    INFO] (brainmri best): image auroc: 0.9037,
[2025-04-24 01:25:06,488][       train.py][line: 319][    INFO] save checkpoints in epoch: 45
[2025-04-24 01:25:39,614][       train.py][line: 383][    INFO] Epoch: [50/200]	Iter: [50/200]	Loss 0.72190 (0.72190)	
[2025-04-24 01:25:57,048][       train.py][line: 293][    INFO] (brainmri): Epoch: 50, image auroc: 0.9063,
[2025-04-24 01:25:57,048][       train.py][line: 311][    INFO] (brainmri best): image auroc: 0.9063,
[2025-04-24 01:25:57,048][       train.py][line: 319][    INFO] save checkpoints in epoch: 50
[2025-04-24 01:26:47,565][       train.py][line: 293][    INFO] (brainmri): Epoch: 55, image auroc: 0.9177,
[2025-04-24 01:26:47,565][       train.py][line: 311][    INFO] (brainmri best): image auroc: 0.9177,
[2025-04-24 01:26:47,565][       train.py][line: 319][    INFO] save checkpoints in epoch: 55
[2025-04-24 01:27:20,666][       train.py][line: 383][    INFO] Epoch: [60/200]	Iter: [60/200]	Loss 0.91770 (0.91770)	
[2025-04-24 01:27:38,092][       train.py][line: 293][    INFO] (brainmri): Epoch: 60, image auroc: 0.9076,
[2025-04-24 01:27:38,093][       train.py][line: 311][    INFO] (brainmri best): image auroc: 0.9177,
[2025-04-24 01:28:28,781][       train.py][line: 293][    INFO] (brainmri): Epoch: 65, image auroc: 0.9125,
[2025-04-24 01:28:28,781][       train.py][line: 311][    INFO] (brainmri best): image auroc: 0.9177,
[2025-04-24 01:29:01,940][       train.py][line: 383][    INFO] Epoch: [70/200]	Iter: [70/200]	Loss 0.80360 (0.80360)	
[2025-04-24 01:29:19,698][       train.py][line: 293][    INFO] (brainmri): Epoch: 70, image auroc: 0.9096,
[2025-04-24 01:29:19,698][       train.py][line: 311][    INFO] (brainmri best): image auroc: 0.9177,
[2025-04-24 01:30:10,025][       train.py][line: 293][    INFO] (brainmri): Epoch: 75, image auroc: 0.9052,
[2025-04-24 01:30:10,025][       train.py][line: 311][    INFO] (brainmri best): image auroc: 0.9177,
[2025-04-24 01:30:43,278][       train.py][line: 383][    INFO] Epoch: [80/200]	Iter: [80/200]	Loss 0.60337 (0.60337)	
[2025-04-24 01:31:00,577][       train.py][line: 293][    INFO] (brainmri): Epoch: 80, image auroc: 0.8960,
[2025-04-24 01:31:00,577][       train.py][line: 311][    INFO] (brainmri best): image auroc: 0.9177,
[2025-04-24 01:31:51,412][       train.py][line: 293][    INFO] (brainmri): Epoch: 85, image auroc: 0.9165,
[2025-04-24 01:31:51,413][       train.py][line: 311][    INFO] (brainmri best): image auroc: 0.9177,
[2025-04-24 01:32:24,628][       train.py][line: 383][    INFO] Epoch: [90/200]	Iter: [90/200]	Loss 0.71734 (0.71734)	
[2025-04-24 01:32:41,934][       train.py][line: 293][    INFO] (brainmri): Epoch: 90, image auroc: 0.9192,
[2025-04-24 01:32:41,934][       train.py][line: 311][    INFO] (brainmri best): image auroc: 0.9192,
[2025-04-24 01:32:41,934][       train.py][line: 319][    INFO] save checkpoints in epoch: 90
[2025-04-24 01:33:32,783][       train.py][line: 293][    INFO] (brainmri): Epoch: 95, image auroc: 0.9163,
[2025-04-24 01:33:32,783][       train.py][line: 311][    INFO] (brainmri best): image auroc: 0.9192,
[2025-04-24 01:34:06,017][       train.py][line: 383][    INFO] Epoch: [100/200]	Iter: [100/200]	Loss 0.69102 (0.69102)	
[2025-04-24 01:34:23,320][       train.py][line: 293][    INFO] (brainmri): Epoch: 100, image auroc: 0.9060,
[2025-04-24 01:34:23,320][       train.py][line: 311][    INFO] (brainmri best): image auroc: 0.9192,
[2025-04-24 01:35:13,923][       train.py][line: 293][    INFO] (brainmri): Epoch: 105, image auroc: 0.9213,
[2025-04-24 01:35:13,924][       train.py][line: 311][    INFO] (brainmri best): image auroc: 0.9213,
[2025-04-24 01:35:13,924][       train.py][line: 319][    INFO] save checkpoints in epoch: 105
[2025-04-24 01:35:47,107][       train.py][line: 383][    INFO] Epoch: [110/200]	Iter: [110/200]	Loss 0.77821 (0.77821)	
[2025-04-24 01:36:04,408][       train.py][line: 293][    INFO] (brainmri): Epoch: 110, image auroc: 0.9211,
[2025-04-24 01:36:04,408][       train.py][line: 311][    INFO] (brainmri best): image auroc: 0.9213,
[2025-04-24 01:36:54,942][       train.py][line: 293][    INFO] (brainmri): Epoch: 115, image auroc: 0.9095,
[2025-04-24 01:36:54,942][       train.py][line: 311][    INFO] (brainmri best): image auroc: 0.9213,
[2025-04-24 01:37:28,093][       train.py][line: 383][    INFO] Epoch: [120/200]	Iter: [120/200]	Loss 0.74928 (0.74928)	
[2025-04-24 01:37:45,432][       train.py][line: 293][    INFO] (brainmri): Epoch: 120, image auroc: 0.8962,
[2025-04-24 01:37:45,433][       train.py][line: 311][    INFO] (brainmri best): image auroc: 0.9213,
[2025-04-24 01:38:36,246][       train.py][line: 293][    INFO] (brainmri): Epoch: 125, image auroc: 0.9093,
[2025-04-24 01:38:36,246][       train.py][line: 311][    INFO] (brainmri best): image auroc: 0.9213,
[2025-04-24 01:39:09,602][       train.py][line: 383][    INFO] Epoch: [130/200]	Iter: [130/200]	Loss 0.62514 (0.62514)	
