[2025-04-24 09:39:26,605][       train.py][line: 102][    INFO] load CoOp
[2025-04-24 09:39:27,154][       train.py][line: 201][    INFO] train data (brats-met) len 310
[2025-04-24 09:39:27,155][       train.py][line: 206][    INFO] test data (brats-met) len 294
[2025-04-24 09:39:27,155][       train.py][line: 213][    INFO] anomaly syn task is CutpasteTask, sampling probability is 0.25
[2025-04-24 09:39:27,155][       train.py][line: 213][    INFO] anomaly syn task is GaussIntensityChangeTask, sampling probability is 0.25
[2025-04-24 09:39:27,155][       train.py][line: 213][    INFO] anomaly syn task is SourceTask, sampling probability is 0.25
[2025-04-24 09:39:27,155][       train.py][line: 213][    INFO] anomaly syn task is IdentityTask, sampling probability is 0.25
[2025-04-24 09:39:49,465][       train.py][line: 383][    INFO] Epoch: [1/200]	Iter: [10/2000]	Loss 0.91024 (0.99178)	
[2025-04-24 09:40:12,523][       train.py][line: 383][    INFO] Epoch: [2/200]	Iter: [20/2000]	Loss 0.85718 (0.88179)	
[2025-04-24 09:40:35,574][       train.py][line: 383][    INFO] Epoch: [3/200]	Iter: [30/2000]	Loss 0.86286 (0.85955)	
[2025-04-24 09:40:59,177][       train.py][line: 383][    INFO] Epoch: [4/200]	Iter: [40/2000]	Loss 0.80990 (0.86190)	
[2025-04-24 09:41:23,253][       train.py][line: 383][    INFO] Epoch: [5/200]	Iter: [50/2000]	Loss 0.81765 (0.84964)	
[2025-04-24 09:41:47,299][       train.py][line: 284][    INFO] (brats-met): Epoch: 5, image auroc: 0.8353, pixel_auroc: 0.9465,
[2025-04-24 09:41:47,299][       train.py][line: 303][    INFO] (brats-met best): image auroc: 0.8353, pixel auroc: 0.9465,
[2025-04-24 09:41:47,299][       train.py][line: 319][    INFO] save checkpoints in epoch: 5
[2025-04-24 09:42:11,143][       train.py][line: 383][    INFO] Epoch: [6/200]	Iter: [60/2000]	Loss 0.78761 (0.82977)	
[2025-04-24 09:42:35,454][       train.py][line: 383][    INFO] Epoch: [7/200]	Iter: [70/2000]	Loss 0.85872 (0.82413)	
[2025-04-24 09:42:59,675][       train.py][line: 383][    INFO] Epoch: [8/200]	Iter: [80/2000]	Loss 0.83584 (0.84267)	
[2025-04-24 09:43:24,283][       train.py][line: 383][    INFO] Epoch: [9/200]	Iter: [90/2000]	Loss 0.80129 (0.83730)	
[2025-04-24 09:43:48,830][       train.py][line: 383][    INFO] Epoch: [10/200]	Iter: [100/2000]	Loss 0.78803 (0.83268)	
[2025-04-24 09:44:13,290][       train.py][line: 284][    INFO] (brats-met): Epoch: 10, image auroc: 0.8525, pixel_auroc: 0.9407,
[2025-04-24 09:44:13,290][       train.py][line: 303][    INFO] (brats-met best): image auroc: 0.8525, pixel auroc: 0.9407,
[2025-04-24 09:44:13,290][       train.py][line: 319][    INFO] save checkpoints in epoch: 10
[2025-04-24 09:44:37,354][       train.py][line: 383][    INFO] Epoch: [11/200]	Iter: [110/2000]	Loss 0.76000 (0.83229)	
[2025-04-24 09:45:01,770][       train.py][line: 383][    INFO] Epoch: [12/200]	Iter: [120/2000]	Loss 0.75626 (0.82022)	
[2025-04-24 09:45:26,823][       train.py][line: 383][    INFO] Epoch: [13/200]	Iter: [130/2000]	Loss 0.74945 (0.81827)	
[2025-04-24 09:45:51,623][       train.py][line: 383][    INFO] Epoch: [14/200]	Iter: [140/2000]	Loss 0.78498 (0.82705)	
[2025-04-24 09:46:16,233][       train.py][line: 383][    INFO] Epoch: [15/200]	Iter: [150/2000]	Loss 0.80910 (0.82085)	
[2025-04-24 09:46:40,892][       train.py][line: 284][    INFO] (brats-met): Epoch: 15, image auroc: 0.8283, pixel_auroc: 0.9172,
[2025-04-24 09:46:40,892][       train.py][line: 303][    INFO] (brats-met best): image auroc: 0.8525, pixel auroc: 0.9407,
[2025-04-24 09:47:05,030][       train.py][line: 383][    INFO] Epoch: [16/200]	Iter: [160/2000]	Loss 0.82527 (0.81151)	
[2025-04-24 09:47:30,095][       train.py][line: 383][    INFO] Epoch: [17/200]	Iter: [170/2000]	Loss 0.79215 (0.82281)	
[2025-04-24 09:47:54,605][       train.py][line: 383][    INFO] Epoch: [18/200]	Iter: [180/2000]	Loss 0.79128 (0.81651)	
[2025-04-24 09:48:19,655][       train.py][line: 383][    INFO] Epoch: [19/200]	Iter: [190/2000]	Loss 0.81418 (0.81368)	
[2025-04-24 09:48:44,268][       train.py][line: 383][    INFO] Epoch: [20/200]	Iter: [200/2000]	Loss 0.73436 (0.82468)	
[2025-04-24 09:49:09,048][       train.py][line: 284][    INFO] (brats-met): Epoch: 20, image auroc: 0.8369, pixel_auroc: 0.9177,
[2025-04-24 09:49:09,049][       train.py][line: 303][    INFO] (brats-met best): image auroc: 0.8525, pixel auroc: 0.9407,
[2025-04-24 09:49:32,994][       train.py][line: 383][    INFO] Epoch: [21/200]	Iter: [210/2000]	Loss 0.76227 (0.81890)	
[2025-04-24 09:49:58,436][       train.py][line: 383][    INFO] Epoch: [22/200]	Iter: [220/2000]	Loss 0.75887 (0.80665)	
[2025-04-24 09:50:25,424][       train.py][line: 383][    INFO] Epoch: [23/200]	Iter: [230/2000]	Loss 0.78400 (0.80313)	
[2025-04-24 09:50:49,973][       train.py][line: 383][    INFO] Epoch: [24/200]	Iter: [240/2000]	Loss 0.84357 (0.81177)	
[2025-04-24 09:51:14,831][       train.py][line: 383][    INFO] Epoch: [25/200]	Iter: [250/2000]	Loss 0.83430 (0.81862)	
[2025-04-24 09:51:39,520][       train.py][line: 284][    INFO] (brats-met): Epoch: 25, image auroc: 0.8258, pixel_auroc: 0.8777,
[2025-04-24 09:51:39,520][       train.py][line: 303][    INFO] (brats-met best): image auroc: 0.8525, pixel auroc: 0.9407,
[2025-04-24 09:52:03,615][       train.py][line: 383][    INFO] Epoch: [26/200]	Iter: [260/2000]	Loss 0.89843 (0.81546)	
[2025-04-24 09:52:28,939][       train.py][line: 383][    INFO] Epoch: [27/200]	Iter: [270/2000]	Loss 0.80261 (0.82238)	
[2025-04-24 09:52:53,651][       train.py][line: 383][    INFO] Epoch: [28/200]	Iter: [280/2000]	Loss 0.82357 (0.83585)	
[2025-04-24 09:53:17,921][       train.py][line: 383][    INFO] Epoch: [29/200]	Iter: [290/2000]	Loss 0.82363 (0.83455)	
[2025-04-24 09:53:42,528][       train.py][line: 383][    INFO] Epoch: [30/200]	Iter: [300/2000]	Loss 0.81966 (0.80795)	
[2025-04-24 09:54:07,444][       train.py][line: 284][    INFO] (brats-met): Epoch: 30, image auroc: 0.8474, pixel_auroc: 0.9303,
[2025-04-24 09:54:07,444][       train.py][line: 303][    INFO] (brats-met best): image auroc: 0.8525, pixel auroc: 0.9407,
[2025-04-24 09:54:31,396][       train.py][line: 383][    INFO] Epoch: [31/200]	Iter: [310/2000]	Loss 0.77553 (0.81715)	
[2025-04-24 09:54:56,656][       train.py][line: 383][    INFO] Epoch: [32/200]	Iter: [320/2000]	Loss 0.78347 (0.81058)	
[2025-04-24 09:55:21,903][       train.py][line: 383][    INFO] Epoch: [33/200]	Iter: [330/2000]	Loss 0.71982 (0.80693)	
[2025-04-24 09:55:46,483][       train.py][line: 383][    INFO] Epoch: [34/200]	Iter: [340/2000]	Loss 0.88320 (0.81587)	
[2025-04-24 09:56:11,242][       train.py][line: 383][    INFO] Epoch: [35/200]	Iter: [350/2000]	Loss 0.79383 (0.80412)	
[2025-04-24 09:56:35,972][       train.py][line: 284][    INFO] (brats-met): Epoch: 35, image auroc: 0.7954, pixel_auroc: 0.8851,
[2025-04-24 09:56:35,972][       train.py][line: 303][    INFO] (brats-met best): image auroc: 0.8525, pixel auroc: 0.9407,
[2025-04-24 09:57:00,107][       train.py][line: 383][    INFO] Epoch: [36/200]	Iter: [360/2000]	Loss 0.75813 (0.81305)	
[2025-04-24 09:57:25,218][       train.py][line: 383][    INFO] Epoch: [37/200]	Iter: [370/2000]	Loss 0.74322 (0.79183)	
[2025-04-24 09:57:50,093][       train.py][line: 383][    INFO] Epoch: [38/200]	Iter: [380/2000]	Loss 0.79836 (0.81219)	
[2025-04-24 09:58:14,582][       train.py][line: 383][    INFO] Epoch: [39/200]	Iter: [390/2000]	Loss 0.83237 (0.82162)	
[2025-04-24 09:58:39,509][       train.py][line: 383][    INFO] Epoch: [40/200]	Iter: [400/2000]	Loss 0.78719 (0.80241)	
[2025-04-24 09:59:04,542][       train.py][line: 284][    INFO] (brats-met): Epoch: 40, image auroc: 0.8639, pixel_auroc: 0.9165,
[2025-04-24 09:59:04,542][       train.py][line: 303][    INFO] (brats-met best): image auroc: 0.8525, pixel auroc: 0.9407,
[2025-04-24 09:59:28,640][       train.py][line: 383][    INFO] Epoch: [41/200]	Iter: [410/2000]	Loss 0.81970 (0.81253)	
[2025-04-24 09:59:53,640][       train.py][line: 383][    INFO] Epoch: [42/200]	Iter: [420/2000]	Loss 0.81449 (0.81079)	
[2025-04-24 10:00:18,429][       train.py][line: 383][    INFO] Epoch: [43/200]	Iter: [430/2000]	Loss 0.85557 (0.80838)	
[2025-04-24 10:00:42,666][       train.py][line: 383][    INFO] Epoch: [44/200]	Iter: [440/2000]	Loss 0.90201 (0.82219)	
[2025-04-24 10:01:07,728][       train.py][line: 383][    INFO] Epoch: [45/200]	Iter: [450/2000]	Loss 0.79015 (0.81378)	
[2025-04-24 10:01:32,584][       train.py][line: 284][    INFO] (brats-met): Epoch: 45, image auroc: 0.8429, pixel_auroc: 0.9194,
[2025-04-24 10:01:32,584][       train.py][line: 303][    INFO] (brats-met best): image auroc: 0.8525, pixel auroc: 0.9407,
[2025-04-24 10:01:56,549][       train.py][line: 383][    INFO] Epoch: [46/200]	Iter: [460/2000]	Loss 0.85817 (0.81651)	
[2025-04-24 10:02:21,843][       train.py][line: 383][    INFO] Epoch: [47/200]	Iter: [470/2000]	Loss 0.85026 (0.81224)	
[2025-04-24 10:02:46,310][       train.py][line: 383][    INFO] Epoch: [48/200]	Iter: [480/2000]	Loss 0.78011 (0.83172)	
[2025-04-24 10:03:11,042][       train.py][line: 383][    INFO] Epoch: [49/200]	Iter: [490/2000]	Loss 0.75917 (0.80339)	
[2025-04-24 10:03:36,024][       train.py][line: 383][    INFO] Epoch: [50/200]	Iter: [500/2000]	Loss 0.84045 (0.81052)	
[2025-04-24 10:04:00,848][       train.py][line: 284][    INFO] (brats-met): Epoch: 50, image auroc: 0.8092, pixel_auroc: 0.8957,
[2025-04-24 10:04:00,848][       train.py][line: 303][    INFO] (brats-met best): image auroc: 0.8525, pixel auroc: 0.9407,
[2025-04-24 10:04:24,973][       train.py][line: 383][    INFO] Epoch: [51/200]	Iter: [510/2000]	Loss 0.78075 (0.80780)	
[2025-04-24 10:04:49,931][       train.py][line: 383][    INFO] Epoch: [52/200]	Iter: [520/2000]	Loss 0.76595 (0.82252)	
[2025-04-24 10:05:15,104][       train.py][line: 383][    INFO] Epoch: [53/200]	Iter: [530/2000]	Loss 0.84380 (0.80099)	
[2025-04-24 10:05:39,929][       train.py][line: 383][    INFO] Epoch: [54/200]	Iter: [540/2000]	Loss 0.78953 (0.82175)	
[2025-04-24 10:06:04,741][       train.py][line: 383][    INFO] Epoch: [55/200]	Iter: [550/2000]	Loss 0.82233 (0.82020)	
[2025-04-24 10:06:29,534][       train.py][line: 284][    INFO] (brats-met): Epoch: 55, image auroc: 0.8040, pixel_auroc: 0.8853,
[2025-04-24 10:06:29,534][       train.py][line: 303][    INFO] (brats-met best): image auroc: 0.8525, pixel auroc: 0.9407,
[2025-04-24 10:06:53,756][       train.py][line: 383][    INFO] Epoch: [56/200]	Iter: [560/2000]	Loss 0.74726 (0.81827)	
[2025-04-24 10:07:18,758][       train.py][line: 383][    INFO] Epoch: [57/200]	Iter: [570/2000]	Loss 0.80953 (0.80724)	
[2025-04-24 10:07:43,401][       train.py][line: 383][    INFO] Epoch: [58/200]	Iter: [580/2000]	Loss 0.76138 (0.80795)	
[2025-04-24 10:08:08,034][       train.py][line: 383][    INFO] Epoch: [59/200]	Iter: [590/2000]	Loss 0.80704 (0.81409)	
[2025-04-24 10:08:32,687][       train.py][line: 383][    INFO] Epoch: [60/200]	Iter: [600/2000]	Loss 0.81101 (0.81804)	
[2025-04-24 10:08:57,538][       train.py][line: 284][    INFO] (brats-met): Epoch: 60, image auroc: 0.8518, pixel_auroc: 0.9347,
[2025-04-24 10:08:57,538][       train.py][line: 303][    INFO] (brats-met best): image auroc: 0.8525, pixel auroc: 0.9407,
[2025-04-24 10:09:21,687][       train.py][line: 383][    INFO] Epoch: [61/200]	Iter: [610/2000]	Loss 0.74382 (0.77544)	
[2025-04-24 10:09:47,171][       train.py][line: 383][    INFO] Epoch: [62/200]	Iter: [620/2000]	Loss 0.74351 (0.80214)	
[2025-04-24 10:10:11,930][       train.py][line: 383][    INFO] Epoch: [63/200]	Iter: [630/2000]	Loss 0.88535 (0.80426)	
[2025-04-24 10:10:37,317][       train.py][line: 383][    INFO] Epoch: [64/200]	Iter: [640/2000]	Loss 0.85957 (0.80858)	
[2025-04-24 10:11:02,509][       train.py][line: 383][    INFO] Epoch: [65/200]	Iter: [650/2000]	Loss 0.80298 (0.82167)	
[2025-04-24 10:11:27,703][       train.py][line: 284][    INFO] (brats-met): Epoch: 65, image auroc: 0.8399, pixel_auroc: 0.8721,
[2025-04-24 10:11:27,703][       train.py][line: 303][    INFO] (brats-met best): image auroc: 0.8525, pixel auroc: 0.9407,
[2025-04-24 10:11:51,637][       train.py][line: 383][    INFO] Epoch: [66/200]	Iter: [660/2000]	Loss 0.77410 (0.80722)	
[2025-04-24 10:12:16,848][       train.py][line: 383][    INFO] Epoch: [67/200]	Iter: [670/2000]	Loss 0.81566 (0.80838)	
[2025-04-24 10:12:41,590][       train.py][line: 383][    INFO] Epoch: [68/200]	Iter: [680/2000]	Loss 0.77711 (0.82042)	
[2025-04-24 10:13:06,438][       train.py][line: 383][    INFO] Epoch: [69/200]	Iter: [690/2000]	Loss 0.80119 (0.79434)	
[2025-04-24 10:13:31,747][       train.py][line: 383][    INFO] Epoch: [70/200]	Iter: [700/2000]	Loss 0.75233 (0.79628)	
[2025-04-24 10:13:56,482][       train.py][line: 284][    INFO] (brats-met): Epoch: 70, image auroc: 0.8345, pixel_auroc: 0.9235,
[2025-04-24 10:13:56,483][       train.py][line: 303][    INFO] (brats-met best): image auroc: 0.8525, pixel auroc: 0.9407,
[2025-04-24 10:14:20,540][       train.py][line: 383][    INFO] Epoch: [71/200]	Iter: [710/2000]	Loss 0.76888 (0.82083)	
[2025-04-24 10:14:45,771][       train.py][line: 383][    INFO] Epoch: [72/200]	Iter: [720/2000]	Loss 0.80145 (0.80802)	
[2025-04-24 10:15:10,500][       train.py][line: 383][    INFO] Epoch: [73/200]	Iter: [730/2000]	Loss 0.78996 (0.80193)	
[2025-04-24 10:15:35,104][       train.py][line: 383][    INFO] Epoch: [74/200]	Iter: [740/2000]	Loss 0.79309 (0.80693)	
[2025-04-24 10:15:59,600][       train.py][line: 383][    INFO] Epoch: [75/200]	Iter: [750/2000]	Loss 0.78905 (0.80620)	
[2025-04-24 10:16:24,311][       train.py][line: 284][    INFO] (brats-met): Epoch: 75, image auroc: 0.8394, pixel_auroc: 0.8974,
[2025-04-24 10:16:24,312][       train.py][line: 303][    INFO] (brats-met best): image auroc: 0.8525, pixel auroc: 0.9407,
[2025-04-24 10:16:48,175][       train.py][line: 383][    INFO] Epoch: [76/200]	Iter: [760/2000]	Loss 0.75094 (0.79143)	
[2025-04-24 10:17:13,218][       train.py][line: 383][    INFO] Epoch: [77/200]	Iter: [770/2000]	Loss 0.80003 (0.80559)	
[2025-04-24 10:17:38,118][       train.py][line: 383][    INFO] Epoch: [78/200]	Iter: [780/2000]	Loss 0.78654 (0.79261)	
[2025-04-24 10:18:03,057][       train.py][line: 383][    INFO] Epoch: [79/200]	Iter: [790/2000]	Loss 0.74887 (0.79897)	
[2025-04-24 10:18:27,723][       train.py][line: 383][    INFO] Epoch: [80/200]	Iter: [800/2000]	Loss 0.82093 (0.79076)	
[2025-04-24 10:18:52,309][       train.py][line: 284][    INFO] (brats-met): Epoch: 80, image auroc: 0.8501, pixel_auroc: 0.8892,
[2025-04-24 10:18:52,309][       train.py][line: 303][    INFO] (brats-met best): image auroc: 0.8525, pixel auroc: 0.9407,
[2025-04-24 10:19:16,385][       train.py][line: 383][    INFO] Epoch: [81/200]	Iter: [810/2000]	Loss 0.80882 (0.80469)	
[2025-04-24 10:19:41,426][       train.py][line: 383][    INFO] Epoch: [82/200]	Iter: [820/2000]	Loss 0.80286 (0.80667)	
[2025-04-24 10:20:06,317][       train.py][line: 383][    INFO] Epoch: [83/200]	Iter: [830/2000]	Loss 0.84253 (0.81452)	
[2025-04-24 10:20:30,670][       train.py][line: 383][    INFO] Epoch: [84/200]	Iter: [840/2000]	Loss 0.82275 (0.81301)	
[2025-04-24 10:20:55,565][       train.py][line: 383][    INFO] Epoch: [85/200]	Iter: [850/2000]	Loss 0.79412 (0.78967)	
[2025-04-24 10:21:20,209][       train.py][line: 284][    INFO] (brats-met): Epoch: 85, image auroc: 0.8243, pixel_auroc: 0.9056,
[2025-04-24 10:21:20,209][       train.py][line: 303][    INFO] (brats-met best): image auroc: 0.8525, pixel auroc: 0.9407,
[2025-04-24 10:21:44,163][       train.py][line: 383][    INFO] Epoch: [86/200]	Iter: [860/2000]	Loss 0.81500 (0.80936)	
[2025-04-24 10:22:09,148][       train.py][line: 383][    INFO] Epoch: [87/200]	Iter: [870/2000]	Loss 0.80860 (0.80056)	
[2025-04-24 10:22:33,980][       train.py][line: 383][    INFO] Epoch: [88/200]	Iter: [880/2000]	Loss 0.80874 (0.79340)	
[2025-04-24 10:22:58,729][       train.py][line: 383][    INFO] Epoch: [89/200]	Iter: [890/2000]	Loss 0.85582 (0.80043)	
[2025-04-24 10:23:23,892][       train.py][line: 383][    INFO] Epoch: [90/200]	Iter: [900/2000]	Loss 0.79449 (0.79583)	
[2025-04-24 10:23:48,655][       train.py][line: 284][    INFO] (brats-met): Epoch: 90, image auroc: 0.8464, pixel_auroc: 0.8928,
[2025-04-24 10:23:48,655][       train.py][line: 303][    INFO] (brats-met best): image auroc: 0.8525, pixel auroc: 0.9407,
[2025-04-24 10:24:12,548][       train.py][line: 383][    INFO] Epoch: [91/200]	Iter: [910/2000]	Loss 0.72208 (0.79774)	
[2025-04-24 10:24:37,586][       train.py][line: 383][    INFO] Epoch: [92/200]	Iter: [920/2000]	Loss 0.78402 (0.80567)	
[2025-04-24 10:25:02,403][       train.py][line: 383][    INFO] Epoch: [93/200]	Iter: [930/2000]	Loss 0.79431 (0.80874)	
[2025-04-24 10:25:27,184][       train.py][line: 383][    INFO] Epoch: [94/200]	Iter: [940/2000]	Loss 0.83232 (0.81537)	
[2025-04-24 10:25:52,013][       train.py][line: 383][    INFO] Epoch: [95/200]	Iter: [950/2000]	Loss 0.79058 (0.81275)	
[2025-04-24 10:26:16,679][       train.py][line: 284][    INFO] (brats-met): Epoch: 95, image auroc: 0.8218, pixel_auroc: 0.9088,
[2025-04-24 10:26:16,680][       train.py][line: 303][    INFO] (brats-met best): image auroc: 0.8525, pixel auroc: 0.9407,
[2025-04-24 10:26:40,856][       train.py][line: 383][    INFO] Epoch: [96/200]	Iter: [960/2000]	Loss 0.77742 (0.81563)	
[2025-04-24 10:27:05,755][       train.py][line: 383][    INFO] Epoch: [97/200]	Iter: [970/2000]	Loss 0.73395 (0.81384)	
[2025-04-24 10:27:30,466][       train.py][line: 383][    INFO] Epoch: [98/200]	Iter: [980/2000]	Loss 0.78284 (0.80768)	
[2025-04-24 10:27:54,781][       train.py][line: 383][    INFO] Epoch: [99/200]	Iter: [990/2000]	Loss 0.76214 (0.82321)	
[2025-04-24 10:28:19,828][       train.py][line: 383][    INFO] Epoch: [100/200]	Iter: [1000/2000]	Loss 0.83293 (0.80846)	
[2025-04-24 10:28:44,417][       train.py][line: 284][    INFO] (brats-met): Epoch: 100, image auroc: 0.8259, pixel_auroc: 0.9253,
[2025-04-24 10:28:44,417][       train.py][line: 303][    INFO] (brats-met best): image auroc: 0.8525, pixel auroc: 0.9407,
[2025-04-24 10:29:08,583][       train.py][line: 383][    INFO] Epoch: [101/200]	Iter: [1010/2000]	Loss 0.75521 (0.80003)	
[2025-04-24 10:29:33,491][       train.py][line: 383][    INFO] Epoch: [102/200]	Iter: [1020/2000]	Loss 0.82839 (0.80409)	
[2025-04-24 10:29:58,025][       train.py][line: 383][    INFO] Epoch: [103/200]	Iter: [1030/2000]	Loss 0.88458 (0.81686)	
[2025-04-24 10:30:23,106][       train.py][line: 383][    INFO] Epoch: [104/200]	Iter: [1040/2000]	Loss 0.75283 (0.80372)	
[2025-04-24 10:30:47,933][       train.py][line: 383][    INFO] Epoch: [105/200]	Iter: [1050/2000]	Loss 0.79799 (0.80908)	
[2025-04-24 10:31:12,585][       train.py][line: 284][    INFO] (brats-met): Epoch: 105, image auroc: 0.8518, pixel_auroc: 0.9422,
[2025-04-24 10:31:12,585][       train.py][line: 303][    INFO] (brats-met best): image auroc: 0.8518, pixel auroc: 0.9422,
[2025-04-24 10:31:12,585][       train.py][line: 319][    INFO] save checkpoints in epoch: 105
[2025-04-24 10:31:37,097][       train.py][line: 383][    INFO] Epoch: [106/200]	Iter: [1060/2000]	Loss 0.78002 (0.79257)	
[2025-04-24 10:32:02,089][       train.py][line: 383][    INFO] Epoch: [107/200]	Iter: [1070/2000]	Loss 0.73051 (0.78445)	
[2025-04-24 10:32:27,114][       train.py][line: 383][    INFO] Epoch: [108/200]	Iter: [1080/2000]	Loss 0.78414 (0.79572)	
[2025-04-24 10:32:52,110][       train.py][line: 383][    INFO] Epoch: [109/200]	Iter: [1090/2000]	Loss 0.77365 (0.80069)	
[2025-04-24 10:33:16,692][       train.py][line: 383][    INFO] Epoch: [110/200]	Iter: [1100/2000]	Loss 0.85230 (0.82494)	
[2025-04-24 10:33:41,292][       train.py][line: 284][    INFO] (brats-met): Epoch: 110, image auroc: 0.8169, pixel_auroc: 0.9021,
[2025-04-24 10:33:41,293][       train.py][line: 303][    INFO] (brats-met best): image auroc: 0.8518, pixel auroc: 0.9422,
[2025-04-24 10:34:05,530][       train.py][line: 383][    INFO] Epoch: [111/200]	Iter: [1110/2000]	Loss 0.77881 (0.79779)	
[2025-04-24 10:34:30,989][       train.py][line: 383][    INFO] Epoch: [112/200]	Iter: [1120/2000]	Loss 0.82289 (0.79659)	
[2025-04-24 10:34:55,664][       train.py][line: 383][    INFO] Epoch: [113/200]	Iter: [1130/2000]	Loss 0.82198 (0.80608)	
[2025-04-24 10:35:20,444][       train.py][line: 383][    INFO] Epoch: [114/200]	Iter: [1140/2000]	Loss 0.74552 (0.80141)	
[2025-04-24 10:35:45,391][       train.py][line: 383][    INFO] Epoch: [115/200]	Iter: [1150/2000]	Loss 0.78560 (0.80107)	
[2025-04-24 10:36:10,017][       train.py][line: 284][    INFO] (brats-met): Epoch: 115, image auroc: 0.8354, pixel_auroc: 0.8884,
[2025-04-24 10:36:10,017][       train.py][line: 303][    INFO] (brats-met best): image auroc: 0.8518, pixel auroc: 0.9422,
[2025-04-24 10:36:34,403][       train.py][line: 383][    INFO] Epoch: [116/200]	Iter: [1160/2000]	Loss 0.86728 (0.78336)	
[2025-04-24 10:36:59,425][       train.py][line: 383][    INFO] Epoch: [117/200]	Iter: [1170/2000]	Loss 0.77233 (0.80299)	
[2025-04-24 10:37:24,352][       train.py][line: 383][    INFO] Epoch: [118/200]	Iter: [1180/2000]	Loss 0.81396 (0.82714)	
[2025-04-24 10:37:49,112][       train.py][line: 383][    INFO] Epoch: [119/200]	Iter: [1190/2000]	Loss 0.84373 (0.81000)	
[2025-04-24 10:38:13,772][       train.py][line: 383][    INFO] Epoch: [120/200]	Iter: [1200/2000]	Loss 0.81222 (0.80306)	
[2025-04-24 10:38:38,405][       train.py][line: 284][    INFO] (brats-met): Epoch: 120, image auroc: 0.8319, pixel_auroc: 0.9249,
[2025-04-24 10:38:38,405][       train.py][line: 303][    INFO] (brats-met best): image auroc: 0.8518, pixel auroc: 0.9422,
[2025-04-24 10:39:02,511][       train.py][line: 383][    INFO] Epoch: [121/200]	Iter: [1210/2000]	Loss 0.71573 (0.80068)	
[2025-04-24 10:39:27,713][       train.py][line: 383][    INFO] Epoch: [122/200]	Iter: [1220/2000]	Loss 0.75357 (0.81233)	
[2025-04-24 10:39:52,564][       train.py][line: 383][    INFO] Epoch: [123/200]	Iter: [1230/2000]	Loss 0.82062 (0.81694)	
[2025-04-24 10:40:17,145][       train.py][line: 383][    INFO] Epoch: [124/200]	Iter: [1240/2000]	Loss 0.83275 (0.80828)	
[2025-04-24 10:40:41,994][       train.py][line: 383][    INFO] Epoch: [125/200]	Iter: [1250/2000]	Loss 0.77841 (0.79749)	
[2025-04-24 10:41:06,617][       train.py][line: 284][    INFO] (brats-met): Epoch: 125, image auroc: 0.8349, pixel_auroc: 0.9084,
[2025-04-24 10:41:06,617][       train.py][line: 303][    INFO] (brats-met best): image auroc: 0.8518, pixel auroc: 0.9422,
[2025-04-24 10:41:30,902][       train.py][line: 383][    INFO] Epoch: [126/200]	Iter: [1260/2000]	Loss 0.78551 (0.79787)	
[2025-04-24 10:41:55,929][       train.py][line: 383][    INFO] Epoch: [127/200]	Iter: [1270/2000]	Loss 0.81481 (0.81235)	
[2025-04-24 10:42:20,888][       train.py][line: 383][    INFO] Epoch: [128/200]	Iter: [1280/2000]	Loss 0.81539 (0.79674)	
[2025-04-24 10:42:45,531][       train.py][line: 383][    INFO] Epoch: [129/200]	Iter: [1290/2000]	Loss 0.73553 (0.80523)	
[2025-04-24 10:43:10,083][       train.py][line: 383][    INFO] Epoch: [130/200]	Iter: [1300/2000]	Loss 0.76331 (0.79406)	
[2025-04-24 10:43:34,756][       train.py][line: 284][    INFO] (brats-met): Epoch: 130, image auroc: 0.8518, pixel_auroc: 0.9228,
[2025-04-24 10:43:34,757][       train.py][line: 303][    INFO] (brats-met best): image auroc: 0.8518, pixel auroc: 0.9422,
[2025-04-24 10:43:59,015][       train.py][line: 383][    INFO] Epoch: [131/200]	Iter: [1310/2000]	Loss 0.77142 (0.80348)	
[2025-04-24 10:44:24,533][       train.py][line: 383][    INFO] Epoch: [132/200]	Iter: [1320/2000]	Loss 0.76853 (0.79346)	
[2025-04-24 10:44:49,190][       train.py][line: 383][    INFO] Epoch: [133/200]	Iter: [1330/2000]	Loss 0.84128 (0.81635)	
[2025-04-24 10:45:13,679][       train.py][line: 383][    INFO] Epoch: [134/200]	Iter: [1340/2000]	Loss 0.82423 (0.79962)	
[2025-04-24 10:45:38,547][       train.py][line: 383][    INFO] Epoch: [135/200]	Iter: [1350/2000]	Loss 0.78095 (0.81846)	
[2025-04-24 10:46:03,372][       train.py][line: 284][    INFO] (brats-met): Epoch: 135, image auroc: 0.8439, pixel_auroc: 0.9021,
[2025-04-24 10:46:03,372][       train.py][line: 303][    INFO] (brats-met best): image auroc: 0.8518, pixel auroc: 0.9422,
[2025-04-24 10:46:27,532][       train.py][line: 383][    INFO] Epoch: [136/200]	Iter: [1360/2000]	Loss 0.87912 (0.81221)	
[2025-04-24 10:46:52,714][       train.py][line: 383][    INFO] Epoch: [137/200]	Iter: [1370/2000]	Loss 0.73156 (0.80241)	
[2025-04-24 10:47:17,506][       train.py][line: 383][    INFO] Epoch: [138/200]	Iter: [1380/2000]	Loss 0.79054 (0.80128)	
[2025-04-24 10:47:42,266][       train.py][line: 383][    INFO] Epoch: [139/200]	Iter: [1390/2000]	Loss 0.71425 (0.80879)	
[2025-04-24 10:48:06,965][       train.py][line: 383][    INFO] Epoch: [140/200]	Iter: [1400/2000]	Loss 0.80889 (0.81167)	
[2025-04-24 10:48:31,638][       train.py][line: 284][    INFO] (brats-met): Epoch: 140, image auroc: 0.8495, pixel_auroc: 0.9024,
[2025-04-24 10:48:31,639][       train.py][line: 303][    INFO] (brats-met best): image auroc: 0.8518, pixel auroc: 0.9422,
[2025-04-24 10:48:55,713][       train.py][line: 383][    INFO] Epoch: [141/200]	Iter: [1410/2000]	Loss 0.81122 (0.82055)	
[2025-04-24 10:49:20,925][       train.py][line: 383][    INFO] Epoch: [142/200]	Iter: [1420/2000]	Loss 0.83354 (0.81542)	
[2025-04-24 10:49:46,051][       train.py][line: 383][    INFO] Epoch: [143/200]	Iter: [1430/2000]	Loss 0.78124 (0.78077)	
[2025-04-24 10:50:11,207][       train.py][line: 383][    INFO] Epoch: [144/200]	Iter: [1440/2000]	Loss 0.72814 (0.79849)	
[2025-04-24 10:50:36,050][       train.py][line: 383][    INFO] Epoch: [145/200]	Iter: [1450/2000]	Loss 0.79759 (0.80013)	
[2025-04-24 10:51:00,701][       train.py][line: 284][    INFO] (brats-met): Epoch: 145, image auroc: 0.8402, pixel_auroc: 0.9102,
[2025-04-24 10:51:00,702][       train.py][line: 303][    INFO] (brats-met best): image auroc: 0.8518, pixel auroc: 0.9422,
[2025-04-24 10:51:24,840][       train.py][line: 383][    INFO] Epoch: [146/200]	Iter: [1460/2000]	Loss 0.87012 (0.80297)	
[2025-04-24 10:51:50,037][       train.py][line: 383][    INFO] Epoch: [147/200]	Iter: [1470/2000]	Loss 0.76706 (0.78865)	
[2025-04-24 10:52:14,677][       train.py][line: 383][    INFO] Epoch: [148/200]	Iter: [1480/2000]	Loss 0.77025 (0.81628)	
[2025-04-24 10:52:39,359][       train.py][line: 383][    INFO] Epoch: [149/200]	Iter: [1490/2000]	Loss 0.76539 (0.80768)	
[2025-04-24 10:53:03,856][       train.py][line: 383][    INFO] Epoch: [150/200]	Iter: [1500/2000]	Loss 0.77464 (0.79884)	
[2025-04-24 10:53:28,493][       train.py][line: 284][    INFO] (brats-met): Epoch: 150, image auroc: 0.8439, pixel_auroc: 0.8895,
[2025-04-24 10:53:28,493][       train.py][line: 303][    INFO] (brats-met best): image auroc: 0.8518, pixel auroc: 0.9422,
[2025-04-24 10:53:53,038][       train.py][line: 383][    INFO] Epoch: [151/200]	Iter: [1510/2000]	Loss 0.77986 (0.79427)	
[2025-04-24 10:54:18,304][       train.py][line: 383][    INFO] Epoch: [152/200]	Iter: [1520/2000]	Loss 0.79678 (0.81922)	
[2025-04-24 10:54:43,141][       train.py][line: 383][    INFO] Epoch: [153/200]	Iter: [1530/2000]	Loss 0.78249 (0.81745)	
[2025-04-24 10:55:07,851][       train.py][line: 383][    INFO] Epoch: [154/200]	Iter: [1540/2000]	Loss 0.81588 (0.80828)	
[2025-04-24 10:55:32,525][       train.py][line: 383][    INFO] Epoch: [155/200]	Iter: [1550/2000]	Loss 0.82230 (0.80649)	
[2025-04-24 10:55:57,070][       train.py][line: 284][    INFO] (brats-met): Epoch: 155, image auroc: 0.8471, pixel_auroc: 0.9222,
[2025-04-24 10:55:57,071][       train.py][line: 303][    INFO] (brats-met best): image auroc: 0.8518, pixel auroc: 0.9422,
[2025-04-24 10:56:21,433][       train.py][line: 383][    INFO] Epoch: [156/200]	Iter: [1560/2000]	Loss 0.72780 (0.79559)	
[2025-04-24 10:56:46,912][       train.py][line: 383][    INFO] Epoch: [157/200]	Iter: [1570/2000]	Loss 0.75154 (0.79719)	
[2025-04-24 10:57:11,550][       train.py][line: 383][    INFO] Epoch: [158/200]	Iter: [1580/2000]	Loss 0.72388 (0.81782)	
[2025-04-24 10:57:36,057][       train.py][line: 383][    INFO] Epoch: [159/200]	Iter: [1590/2000]	Loss 0.75801 (0.81975)	
[2025-04-24 10:58:00,691][       train.py][line: 383][    INFO] Epoch: [160/200]	Iter: [1600/2000]	Loss 0.80082 (0.81254)	
[2025-04-24 10:58:25,693][       train.py][line: 284][    INFO] (brats-met): Epoch: 160, image auroc: 0.8466, pixel_auroc: 0.9293,
[2025-04-24 10:58:25,694][       train.py][line: 303][    INFO] (brats-met best): image auroc: 0.8518, pixel auroc: 0.9422,
[2025-04-24 10:58:49,732][       train.py][line: 383][    INFO] Epoch: [161/200]	Iter: [1610/2000]	Loss 0.79257 (0.81200)	
[2025-04-24 10:59:14,925][       train.py][line: 383][    INFO] Epoch: [162/200]	Iter: [1620/2000]	Loss 0.86982 (0.80659)	
[2025-04-24 10:59:39,889][       train.py][line: 383][    INFO] Epoch: [163/200]	Iter: [1630/2000]	Loss 0.82840 (0.81635)	
[2025-04-24 11:00:04,534][       train.py][line: 383][    INFO] Epoch: [164/200]	Iter: [1640/2000]	Loss 0.78296 (0.78795)	
[2025-04-24 11:00:29,463][       train.py][line: 383][    INFO] Epoch: [165/200]	Iter: [1650/2000]	Loss 0.76872 (0.80775)	
[2025-04-24 11:00:54,003][       train.py][line: 284][    INFO] (brats-met): Epoch: 165, image auroc: 0.8313, pixel_auroc: 0.9205,
[2025-04-24 11:00:54,003][       train.py][line: 303][    INFO] (brats-met best): image auroc: 0.8518, pixel auroc: 0.9422,
[2025-04-24 11:01:17,962][       train.py][line: 383][    INFO] Epoch: [166/200]	Iter: [1660/2000]	Loss 0.74889 (0.81372)	
[2025-04-24 11:01:43,354][       train.py][line: 383][    INFO] Epoch: [167/200]	Iter: [1670/2000]	Loss 0.75705 (0.79282)	
[2025-04-24 11:02:08,018][       train.py][line: 383][    INFO] Epoch: [168/200]	Iter: [1680/2000]	Loss 0.74096 (0.79606)	
[2025-04-24 11:02:32,686][       train.py][line: 383][    INFO] Epoch: [169/200]	Iter: [1690/2000]	Loss 0.80122 (0.80985)	
[2025-04-24 11:02:57,727][       train.py][line: 383][    INFO] Epoch: [170/200]	Iter: [1700/2000]	Loss 0.76935 (0.78642)	
[2025-04-24 11:03:22,232][       train.py][line: 284][    INFO] (brats-met): Epoch: 170, image auroc: 0.8387, pixel_auroc: 0.9215,
[2025-04-24 11:03:22,233][       train.py][line: 303][    INFO] (brats-met best): image auroc: 0.8518, pixel auroc: 0.9422,
[2025-04-24 11:03:46,176][       train.py][line: 383][    INFO] Epoch: [171/200]	Iter: [1710/2000]	Loss 0.73901 (0.81115)	
[2025-04-24 11:04:11,292][       train.py][line: 383][    INFO] Epoch: [172/200]	Iter: [1720/2000]	Loss 0.83032 (0.81253)	
[2025-04-24 11:04:36,078][       train.py][line: 383][    INFO] Epoch: [173/200]	Iter: [1730/2000]	Loss 0.76060 (0.79054)	
[2025-04-24 11:05:00,935][       train.py][line: 383][    INFO] Epoch: [174/200]	Iter: [1740/2000]	Loss 0.73426 (0.79400)	
[2025-04-24 11:05:26,129][       train.py][line: 383][    INFO] Epoch: [175/200]	Iter: [1750/2000]	Loss 0.82234 (0.79985)	
[2025-04-24 11:05:50,899][       train.py][line: 284][    INFO] (brats-met): Epoch: 175, image auroc: 0.8500, pixel_auroc: 0.9128,
[2025-04-24 11:05:50,899][       train.py][line: 303][    INFO] (brats-met best): image auroc: 0.8518, pixel auroc: 0.9422,
[2025-04-24 11:06:14,841][       train.py][line: 383][    INFO] Epoch: [176/200]	Iter: [1760/2000]	Loss 0.79176 (0.81850)	
[2025-04-24 11:06:40,777][       train.py][line: 383][    INFO] Epoch: [177/200]	Iter: [1770/2000]	Loss 0.80536 (0.81275)	
[2025-04-24 11:07:05,936][       train.py][line: 383][    INFO] Epoch: [178/200]	Iter: [1780/2000]	Loss 0.81591 (0.81520)	
[2025-04-24 11:07:30,591][       train.py][line: 383][    INFO] Epoch: [179/200]	Iter: [1790/2000]	Loss 0.81336 (0.80918)	
[2025-04-24 11:07:55,621][       train.py][line: 383][    INFO] Epoch: [180/200]	Iter: [1800/2000]	Loss 0.81512 (0.81032)	
[2025-04-24 11:08:20,318][       train.py][line: 284][    INFO] (brats-met): Epoch: 180, image auroc: 0.8454, pixel_auroc: 0.9018,
[2025-04-24 11:08:20,318][       train.py][line: 303][    INFO] (brats-met best): image auroc: 0.8518, pixel auroc: 0.9422,
[2025-04-24 11:08:44,202][       train.py][line: 383][    INFO] Epoch: [181/200]	Iter: [1810/2000]	Loss 0.74732 (0.81177)	
[2025-04-24 11:09:09,194][       train.py][line: 383][    INFO] Epoch: [182/200]	Iter: [1820/2000]	Loss 0.69600 (0.79762)	
[2025-04-24 11:09:33,648][       train.py][line: 383][    INFO] Epoch: [183/200]	Iter: [1830/2000]	Loss 0.74416 (0.79621)	
[2025-04-24 11:09:58,443][       train.py][line: 383][    INFO] Epoch: [184/200]	Iter: [1840/2000]	Loss 0.71302 (0.81415)	
[2025-04-24 11:10:23,381][       train.py][line: 383][    INFO] Epoch: [185/200]	Iter: [1850/2000]	Loss 0.83349 (0.79844)	
[2025-04-24 11:10:48,066][       train.py][line: 284][    INFO] (brats-met): Epoch: 185, image auroc: 0.8257, pixel_auroc: 0.8706,
[2025-04-24 11:10:48,066][       train.py][line: 303][    INFO] (brats-met best): image auroc: 0.8518, pixel auroc: 0.9422,
[2025-04-24 11:11:12,273][       train.py][line: 383][    INFO] Epoch: [186/200]	Iter: [1860/2000]	Loss 0.83034 (0.80823)	
[2025-04-24 11:11:37,307][       train.py][line: 383][    INFO] Epoch: [187/200]	Iter: [1870/2000]	Loss 0.72193 (0.78793)	
[2025-04-24 11:12:01,798][       train.py][line: 383][    INFO] Epoch: [188/200]	Iter: [1880/2000]	Loss 0.70135 (0.79034)	
[2025-04-24 11:12:26,552][       train.py][line: 383][    INFO] Epoch: [189/200]	Iter: [1890/2000]	Loss 0.84124 (0.80653)	
[2025-04-24 11:12:51,532][       train.py][line: 383][    INFO] Epoch: [190/200]	Iter: [1900/2000]	Loss 0.79910 (0.80326)	
[2025-04-24 11:13:16,270][       train.py][line: 284][    INFO] (brats-met): Epoch: 190, image auroc: 0.8550, pixel_auroc: 0.9212,
[2025-04-24 11:13:16,270][       train.py][line: 303][    INFO] (brats-met best): image auroc: 0.8518, pixel auroc: 0.9422,
[2025-04-24 11:13:40,702][       train.py][line: 383][    INFO] Epoch: [191/200]	Iter: [1910/2000]	Loss 0.83209 (0.80818)	
[2025-04-24 11:14:05,875][       train.py][line: 383][    INFO] Epoch: [192/200]	Iter: [1920/2000]	Loss 0.86329 (0.79412)	
[2025-04-24 11:14:30,536][       train.py][line: 383][    INFO] Epoch: [193/200]	Iter: [1930/2000]	Loss 0.75892 (0.80910)	
[2025-04-24 11:14:55,303][       train.py][line: 383][    INFO] Epoch: [194/200]	Iter: [1940/2000]	Loss 0.77989 (0.80077)	
[2025-04-24 11:15:20,405][       train.py][line: 383][    INFO] Epoch: [195/200]	Iter: [1950/2000]	Loss 0.75711 (0.80971)	
[2025-04-24 11:15:45,153][       train.py][line: 284][    INFO] (brats-met): Epoch: 195, image auroc: 0.8505, pixel_auroc: 0.9294,
[2025-04-24 11:15:45,154][       train.py][line: 303][    INFO] (brats-met best): image auroc: 0.8518, pixel auroc: 0.9422,
[2025-04-24 11:16:09,312][       train.py][line: 383][    INFO] Epoch: [196/200]	Iter: [1960/2000]	Loss 0.80671 (0.81010)	
[2025-04-24 11:16:34,410][       train.py][line: 383][    INFO] Epoch: [197/200]	Iter: [1970/2000]	Loss 0.76674 (0.79079)	
[2025-04-24 11:16:59,663][       train.py][line: 383][    INFO] Epoch: [198/200]	Iter: [1980/2000]	Loss 0.80043 (0.79139)	
[2025-04-24 11:17:24,389][       train.py][line: 383][    INFO] Epoch: [199/200]	Iter: [1990/2000]	Loss 0.81827 (0.81989)	
[2025-04-24 11:17:49,428][       train.py][line: 383][    INFO] Epoch: [200/200]	Iter: [2000/2000]	Loss 0.80475 (0.79961)	
[2025-04-24 11:18:14,208][       train.py][line: 284][    INFO] (brats-met): Epoch: 200, image auroc: 0.8352, pixel_auroc: 0.9088,
[2025-04-24 11:18:14,209][       train.py][line: 303][    INFO] (brats-met best): image auroc: 0.8518, pixel auroc: 0.9422,
