[2025-04-23 21:02:24,707][       train.py][line: 102][    INFO] load CoOp
[2025-04-23 21:02:24,836][       train.py][line: 201][    INFO] train data (brainmri) len 10
[2025-04-23 21:02:24,836][       train.py][line: 206][    INFO] test data (brainmri) len 220
[2025-04-23 21:02:24,836][       train.py][line: 213][    INFO] anomaly syn task is CutpasteTask, sampling probability is 0.25
[2025-04-23 21:02:24,836][       train.py][line: 213][    INFO] anomaly syn task is GaussIntensityChangeTask, sampling probability is 0.25
[2025-04-23 21:02:24,836][       train.py][line: 213][    INFO] anomaly syn task is SourceTask, sampling probability is 0.25
[2025-04-23 21:02:24,836][       train.py][line: 213][    INFO] anomaly syn task is IdentityTask, sampling probability is 0.25
[2025-04-23 21:03:00,317][       train.py][line: 383][    INFO] Epoch: [5/200]	Iter: [10/400]	Loss 0.98156 (0.92774)	
[2025-04-23 21:03:17,504][       train.py][line: 293][    INFO] (brainmri): Epoch: 5, image auroc: 0.8822,
[2025-04-23 21:03:17,504][       train.py][line: 311][    INFO] (brainmri best): image auroc: 0.8822,
[2025-04-23 21:03:17,504][       train.py][line: 319][    INFO] save checkpoints in epoch: 5
[2025-04-23 21:03:53,020][       train.py][line: 383][    INFO] Epoch: [10/200]	Iter: [20/400]	Loss 1.01178 (0.90637)	
[2025-04-23 21:04:09,781][       train.py][line: 293][    INFO] (brainmri): Epoch: 10, image auroc: 0.9008,
[2025-04-23 21:04:09,781][       train.py][line: 311][    INFO] (brainmri best): image auroc: 0.9008,
[2025-04-23 21:04:09,781][       train.py][line: 319][    INFO] save checkpoints in epoch: 10
[2025-04-23 21:04:45,479][       train.py][line: 383][    INFO] Epoch: [15/200]	Iter: [30/400]	Loss 0.58821 (0.67076)	
[2025-04-23 21:05:02,539][       train.py][line: 293][    INFO] (brainmri): Epoch: 15, image auroc: 0.8958,
[2025-04-23 21:05:02,539][       train.py][line: 311][    INFO] (brainmri best): image auroc: 0.9008,
[2025-04-23 21:05:37,978][       train.py][line: 383][    INFO] Epoch: [20/200]	Iter: [40/400]	Loss 0.67060 (0.75924)	
[2025-04-23 21:05:55,221][       train.py][line: 293][    INFO] (brainmri): Epoch: 20, image auroc: 0.9123,
[2025-04-23 21:05:55,221][       train.py][line: 311][    INFO] (brainmri best): image auroc: 0.9123,
[2025-04-23 21:05:55,221][       train.py][line: 319][    INFO] save checkpoints in epoch: 20
[2025-04-23 21:06:30,948][       train.py][line: 383][    INFO] Epoch: [25/200]	Iter: [50/400]	Loss 0.85779 (0.85899)	
[2025-04-23 21:06:48,166][       train.py][line: 293][    INFO] (brainmri): Epoch: 25, image auroc: 0.9197,
[2025-04-23 21:06:48,166][       train.py][line: 311][    INFO] (brainmri best): image auroc: 0.9197,
[2025-04-23 21:06:48,166][       train.py][line: 319][    INFO] save checkpoints in epoch: 25
[2025-04-23 21:07:24,066][       train.py][line: 383][    INFO] Epoch: [30/200]	Iter: [60/400]	Loss 0.57421 (0.63445)	
[2025-04-23 21:07:41,419][       train.py][line: 293][    INFO] (brainmri): Epoch: 30, image auroc: 0.9269,
[2025-04-23 21:07:41,419][       train.py][line: 311][    INFO] (brainmri best): image auroc: 0.9269,
[2025-04-23 21:07:41,419][       train.py][line: 319][    INFO] save checkpoints in epoch: 30
[2025-04-23 21:08:17,141][       train.py][line: 383][    INFO] Epoch: [35/200]	Iter: [70/400]	Loss 0.91051 (0.79968)	
[2025-04-23 21:08:34,553][       train.py][line: 293][    INFO] (brainmri): Epoch: 35, image auroc: 0.9297,
[2025-04-23 21:08:34,553][       train.py][line: 311][    INFO] (brainmri best): image auroc: 0.9297,
[2025-04-23 21:08:34,553][       train.py][line: 319][    INFO] save checkpoints in epoch: 35
[2025-04-23 21:09:10,360][       train.py][line: 383][    INFO] Epoch: [40/200]	Iter: [80/400]	Loss 0.73369 (0.70634)	
[2025-04-23 21:09:27,584][       train.py][line: 293][    INFO] (brainmri): Epoch: 40, image auroc: 0.9231,
[2025-04-23 21:09:27,584][       train.py][line: 311][    INFO] (brainmri best): image auroc: 0.9297,
[2025-04-23 21:10:03,294][       train.py][line: 383][    INFO] Epoch: [45/200]	Iter: [90/400]	Loss 0.96290 (0.81413)	
[2025-04-23 21:10:20,577][       train.py][line: 293][    INFO] (brainmri): Epoch: 45, image auroc: 0.9290,
[2025-04-23 21:10:20,577][       train.py][line: 311][    INFO] (brainmri best): image auroc: 0.9297,
[2025-04-23 21:10:56,338][       train.py][line: 383][    INFO] Epoch: [50/200]	Iter: [100/400]	Loss 0.77670 (0.82291)	
[2025-04-23 21:11:13,692][       train.py][line: 293][    INFO] (brainmri): Epoch: 50, image auroc: 0.9200,
[2025-04-23 21:11:13,693][       train.py][line: 311][    INFO] (brainmri best): image auroc: 0.9297,
[2025-04-23 21:11:49,424][       train.py][line: 383][    INFO] Epoch: [55/200]	Iter: [110/400]	Loss 0.51840 (0.66630)	
[2025-04-23 21:12:06,885][       train.py][line: 293][    INFO] (brainmri): Epoch: 55, image auroc: 0.9152,
[2025-04-23 21:12:06,885][       train.py][line: 311][    INFO] (brainmri best): image auroc: 0.9297,
[2025-04-23 21:12:42,491][       train.py][line: 383][    INFO] Epoch: [60/200]	Iter: [120/400]	Loss 0.68206 (0.72653)	
[2025-04-23 21:12:59,928][       train.py][line: 293][    INFO] (brainmri): Epoch: 60, image auroc: 0.9395,
[2025-04-23 21:12:59,929][       train.py][line: 311][    INFO] (brainmri best): image auroc: 0.9395,
[2025-04-23 21:12:59,929][       train.py][line: 319][    INFO] save checkpoints in epoch: 60
[2025-04-23 21:13:35,668][       train.py][line: 383][    INFO] Epoch: [65/200]	Iter: [130/400]	Loss 0.83569 (0.73161)	
[2025-04-23 21:13:53,184][       train.py][line: 293][    INFO] (brainmri): Epoch: 65, image auroc: 0.9375,
[2025-04-23 21:13:53,184][       train.py][line: 311][    INFO] (brainmri best): image auroc: 0.9395,
[2025-04-23 21:14:28,964][       train.py][line: 383][    INFO] Epoch: [70/200]	Iter: [140/400]	Loss 0.75473 (0.73985)	
[2025-04-23 21:14:46,332][       train.py][line: 293][    INFO] (brainmri): Epoch: 70, image auroc: 0.9418,
[2025-04-23 21:14:46,332][       train.py][line: 311][    INFO] (brainmri best): image auroc: 0.9418,
[2025-04-23 21:14:46,332][       train.py][line: 319][    INFO] save checkpoints in epoch: 70
[2025-04-23 21:15:22,186][       train.py][line: 383][    INFO] Epoch: [75/200]	Iter: [150/400]	Loss 0.60742 (0.69349)	
[2025-04-23 21:15:39,573][       train.py][line: 293][    INFO] (brainmri): Epoch: 75, image auroc: 0.9476,
[2025-04-23 21:15:39,573][       train.py][line: 311][    INFO] (brainmri best): image auroc: 0.9476,
[2025-04-23 21:15:39,573][       train.py][line: 319][    INFO] save checkpoints in epoch: 75
[2025-04-23 21:16:15,445][       train.py][line: 383][    INFO] Epoch: [80/200]	Iter: [160/400]	Loss 0.85078 (0.74054)	
[2025-04-23 21:16:32,941][       train.py][line: 293][    INFO] (brainmri): Epoch: 80, image auroc: 0.9181,
[2025-04-23 21:16:32,941][       train.py][line: 311][    INFO] (brainmri best): image auroc: 0.9476,
[2025-04-23 21:17:08,798][       train.py][line: 383][    INFO] Epoch: [85/200]	Iter: [170/400]	Loss 0.51142 (0.59339)	
[2025-04-23 21:17:26,260][       train.py][line: 293][    INFO] (brainmri): Epoch: 85, image auroc: 0.9031,
[2025-04-23 21:17:26,260][       train.py][line: 311][    INFO] (brainmri best): image auroc: 0.9476,
[2025-04-23 21:18:01,990][       train.py][line: 383][    INFO] Epoch: [90/200]	Iter: [180/400]	Loss 0.64837 (0.63667)	
[2025-04-23 21:18:19,688][       train.py][line: 293][    INFO] (brainmri): Epoch: 90, image auroc: 0.9152,
[2025-04-23 21:18:19,688][       train.py][line: 311][    INFO] (brainmri best): image auroc: 0.9476,
[2025-04-23 21:18:55,407][       train.py][line: 383][    INFO] Epoch: [95/200]	Iter: [190/400]	Loss 0.86226 (0.74500)	
[2025-04-23 21:19:12,739][       train.py][line: 293][    INFO] (brainmri): Epoch: 95, image auroc: 0.9215,
[2025-04-23 21:19:12,739][       train.py][line: 311][    INFO] (brainmri best): image auroc: 0.9476,
[2025-04-23 21:19:48,544][       train.py][line: 383][    INFO] Epoch: [100/200]	Iter: [200/400]	Loss 0.96597 (0.86636)	
[2025-04-23 21:20:05,963][       train.py][line: 293][    INFO] (brainmri): Epoch: 100, image auroc: 0.9238,
[2025-04-23 21:20:05,963][       train.py][line: 311][    INFO] (brainmri best): image auroc: 0.9476,
[2025-04-23 21:20:41,583][       train.py][line: 383][    INFO] Epoch: [105/200]	Iter: [210/400]	Loss 0.73480 (0.73871)	
[2025-04-23 21:20:59,119][       train.py][line: 293][    INFO] (brainmri): Epoch: 105, image auroc: 0.9348,
[2025-04-23 21:20:59,119][       train.py][line: 311][    INFO] (brainmri best): image auroc: 0.9476,
[2025-04-23 21:21:34,737][       train.py][line: 383][    INFO] Epoch: [110/200]	Iter: [220/400]	Loss 0.64898 (0.71799)	
[2025-04-23 21:21:52,187][       train.py][line: 293][    INFO] (brainmri): Epoch: 110, image auroc: 0.9319,
[2025-04-23 21:21:52,187][       train.py][line: 311][    INFO] (brainmri best): image auroc: 0.9476,
[2025-04-23 21:22:27,970][       train.py][line: 383][    INFO] Epoch: [115/200]	Iter: [230/400]	Loss 0.74885 (0.68354)	
[2025-04-23 21:22:45,381][       train.py][line: 293][    INFO] (brainmri): Epoch: 115, image auroc: 0.9227,
[2025-04-23 21:22:45,381][       train.py][line: 311][    INFO] (brainmri best): image auroc: 0.9476,
[2025-04-23 21:23:21,049][       train.py][line: 383][    INFO] Epoch: [120/200]	Iter: [240/400]	Loss 0.80815 (0.74795)	
[2025-04-23 21:23:38,468][       train.py][line: 293][    INFO] (brainmri): Epoch: 120, image auroc: 0.9193,
[2025-04-23 21:23:38,468][       train.py][line: 311][    INFO] (brainmri best): image auroc: 0.9476,
[2025-04-23 21:24:14,093][       train.py][line: 383][    INFO] Epoch: [125/200]	Iter: [250/400]	Loss 0.89122 (0.80704)	
[2025-04-23 21:24:31,587][       train.py][line: 293][    INFO] (brainmri): Epoch: 125, image auroc: 0.9220,
[2025-04-23 21:24:31,588][       train.py][line: 311][    INFO] (brainmri best): image auroc: 0.9476,
[2025-04-23 21:25:07,248][       train.py][line: 383][    INFO] Epoch: [130/200]	Iter: [260/400]	Loss 0.66509 (0.75676)	
[2025-04-23 21:25:24,710][       train.py][line: 293][    INFO] (brainmri): Epoch: 130, image auroc: 0.9299,
[2025-04-23 21:25:24,710][       train.py][line: 311][    INFO] (brainmri best): image auroc: 0.9476,
[2025-04-23 21:26:00,526][       train.py][line: 383][    INFO] Epoch: [135/200]	Iter: [270/400]	Loss 0.86065 (0.77496)	
[2025-04-23 21:26:18,274][       train.py][line: 293][    INFO] (brainmri): Epoch: 135, image auroc: 0.9075,
[2025-04-23 21:26:18,274][       train.py][line: 311][    INFO] (brainmri best): image auroc: 0.9476,
[2025-04-23 21:26:53,830][       train.py][line: 383][    INFO] Epoch: [140/200]	Iter: [280/400]	Loss 1.00197 (0.84149)	
