[2025-04-23 19:42:31,903][       train.py][line: 102][    INFO] load CoOp
[2025-04-23 19:42:32,022][       train.py][line: 201][    INFO] train data (brainmri) len 1
[2025-04-23 19:42:32,023][       train.py][line: 206][    INFO] test data (brainmri) len 220
[2025-04-23 19:42:32,023][       train.py][line: 213][    INFO] anomaly syn task is CutpasteTask, sampling probability is 0.25
[2025-04-23 19:42:32,023][       train.py][line: 213][    INFO] anomaly syn task is GaussIntensityChangeTask, sampling probability is 0.25
[2025-04-23 19:42:32,023][       train.py][line: 213][    INFO] anomaly syn task is SourceTask, sampling probability is 0.25
[2025-04-23 19:42:32,023][       train.py][line: 213][    INFO] anomaly syn task is IdentityTask, sampling probability is 0.25
[2025-04-23 19:42:51,262][       train.py][line: 293][    INFO] (brainmri): Epoch: 1, image auroc: 0.5158,
[2025-04-23 19:42:51,262][       train.py][line: 311][    INFO] (brainmri best): image auroc: 0.5158,
[2025-04-23 19:42:51,262][       train.py][line: 319][    INFO] save checkpoints in epoch: 1
[2025-04-23 19:43:11,012][       train.py][line: 293][    INFO] (brainmri): Epoch: 2, image auroc: 0.4695,
[2025-04-23 19:43:11,013][       train.py][line: 311][    INFO] (brainmri best): image auroc: 0.5158,
[2025-04-23 19:43:30,865][       train.py][line: 293][    INFO] (brainmri): Epoch: 3, image auroc: 0.4382,
[2025-04-23 19:43:30,865][       train.py][line: 311][    INFO] (brainmri best): image auroc: 0.5158,
[2025-04-23 19:43:50,804][       train.py][line: 293][    INFO] (brainmri): Epoch: 4, image auroc: 0.5369,
[2025-04-23 19:43:50,804][       train.py][line: 311][    INFO] (brainmri best): image auroc: 0.5369,
[2025-04-23 19:43:50,804][       train.py][line: 319][    INFO] save checkpoints in epoch: 4
[2025-04-23 19:44:10,556][       train.py][line: 293][    INFO] (brainmri): Epoch: 5, image auroc: 0.6122,
[2025-04-23 19:44:10,556][       train.py][line: 311][    INFO] (brainmri best): image auroc: 0.6122,
[2025-04-23 19:44:10,556][       train.py][line: 319][    INFO] save checkpoints in epoch: 5
[2025-04-23 19:44:30,932][       train.py][line: 293][    INFO] (brainmri): Epoch: 6, image auroc: 0.7071,
[2025-04-23 19:44:30,932][       train.py][line: 311][    INFO] (brainmri best): image auroc: 0.7071,
[2025-04-23 19:44:30,932][       train.py][line: 319][    INFO] save checkpoints in epoch: 6
[2025-04-23 19:44:51,490][       train.py][line: 293][    INFO] (brainmri): Epoch: 7, image auroc: 0.7462,
[2025-04-23 19:44:51,491][       train.py][line: 311][    INFO] (brainmri best): image auroc: 0.7462,
[2025-04-23 19:44:51,491][       train.py][line: 319][    INFO] save checkpoints in epoch: 7
[2025-04-23 19:45:12,046][       train.py][line: 293][    INFO] (brainmri): Epoch: 8, image auroc: 0.8026,
[2025-04-23 19:45:12,046][       train.py][line: 311][    INFO] (brainmri best): image auroc: 0.8026,
[2025-04-23 19:45:12,046][       train.py][line: 319][    INFO] save checkpoints in epoch: 8
[2025-04-23 19:45:32,609][       train.py][line: 293][    INFO] (brainmri): Epoch: 9, image auroc: 0.8470,
[2025-04-23 19:45:32,609][       train.py][line: 311][    INFO] (brainmri best): image auroc: 0.8470,
[2025-04-23 19:45:32,610][       train.py][line: 319][    INFO] save checkpoints in epoch: 9
[2025-04-23 19:45:35,759][       train.py][line: 383][    INFO] Epoch: [10/200]	Iter: [10/200]	Loss 0.77526 (0.77526)	
[2025-04-23 19:45:53,670][       train.py][line: 293][    INFO] (brainmri): Epoch: 10, image auroc: 0.8696,
[2025-04-23 19:45:53,671][       train.py][line: 311][    INFO] (brainmri best): image auroc: 0.8696,
[2025-04-23 19:45:53,671][       train.py][line: 319][    INFO] save checkpoints in epoch: 10
[2025-04-23 19:46:14,779][       train.py][line: 293][    INFO] (brainmri): Epoch: 11, image auroc: 0.8758,
[2025-04-23 19:46:14,780][       train.py][line: 311][    INFO] (brainmri best): image auroc: 0.8758,
[2025-04-23 19:46:14,780][       train.py][line: 319][    INFO] save checkpoints in epoch: 11
[2025-04-23 19:46:36,075][       train.py][line: 293][    INFO] (brainmri): Epoch: 12, image auroc: 0.8774,
[2025-04-23 19:46:36,075][       train.py][line: 311][    INFO] (brainmri best): image auroc: 0.8774,
[2025-04-23 19:46:36,075][       train.py][line: 319][    INFO] save checkpoints in epoch: 12
[2025-04-23 19:46:57,263][       train.py][line: 293][    INFO] (brainmri): Epoch: 13, image auroc: 0.8766,
[2025-04-23 19:46:57,263][       train.py][line: 311][    INFO] (brainmri best): image auroc: 0.8774,
[2025-04-23 19:47:18,647][       train.py][line: 293][    INFO] (brainmri): Epoch: 14, image auroc: 0.8842,
[2025-04-23 19:47:18,647][       train.py][line: 311][    INFO] (brainmri best): image auroc: 0.8842,
[2025-04-23 19:47:18,647][       train.py][line: 319][    INFO] save checkpoints in epoch: 14
[2025-04-23 19:47:39,980][       train.py][line: 293][    INFO] (brainmri): Epoch: 15, image auroc: 0.8905,
[2025-04-23 19:47:39,981][       train.py][line: 311][    INFO] (brainmri best): image auroc: 0.8905,
[2025-04-23 19:47:39,981][       train.py][line: 319][    INFO] save checkpoints in epoch: 15
[2025-04-23 19:48:01,061][       train.py][line: 293][    INFO] (brainmri): Epoch: 16, image auroc: 0.8937,
[2025-04-23 19:48:01,061][       train.py][line: 311][    INFO] (brainmri best): image auroc: 0.8937,
[2025-04-23 19:48:01,061][       train.py][line: 319][    INFO] save checkpoints in epoch: 16
[2025-04-23 19:48:22,867][       train.py][line: 293][    INFO] (brainmri): Epoch: 17, image auroc: 0.8928,
[2025-04-23 19:48:22,867][       train.py][line: 311][    INFO] (brainmri best): image auroc: 0.8937,
[2025-04-23 19:48:44,332][       train.py][line: 293][    INFO] (brainmri): Epoch: 18, image auroc: 0.8971,
[2025-04-23 19:48:44,332][       train.py][line: 311][    INFO] (brainmri best): image auroc: 0.8971,
[2025-04-23 19:48:44,332][       train.py][line: 319][    INFO] save checkpoints in epoch: 18
[2025-04-23 19:49:05,874][       train.py][line: 293][    INFO] (brainmri): Epoch: 19, image auroc: 0.9155,
[2025-04-23 19:49:05,874][       train.py][line: 311][    INFO] (brainmri best): image auroc: 0.9155,
[2025-04-23 19:49:05,874][       train.py][line: 319][    INFO] save checkpoints in epoch: 19
[2025-04-23 19:49:09,084][       train.py][line: 383][    INFO] Epoch: [20/200]	Iter: [20/200]	Loss 0.84783 (0.84783)	
[2025-04-23 19:49:27,406][       train.py][line: 293][    INFO] (brainmri): Epoch: 20, image auroc: 0.9172,
[2025-04-23 19:49:27,406][       train.py][line: 311][    INFO] (brainmri best): image auroc: 0.9172,
[2025-04-23 19:49:27,406][       train.py][line: 319][    INFO] save checkpoints in epoch: 20
[2025-04-23 19:49:48,688][       train.py][line: 293][    INFO] (brainmri): Epoch: 21, image auroc: 0.9153,
[2025-04-23 19:49:48,689][       train.py][line: 311][    INFO] (brainmri best): image auroc: 0.9172,
[2025-04-23 19:50:10,253][       train.py][line: 293][    INFO] (brainmri): Epoch: 22, image auroc: 0.9182,
[2025-04-23 19:50:10,253][       train.py][line: 311][    INFO] (brainmri best): image auroc: 0.9182,
[2025-04-23 19:50:10,253][       train.py][line: 319][    INFO] save checkpoints in epoch: 22
[2025-04-23 19:50:31,450][       train.py][line: 293][    INFO] (brainmri): Epoch: 23, image auroc: 0.9166,
[2025-04-23 19:50:31,451][       train.py][line: 311][    INFO] (brainmri best): image auroc: 0.9182,
[2025-04-23 19:50:52,920][       train.py][line: 293][    INFO] (brainmri): Epoch: 24, image auroc: 0.9183,
[2025-04-23 19:50:52,921][       train.py][line: 311][    INFO] (brainmri best): image auroc: 0.9183,
[2025-04-23 19:50:52,921][       train.py][line: 319][    INFO] save checkpoints in epoch: 24
[2025-04-23 19:51:14,184][       train.py][line: 293][    INFO] (brainmri): Epoch: 25, image auroc: 0.9169,
[2025-04-23 19:51:14,184][       train.py][line: 311][    INFO] (brainmri best): image auroc: 0.9183,
[2025-04-23 19:51:35,552][       train.py][line: 293][    INFO] (brainmri): Epoch: 26, image auroc: 0.9246,
[2025-04-23 19:51:35,552][       train.py][line: 311][    INFO] (brainmri best): image auroc: 0.9246,
[2025-04-23 19:51:35,552][       train.py][line: 319][    INFO] save checkpoints in epoch: 26
[2025-04-23 19:51:56,967][       train.py][line: 293][    INFO] (brainmri): Epoch: 27, image auroc: 0.9213,
[2025-04-23 19:51:56,967][       train.py][line: 311][    INFO] (brainmri best): image auroc: 0.9246,
[2025-04-23 19:52:18,619][       train.py][line: 293][    INFO] (brainmri): Epoch: 28, image auroc: 0.9212,
[2025-04-23 19:52:18,620][       train.py][line: 311][    INFO] (brainmri best): image auroc: 0.9246,
[2025-04-23 19:52:40,263][       train.py][line: 293][    INFO] (brainmri): Epoch: 29, image auroc: 0.9173,
[2025-04-23 19:52:40,263][       train.py][line: 311][    INFO] (brainmri best): image auroc: 0.9246,
[2025-04-23 19:52:43,304][       train.py][line: 383][    INFO] Epoch: [30/200]	Iter: [30/200]	Loss 0.66301 (0.66301)	
[2025-04-23 19:53:01,728][       train.py][line: 293][    INFO] (brainmri): Epoch: 30, image auroc: 0.9134,
[2025-04-23 19:53:01,729][       train.py][line: 311][    INFO] (brainmri best): image auroc: 0.9246,
[2025-04-23 19:53:23,467][       train.py][line: 293][    INFO] (brainmri): Epoch: 31, image auroc: 0.9117,
[2025-04-23 19:53:23,468][       train.py][line: 311][    INFO] (brainmri best): image auroc: 0.9246,
[2025-04-23 19:53:44,758][       train.py][line: 293][    INFO] (brainmri): Epoch: 32, image auroc: 0.9007,
[2025-04-23 19:53:44,759][       train.py][line: 311][    INFO] (brainmri best): image auroc: 0.9246,
[2025-04-23 19:54:06,257][       train.py][line: 293][    INFO] (brainmri): Epoch: 33, image auroc: 0.8833,
[2025-04-23 19:54:06,258][       train.py][line: 311][    INFO] (brainmri best): image auroc: 0.9246,
[2025-04-23 19:54:27,706][       train.py][line: 293][    INFO] (brainmri): Epoch: 34, image auroc: 0.8881,
[2025-04-23 19:54:27,707][       train.py][line: 311][    INFO] (brainmri best): image auroc: 0.9246,
[2025-04-23 19:54:48,882][       train.py][line: 293][    INFO] (brainmri): Epoch: 35, image auroc: 0.8954,
[2025-04-23 19:54:48,882][       train.py][line: 311][    INFO] (brainmri best): image auroc: 0.9246,
[2025-04-23 19:55:10,260][       train.py][line: 293][    INFO] (brainmri): Epoch: 36, image auroc: 0.9059,
[2025-04-23 19:55:10,261][       train.py][line: 311][    INFO] (brainmri best): image auroc: 0.9246,
[2025-04-23 19:55:31,609][       train.py][line: 293][    INFO] (brainmri): Epoch: 37, image auroc: 0.9109,
[2025-04-23 19:55:31,609][       train.py][line: 311][    INFO] (brainmri best): image auroc: 0.9246,
[2025-04-23 19:55:53,165][       train.py][line: 293][    INFO] (brainmri): Epoch: 38, image auroc: 0.9119,
[2025-04-23 19:55:53,165][       train.py][line: 311][    INFO] (brainmri best): image auroc: 0.9246,
[2025-04-23 19:56:14,553][       train.py][line: 293][    INFO] (brainmri): Epoch: 39, image auroc: 0.9128,
[2025-04-23 19:56:14,553][       train.py][line: 311][    INFO] (brainmri best): image auroc: 0.9246,
[2025-04-23 19:56:17,782][       train.py][line: 383][    INFO] Epoch: [40/200]	Iter: [40/200]	Loss 0.59567 (0.59567)	
[2025-04-23 19:56:36,061][       train.py][line: 293][    INFO] (brainmri): Epoch: 40, image auroc: 0.9104,
[2025-04-23 19:56:36,061][       train.py][line: 311][    INFO] (brainmri best): image auroc: 0.9246,
[2025-04-23 19:56:57,548][       train.py][line: 293][    INFO] (brainmri): Epoch: 41, image auroc: 0.9117,
[2025-04-23 19:56:57,548][       train.py][line: 311][    INFO] (brainmri best): image auroc: 0.9246,
[2025-04-23 19:57:19,542][       train.py][line: 293][    INFO] (brainmri): Epoch: 42, image auroc: 0.9139,
[2025-04-23 19:57:19,542][       train.py][line: 311][    INFO] (brainmri best): image auroc: 0.9246,
[2025-04-23 19:57:40,823][       train.py][line: 293][    INFO] (brainmri): Epoch: 43, image auroc: 0.9140,
[2025-04-23 19:57:40,823][       train.py][line: 311][    INFO] (brainmri best): image auroc: 0.9246,
[2025-04-23 19:58:02,169][       train.py][line: 293][    INFO] (brainmri): Epoch: 44, image auroc: 0.9168,
[2025-04-23 19:58:02,169][       train.py][line: 311][    INFO] (brainmri best): image auroc: 0.9246,
[2025-04-23 19:58:23,957][       train.py][line: 293][    INFO] (brainmri): Epoch: 45, image auroc: 0.9206,
[2025-04-23 19:58:23,957][       train.py][line: 311][    INFO] (brainmri best): image auroc: 0.9246,
[2025-04-23 19:58:45,289][       train.py][line: 293][    INFO] (brainmri): Epoch: 46, image auroc: 0.9238,
[2025-04-23 19:58:45,289][       train.py][line: 311][    INFO] (brainmri best): image auroc: 0.9246,
[2025-04-23 19:59:06,470][       train.py][line: 293][    INFO] (brainmri): Epoch: 47, image auroc: 0.9219,
[2025-04-23 19:59:06,470][       train.py][line: 311][    INFO] (brainmri best): image auroc: 0.9246,
[2025-04-23 19:59:28,011][       train.py][line: 293][    INFO] (brainmri): Epoch: 48, image auroc: 0.9234,
[2025-04-23 19:59:28,011][       train.py][line: 311][    INFO] (brainmri best): image auroc: 0.9246,
[2025-04-23 19:59:49,700][       train.py][line: 293][    INFO] (brainmri): Epoch: 49, image auroc: 0.9216,
[2025-04-23 19:59:49,700][       train.py][line: 311][    INFO] (brainmri best): image auroc: 0.9246,
[2025-04-23 19:59:52,499][       train.py][line: 383][    INFO] Epoch: [50/200]	Iter: [50/200]	Loss 1.00301 (1.00301)	
[2025-04-23 20:00:11,040][       train.py][line: 293][    INFO] (brainmri): Epoch: 50, image auroc: 0.9209,
[2025-04-23 20:00:11,041][       train.py][line: 311][    INFO] (brainmri best): image auroc: 0.9246,
[2025-04-23 20:00:32,492][       train.py][line: 293][    INFO] (brainmri): Epoch: 51, image auroc: 0.9196,
[2025-04-23 20:00:32,492][       train.py][line: 311][    INFO] (brainmri best): image auroc: 0.9246,
[2025-04-23 20:00:53,964][       train.py][line: 293][    INFO] (brainmri): Epoch: 52, image auroc: 0.9219,
[2025-04-23 20:00:53,964][       train.py][line: 311][    INFO] (brainmri best): image auroc: 0.9246,
[2025-04-23 20:01:15,319][       train.py][line: 293][    INFO] (brainmri): Epoch: 53, image auroc: 0.9234,
[2025-04-23 20:01:15,319][       train.py][line: 311][    INFO] (brainmri best): image auroc: 0.9246,
[2025-04-23 20:01:36,656][       train.py][line: 293][    INFO] (brainmri): Epoch: 54, image auroc: 0.9228,
[2025-04-23 20:01:36,657][       train.py][line: 311][    INFO] (brainmri best): image auroc: 0.9246,
[2025-04-23 20:01:58,068][       train.py][line: 293][    INFO] (brainmri): Epoch: 55, image auroc: 0.9211,
[2025-04-23 20:01:58,069][       train.py][line: 311][    INFO] (brainmri best): image auroc: 0.9246,
[2025-04-23 20:02:19,910][       train.py][line: 293][    INFO] (brainmri): Epoch: 56, image auroc: 0.9206,
[2025-04-23 20:02:19,910][       train.py][line: 311][    INFO] (brainmri best): image auroc: 0.9246,
[2025-04-23 20:02:41,340][       train.py][line: 293][    INFO] (brainmri): Epoch: 57, image auroc: 0.9213,
[2025-04-23 20:02:41,340][       train.py][line: 311][    INFO] (brainmri best): image auroc: 0.9246,
[2025-04-23 20:03:02,687][       train.py][line: 293][    INFO] (brainmri): Epoch: 58, image auroc: 0.9182,
[2025-04-23 20:03:02,687][       train.py][line: 311][    INFO] (brainmri best): image auroc: 0.9246,
[2025-04-23 20:03:24,317][       train.py][line: 293][    INFO] (brainmri): Epoch: 59, image auroc: 0.9183,
[2025-04-23 20:03:24,317][       train.py][line: 311][    INFO] (brainmri best): image auroc: 0.9246,
[2025-04-23 20:03:27,438][       train.py][line: 383][    INFO] Epoch: [60/200]	Iter: [60/200]	Loss 0.78393 (0.78393)	
[2025-04-23 20:03:45,960][       train.py][line: 293][    INFO] (brainmri): Epoch: 60, image auroc: 0.9211,
[2025-04-23 20:03:45,960][       train.py][line: 311][    INFO] (brainmri best): image auroc: 0.9246,
[2025-04-23 20:04:07,513][       train.py][line: 293][    INFO] (brainmri): Epoch: 61, image auroc: 0.9214,
[2025-04-23 20:04:07,514][       train.py][line: 311][    INFO] (brainmri best): image auroc: 0.9246,
[2025-04-23 20:04:29,097][       train.py][line: 293][    INFO] (brainmri): Epoch: 62, image auroc: 0.9215,
[2025-04-23 20:04:29,098][       train.py][line: 311][    INFO] (brainmri best): image auroc: 0.9246,
[2025-04-23 20:04:50,587][       train.py][line: 293][    INFO] (brainmri): Epoch: 63, image auroc: 0.9227,
[2025-04-23 20:04:50,587][       train.py][line: 311][    INFO] (brainmri best): image auroc: 0.9246,
[2025-04-23 20:05:12,026][       train.py][line: 293][    INFO] (brainmri): Epoch: 64, image auroc: 0.9242,
[2025-04-23 20:05:12,026][       train.py][line: 311][    INFO] (brainmri best): image auroc: 0.9246,
[2025-04-23 20:05:33,479][       train.py][line: 293][    INFO] (brainmri): Epoch: 65, image auroc: 0.9252,
[2025-04-23 20:05:33,479][       train.py][line: 311][    INFO] (brainmri best): image auroc: 0.9252,
[2025-04-23 20:05:33,479][       train.py][line: 319][    INFO] save checkpoints in epoch: 65
[2025-04-23 20:05:54,978][       train.py][line: 293][    INFO] (brainmri): Epoch: 66, image auroc: 0.9247,
[2025-04-23 20:05:54,978][       train.py][line: 311][    INFO] (brainmri best): image auroc: 0.9252,
[2025-04-23 20:06:16,358][       train.py][line: 293][    INFO] (brainmri): Epoch: 67, image auroc: 0.9213,
[2025-04-23 20:06:16,358][       train.py][line: 311][    INFO] (brainmri best): image auroc: 0.9252,
[2025-04-23 20:06:37,851][       train.py][line: 293][    INFO] (brainmri): Epoch: 68, image auroc: 0.9265,
[2025-04-23 20:06:37,852][       train.py][line: 311][    INFO] (brainmri best): image auroc: 0.9265,
[2025-04-23 20:06:37,852][       train.py][line: 319][    INFO] save checkpoints in epoch: 68
[2025-04-23 20:06:59,509][       train.py][line: 293][    INFO] (brainmri): Epoch: 69, image auroc: 0.9278,
[2025-04-23 20:06:59,509][       train.py][line: 311][    INFO] (brainmri best): image auroc: 0.9278,
[2025-04-23 20:06:59,509][       train.py][line: 319][    INFO] save checkpoints in epoch: 69
[2025-04-23 20:07:02,522][       train.py][line: 383][    INFO] Epoch: [70/200]	Iter: [70/200]	Loss 1.00252 (1.00252)	
[2025-04-23 20:07:21,398][       train.py][line: 293][    INFO] (brainmri): Epoch: 70, image auroc: 0.9278,
[2025-04-23 20:07:21,398][       train.py][line: 311][    INFO] (brainmri best): image auroc: 0.9278,
[2025-04-23 20:07:21,398][       train.py][line: 319][    INFO] save checkpoints in epoch: 70
[2025-04-23 20:07:42,883][       train.py][line: 293][    INFO] (brainmri): Epoch: 71, image auroc: 0.9273,
[2025-04-23 20:07:42,884][       train.py][line: 311][    INFO] (brainmri best): image auroc: 0.9278,
[2025-04-23 20:08:04,377][       train.py][line: 293][    INFO] (brainmri): Epoch: 72, image auroc: 0.9271,
[2025-04-23 20:08:04,377][       train.py][line: 311][    INFO] (brainmri best): image auroc: 0.9278,
[2025-04-23 20:08:25,913][       train.py][line: 293][    INFO] (brainmri): Epoch: 73, image auroc: 0.9279,
[2025-04-23 20:08:25,913][       train.py][line: 311][    INFO] (brainmri best): image auroc: 0.9279,
[2025-04-23 20:08:25,913][       train.py][line: 319][    INFO] save checkpoints in epoch: 73
[2025-04-23 20:08:47,236][       train.py][line: 293][    INFO] (brainmri): Epoch: 74, image auroc: 0.9267,
[2025-04-23 20:08:47,236][       train.py][line: 311][    INFO] (brainmri best): image auroc: 0.9279,
[2025-04-23 20:09:08,496][       train.py][line: 293][    INFO] (brainmri): Epoch: 75, image auroc: 0.9254,
[2025-04-23 20:09:08,497][       train.py][line: 311][    INFO] (brainmri best): image auroc: 0.9279,
[2025-04-23 20:09:30,022][       train.py][line: 293][    INFO] (brainmri): Epoch: 76, image auroc: 0.9253,
[2025-04-23 20:09:30,022][       train.py][line: 311][    INFO] (brainmri best): image auroc: 0.9279,
[2025-04-23 20:09:51,230][       train.py][line: 293][    INFO] (brainmri): Epoch: 77, image auroc: 0.9253,
[2025-04-23 20:09:51,230][       train.py][line: 311][    INFO] (brainmri best): image auroc: 0.9279,
[2025-04-23 20:10:12,871][       train.py][line: 293][    INFO] (brainmri): Epoch: 78, image auroc: 0.9254,
[2025-04-23 20:10:12,871][       train.py][line: 311][    INFO] (brainmri best): image auroc: 0.9279,
[2025-04-23 20:10:34,146][       train.py][line: 293][    INFO] (brainmri): Epoch: 79, image auroc: 0.9249,
[2025-04-23 20:10:34,146][       train.py][line: 311][    INFO] (brainmri best): image auroc: 0.9279,
[2025-04-23 20:10:36,939][       train.py][line: 383][    INFO] Epoch: [80/200]	Iter: [80/200]	Loss 0.53572 (0.53572)	
[2025-04-23 20:10:55,380][       train.py][line: 293][    INFO] (brainmri): Epoch: 80, image auroc: 0.9252,
[2025-04-23 20:10:55,380][       train.py][line: 311][    INFO] (brainmri best): image auroc: 0.9279,
[2025-04-23 20:11:16,793][       train.py][line: 293][    INFO] (brainmri): Epoch: 81, image auroc: 0.9223,
[2025-04-23 20:11:16,793][       train.py][line: 311][    INFO] (brainmri best): image auroc: 0.9279,
[2025-04-23 20:11:38,085][       train.py][line: 293][    INFO] (brainmri): Epoch: 82, image auroc: 0.9234,
[2025-04-23 20:11:38,086][       train.py][line: 311][    INFO] (brainmri best): image auroc: 0.9279,
[2025-04-23 20:11:59,653][       train.py][line: 293][    INFO] (brainmri): Epoch: 83, image auroc: 0.9269,
[2025-04-23 20:11:59,653][       train.py][line: 311][    INFO] (brainmri best): image auroc: 0.9279,
[2025-04-23 20:12:21,449][       train.py][line: 293][    INFO] (brainmri): Epoch: 84, image auroc: 0.9320,
[2025-04-23 20:12:21,449][       train.py][line: 311][    INFO] (brainmri best): image auroc: 0.9320,
[2025-04-23 20:12:21,449][       train.py][line: 319][    INFO] save checkpoints in epoch: 84
[2025-04-23 20:12:43,122][       train.py][line: 293][    INFO] (brainmri): Epoch: 85, image auroc: 0.9344,
[2025-04-23 20:12:43,122][       train.py][line: 311][    INFO] (brainmri best): image auroc: 0.9344,
[2025-04-23 20:12:43,123][       train.py][line: 319][    INFO] save checkpoints in epoch: 85
[2025-04-23 20:13:04,775][       train.py][line: 293][    INFO] (brainmri): Epoch: 86, image auroc: 0.9334,
[2025-04-23 20:13:04,775][       train.py][line: 311][    INFO] (brainmri best): image auroc: 0.9344,
[2025-04-23 20:13:26,109][       train.py][line: 293][    INFO] (brainmri): Epoch: 87, image auroc: 0.9348,
[2025-04-23 20:13:26,109][       train.py][line: 311][    INFO] (brainmri best): image auroc: 0.9348,
[2025-04-23 20:13:26,109][       train.py][line: 319][    INFO] save checkpoints in epoch: 87
[2025-04-23 20:13:47,410][       train.py][line: 293][    INFO] (brainmri): Epoch: 88, image auroc: 0.9361,
[2025-04-23 20:13:47,410][       train.py][line: 311][    INFO] (brainmri best): image auroc: 0.9361,
[2025-04-23 20:13:47,410][       train.py][line: 319][    INFO] save checkpoints in epoch: 88
[2025-04-23 20:14:08,768][       train.py][line: 293][    INFO] (brainmri): Epoch: 89, image auroc: 0.9346,
[2025-04-23 20:14:08,769][       train.py][line: 311][    INFO] (brainmri best): image auroc: 0.9361,
[2025-04-23 20:14:11,621][       train.py][line: 383][    INFO] Epoch: [90/200]	Iter: [90/200]	Loss 0.68572 (0.68572)	
[2025-04-23 20:14:30,040][       train.py][line: 293][    INFO] (brainmri): Epoch: 90, image auroc: 0.9329,
[2025-04-23 20:14:30,040][       train.py][line: 311][    INFO] (brainmri best): image auroc: 0.9361,
[2025-04-23 20:14:51,551][       train.py][line: 293][    INFO] (brainmri): Epoch: 91, image auroc: 0.9332,
[2025-04-23 20:14:51,551][       train.py][line: 311][    INFO] (brainmri best): image auroc: 0.9361,
[2025-04-23 20:15:13,017][       train.py][line: 293][    INFO] (brainmri): Epoch: 92, image auroc: 0.9329,
[2025-04-23 20:15:13,017][       train.py][line: 311][    INFO] (brainmri best): image auroc: 0.9361,
[2025-04-23 20:15:34,439][       train.py][line: 293][    INFO] (brainmri): Epoch: 93, image auroc: 0.9319,
[2025-04-23 20:15:34,439][       train.py][line: 311][    INFO] (brainmri best): image auroc: 0.9361,
[2025-04-23 20:15:56,117][       train.py][line: 293][    INFO] (brainmri): Epoch: 94, image auroc: 0.9301,
[2025-04-23 20:15:56,117][       train.py][line: 311][    INFO] (brainmri best): image auroc: 0.9361,
[2025-04-23 20:16:17,495][       train.py][line: 293][    INFO] (brainmri): Epoch: 95, image auroc: 0.9281,
[2025-04-23 20:16:17,496][       train.py][line: 311][    INFO] (brainmri best): image auroc: 0.9361,
[2025-04-23 20:16:39,057][       train.py][line: 293][    INFO] (brainmri): Epoch: 96, image auroc: 0.9294,
[2025-04-23 20:16:39,057][       train.py][line: 311][    INFO] (brainmri best): image auroc: 0.9361,
[2025-04-23 20:17:00,426][       train.py][line: 293][    INFO] (brainmri): Epoch: 97, image auroc: 0.9283,
[2025-04-23 20:17:00,426][       train.py][line: 311][    INFO] (brainmri best): image auroc: 0.9361,
[2025-04-23 20:17:22,359][       train.py][line: 293][    INFO] (brainmri): Epoch: 98, image auroc: 0.9282,
[2025-04-23 20:17:22,360][       train.py][line: 311][    INFO] (brainmri best): image auroc: 0.9361,
[2025-04-23 20:17:43,704][       train.py][line: 293][    INFO] (brainmri): Epoch: 99, image auroc: 0.9303,
[2025-04-23 20:17:43,704][       train.py][line: 311][    INFO] (brainmri best): image auroc: 0.9361,
[2025-04-23 20:17:46,928][       train.py][line: 383][    INFO] Epoch: [100/200]	Iter: [100/200]	Loss 0.73653 (0.73653)	
[2025-04-23 20:18:05,232][       train.py][line: 293][    INFO] (brainmri): Epoch: 100, image auroc: 0.9282,
[2025-04-23 20:18:05,232][       train.py][line: 311][    INFO] (brainmri best): image auroc: 0.9361,
[2025-04-23 20:18:26,893][       train.py][line: 293][    INFO] (brainmri): Epoch: 101, image auroc: 0.9230,
[2025-04-23 20:18:26,893][       train.py][line: 311][    INFO] (brainmri best): image auroc: 0.9361,
[2025-04-23 20:18:48,298][       train.py][line: 293][    INFO] (brainmri): Epoch: 102, image auroc: 0.9248,
[2025-04-23 20:18:48,298][       train.py][line: 311][    INFO] (brainmri best): image auroc: 0.9361,
[2025-04-23 20:19:09,556][       train.py][line: 293][    INFO] (brainmri): Epoch: 103, image auroc: 0.9267,
[2025-04-23 20:19:09,556][       train.py][line: 311][    INFO] (brainmri best): image auroc: 0.9361,
[2025-04-23 20:19:31,154][       train.py][line: 293][    INFO] (brainmri): Epoch: 104, image auroc: 0.9270,
[2025-04-23 20:19:31,155][       train.py][line: 311][    INFO] (brainmri best): image auroc: 0.9361,
[2025-04-23 20:19:52,371][       train.py][line: 293][    INFO] (brainmri): Epoch: 105, image auroc: 0.9271,
[2025-04-23 20:19:52,371][       train.py][line: 311][    INFO] (brainmri best): image auroc: 0.9361,
[2025-04-23 20:20:14,102][       train.py][line: 293][    INFO] (brainmri): Epoch: 106, image auroc: 0.9270,
[2025-04-23 20:20:14,102][       train.py][line: 311][    INFO] (brainmri best): image auroc: 0.9361,
[2025-04-23 20:20:35,359][       train.py][line: 293][    INFO] (brainmri): Epoch: 107, image auroc: 0.9298,
[2025-04-23 20:20:35,359][       train.py][line: 311][    INFO] (brainmri best): image auroc: 0.9361,
[2025-04-23 20:20:56,935][       train.py][line: 293][    INFO] (brainmri): Epoch: 108, image auroc: 0.9299,
[2025-04-23 20:20:56,935][       train.py][line: 311][    INFO] (brainmri best): image auroc: 0.9361,
[2025-04-23 20:21:18,768][       train.py][line: 293][    INFO] (brainmri): Epoch: 109, image auroc: 0.9304,
[2025-04-23 20:21:18,769][       train.py][line: 311][    INFO] (brainmri best): image auroc: 0.9361,
[2025-04-23 20:21:21,909][       train.py][line: 383][    INFO] Epoch: [110/200]	Iter: [110/200]	Loss 0.37649 (0.37649)	
[2025-04-23 20:21:40,317][       train.py][line: 293][    INFO] (brainmri): Epoch: 110, image auroc: 0.9310,
[2025-04-23 20:21:40,317][       train.py][line: 311][    INFO] (brainmri best): image auroc: 0.9361,
[2025-04-23 20:22:01,687][       train.py][line: 293][    INFO] (brainmri): Epoch: 111, image auroc: 0.9300,
[2025-04-23 20:22:01,687][       train.py][line: 311][    INFO] (brainmri best): image auroc: 0.9361,
[2025-04-23 20:22:23,705][       train.py][line: 293][    INFO] (brainmri): Epoch: 112, image auroc: 0.9300,
[2025-04-23 20:22:23,705][       train.py][line: 311][    INFO] (brainmri best): image auroc: 0.9361,
[2025-04-23 20:22:45,186][       train.py][line: 293][    INFO] (brainmri): Epoch: 113, image auroc: 0.9284,
[2025-04-23 20:22:45,186][       train.py][line: 311][    INFO] (brainmri best): image auroc: 0.9361,
[2025-04-23 20:23:06,565][       train.py][line: 293][    INFO] (brainmri): Epoch: 114, image auroc: 0.9286,
[2025-04-23 20:23:06,565][       train.py][line: 311][    INFO] (brainmri best): image auroc: 0.9361,
[2025-04-23 20:23:28,024][       train.py][line: 293][    INFO] (brainmri): Epoch: 115, image auroc: 0.9274,
[2025-04-23 20:23:28,024][       train.py][line: 311][    INFO] (brainmri best): image auroc: 0.9361,
[2025-04-23 20:23:49,272][       train.py][line: 293][    INFO] (brainmri): Epoch: 116, image auroc: 0.9289,
[2025-04-23 20:23:49,272][       train.py][line: 311][    INFO] (brainmri best): image auroc: 0.9361,
[2025-04-23 20:24:10,556][       train.py][line: 293][    INFO] (brainmri): Epoch: 117, image auroc: 0.9297,
[2025-04-23 20:24:10,557][       train.py][line: 311][    INFO] (brainmri best): image auroc: 0.9361,
[2025-04-23 20:24:31,806][       train.py][line: 293][    INFO] (brainmri): Epoch: 118, image auroc: 0.9298,
[2025-04-23 20:24:31,806][       train.py][line: 311][    INFO] (brainmri best): image auroc: 0.9361,
[2025-04-23 20:24:53,134][       train.py][line: 293][    INFO] (brainmri): Epoch: 119, image auroc: 0.9313,
[2025-04-23 20:24:53,134][       train.py][line: 311][    INFO] (brainmri best): image auroc: 0.9361,
[2025-04-23 20:24:56,328][       train.py][line: 383][    INFO] Epoch: [120/200]	Iter: [120/200]	Loss 0.49292 (0.49292)	
[2025-04-23 20:25:14,692][       train.py][line: 293][    INFO] (brainmri): Epoch: 120, image auroc: 0.9316,
[2025-04-23 20:25:14,692][       train.py][line: 311][    INFO] (brainmri best): image auroc: 0.9361,
[2025-04-23 20:25:36,194][       train.py][line: 293][    INFO] (brainmri): Epoch: 121, image auroc: 0.9321,
[2025-04-23 20:25:36,195][       train.py][line: 311][    INFO] (brainmri best): image auroc: 0.9361,
[2025-04-23 20:25:57,734][       train.py][line: 293][    INFO] (brainmri): Epoch: 122, image auroc: 0.9253,
[2025-04-23 20:25:57,734][       train.py][line: 311][    INFO] (brainmri best): image auroc: 0.9361,
[2025-04-23 20:26:19,757][       train.py][line: 293][    INFO] (brainmri): Epoch: 123, image auroc: 0.9258,
[2025-04-23 20:26:19,757][       train.py][line: 311][    INFO] (brainmri best): image auroc: 0.9361,
[2025-04-23 20:26:41,295][       train.py][line: 293][    INFO] (brainmri): Epoch: 124, image auroc: 0.9260,
[2025-04-23 20:26:41,295][       train.py][line: 311][    INFO] (brainmri best): image auroc: 0.9361,
[2025-04-23 20:27:02,984][       train.py][line: 293][    INFO] (brainmri): Epoch: 125, image auroc: 0.9266,
[2025-04-23 20:27:02,984][       train.py][line: 311][    INFO] (brainmri best): image auroc: 0.9361,
[2025-04-23 20:27:24,319][       train.py][line: 293][    INFO] (brainmri): Epoch: 126, image auroc: 0.9277,
[2025-04-23 20:27:24,319][       train.py][line: 311][    INFO] (brainmri best): image auroc: 0.9361,
[2025-04-23 20:27:45,779][       train.py][line: 293][    INFO] (brainmri): Epoch: 127, image auroc: 0.9304,
[2025-04-23 20:27:45,779][       train.py][line: 311][    INFO] (brainmri best): image auroc: 0.9361,
[2025-04-23 20:28:07,180][       train.py][line: 293][    INFO] (brainmri): Epoch: 128, image auroc: 0.9299,
[2025-04-23 20:28:07,180][       train.py][line: 311][    INFO] (brainmri best): image auroc: 0.9361,
[2025-04-23 20:28:28,737][       train.py][line: 293][    INFO] (brainmri): Epoch: 129, image auroc: 0.9298,
[2025-04-23 20:28:28,737][       train.py][line: 311][    INFO] (brainmri best): image auroc: 0.9361,
[2025-04-23 20:28:31,940][       train.py][line: 383][    INFO] Epoch: [130/200]	Iter: [130/200]	Loss 0.56172 (0.56172)	
[2025-04-23 20:28:50,407][       train.py][line: 293][    INFO] (brainmri): Epoch: 130, image auroc: 0.9284,
[2025-04-23 20:28:50,407][       train.py][line: 311][    INFO] (brainmri best): image auroc: 0.9361,
[2025-04-23 20:29:11,924][       train.py][line: 293][    INFO] (brainmri): Epoch: 131, image auroc: 0.9283,
[2025-04-23 20:29:11,925][       train.py][line: 311][    INFO] (brainmri best): image auroc: 0.9361,
[2025-04-23 20:29:33,439][       train.py][line: 293][    INFO] (brainmri): Epoch: 132, image auroc: 0.9284,
[2025-04-23 20:29:33,440][       train.py][line: 311][    INFO] (brainmri best): image auroc: 0.9361,
[2025-04-23 20:29:54,947][       train.py][line: 293][    INFO] (brainmri): Epoch: 133, image auroc: 0.9279,
[2025-04-23 20:29:54,947][       train.py][line: 311][    INFO] (brainmri best): image auroc: 0.9361,
[2025-04-23 20:30:16,568][       train.py][line: 293][    INFO] (brainmri): Epoch: 134, image auroc: 0.9291,
[2025-04-23 20:30:16,568][       train.py][line: 311][    INFO] (brainmri best): image auroc: 0.9361,
[2025-04-23 20:30:37,924][       train.py][line: 293][    INFO] (brainmri): Epoch: 135, image auroc: 0.9265,
[2025-04-23 20:30:37,924][       train.py][line: 311][    INFO] (brainmri best): image auroc: 0.9361,
[2025-04-23 20:30:59,262][       train.py][line: 293][    INFO] (brainmri): Epoch: 136, image auroc: 0.9275,
[2025-04-23 20:30:59,262][       train.py][line: 311][    INFO] (brainmri best): image auroc: 0.9361,
[2025-04-23 20:31:21,011][       train.py][line: 293][    INFO] (brainmri): Epoch: 137, image auroc: 0.9313,
[2025-04-23 20:31:21,011][       train.py][line: 311][    INFO] (brainmri best): image auroc: 0.9361,
[2025-04-23 20:31:42,486][       train.py][line: 293][    INFO] (brainmri): Epoch: 138, image auroc: 0.9308,
[2025-04-23 20:31:42,486][       train.py][line: 311][    INFO] (brainmri best): image auroc: 0.9361,
[2025-04-23 20:32:03,890][       train.py][line: 293][    INFO] (brainmri): Epoch: 139, image auroc: 0.9304,
[2025-04-23 20:32:03,891][       train.py][line: 311][    INFO] (brainmri best): image auroc: 0.9361,
[2025-04-23 20:32:06,660][       train.py][line: 383][    INFO] Epoch: [140/200]	Iter: [140/200]	Loss 0.56140 (0.56140)	
[2025-04-23 20:32:25,121][       train.py][line: 293][    INFO] (brainmri): Epoch: 140, image auroc: 0.9318,
[2025-04-23 20:32:25,121][       train.py][line: 311][    INFO] (brainmri best): image auroc: 0.9361,
[2025-04-23 20:32:46,366][       train.py][line: 293][    INFO] (brainmri): Epoch: 141, image auroc: 0.9303,
[2025-04-23 20:32:46,367][       train.py][line: 311][    INFO] (brainmri best): image auroc: 0.9361,
[2025-04-23 20:33:07,886][       train.py][line: 293][    INFO] (brainmri): Epoch: 142, image auroc: 0.9295,
[2025-04-23 20:33:07,886][       train.py][line: 311][    INFO] (brainmri best): image auroc: 0.9361,
[2025-04-23 20:33:29,559][       train.py][line: 293][    INFO] (brainmri): Epoch: 143, image auroc: 0.9274,
[2025-04-23 20:33:29,559][       train.py][line: 311][    INFO] (brainmri best): image auroc: 0.9361,
[2025-04-23 20:33:50,920][       train.py][line: 293][    INFO] (brainmri): Epoch: 144, image auroc: 0.9202,
[2025-04-23 20:33:50,920][       train.py][line: 311][    INFO] (brainmri best): image auroc: 0.9361,
[2025-04-23 20:34:12,233][       train.py][line: 293][    INFO] (brainmri): Epoch: 145, image auroc: 0.9169,
[2025-04-23 20:34:12,233][       train.py][line: 311][    INFO] (brainmri best): image auroc: 0.9361,
[2025-04-23 20:34:33,832][       train.py][line: 293][    INFO] (brainmri): Epoch: 146, image auroc: 0.9159,
[2025-04-23 20:34:33,832][       train.py][line: 311][    INFO] (brainmri best): image auroc: 0.9361,
[2025-04-23 20:34:55,365][       train.py][line: 293][    INFO] (brainmri): Epoch: 147, image auroc: 0.9221,
[2025-04-23 20:34:55,365][       train.py][line: 311][    INFO] (brainmri best): image auroc: 0.9361,
[2025-04-23 20:35:16,769][       train.py][line: 293][    INFO] (brainmri): Epoch: 148, image auroc: 0.9238,
[2025-04-23 20:35:16,770][       train.py][line: 311][    INFO] (brainmri best): image auroc: 0.9361,
[2025-04-23 20:35:38,446][       train.py][line: 293][    INFO] (brainmri): Epoch: 149, image auroc: 0.9249,
[2025-04-23 20:35:38,446][       train.py][line: 311][    INFO] (brainmri best): image auroc: 0.9361,
[2025-04-23 20:35:41,201][       train.py][line: 383][    INFO] Epoch: [150/200]	Iter: [150/200]	Loss 0.48429 (0.48429)	
[2025-04-23 20:35:59,676][       train.py][line: 293][    INFO] (brainmri): Epoch: 150, image auroc: 0.9266,
[2025-04-23 20:35:59,677][       train.py][line: 311][    INFO] (brainmri best): image auroc: 0.9361,
[2025-04-23 20:36:21,433][       train.py][line: 293][    INFO] (brainmri): Epoch: 151, image auroc: 0.9298,
[2025-04-23 20:36:21,433][       train.py][line: 311][    INFO] (brainmri best): image auroc: 0.9361,
[2025-04-23 20:36:43,145][       train.py][line: 293][    INFO] (brainmri): Epoch: 152, image auroc: 0.9302,
[2025-04-23 20:36:43,145][       train.py][line: 311][    INFO] (brainmri best): image auroc: 0.9361,
[2025-04-23 20:37:04,713][       train.py][line: 293][    INFO] (brainmri): Epoch: 153, image auroc: 0.9263,
[2025-04-23 20:37:04,713][       train.py][line: 311][    INFO] (brainmri best): image auroc: 0.9361,
[2025-04-23 20:37:26,227][       train.py][line: 293][    INFO] (brainmri): Epoch: 154, image auroc: 0.9256,
[2025-04-23 20:37:26,227][       train.py][line: 311][    INFO] (brainmri best): image auroc: 0.9361,
[2025-04-23 20:37:47,713][       train.py][line: 293][    INFO] (brainmri): Epoch: 155, image auroc: 0.9219,
[2025-04-23 20:37:47,713][       train.py][line: 311][    INFO] (brainmri best): image auroc: 0.9361,
[2025-04-23 20:38:09,212][       train.py][line: 293][    INFO] (brainmri): Epoch: 156, image auroc: 0.9191,
[2025-04-23 20:38:09,212][       train.py][line: 311][    INFO] (brainmri best): image auroc: 0.9361,
[2025-04-23 20:38:30,542][       train.py][line: 293][    INFO] (brainmri): Epoch: 157, image auroc: 0.9185,
[2025-04-23 20:38:30,543][       train.py][line: 311][    INFO] (brainmri best): image auroc: 0.9361,
[2025-04-23 20:38:51,848][       train.py][line: 293][    INFO] (brainmri): Epoch: 158, image auroc: 0.9188,
[2025-04-23 20:38:51,848][       train.py][line: 311][    INFO] (brainmri best): image auroc: 0.9361,
[2025-04-23 20:39:13,309][       train.py][line: 293][    INFO] (brainmri): Epoch: 159, image auroc: 0.9210,
[2025-04-23 20:39:13,310][       train.py][line: 311][    INFO] (brainmri best): image auroc: 0.9361,
[2025-04-23 20:39:16,577][       train.py][line: 383][    INFO] Epoch: [160/200]	Iter: [160/200]	Loss 0.51716 (0.51716)	
[2025-04-23 20:39:35,035][       train.py][line: 293][    INFO] (brainmri): Epoch: 160, image auroc: 0.9244,
[2025-04-23 20:39:35,035][       train.py][line: 311][    INFO] (brainmri best): image auroc: 0.9361,
[2025-04-23 20:39:56,438][       train.py][line: 293][    INFO] (brainmri): Epoch: 161, image auroc: 0.9282,
[2025-04-23 20:39:56,438][       train.py][line: 311][    INFO] (brainmri best): image auroc: 0.9361,
[2025-04-23 20:40:18,411][       train.py][line: 293][    INFO] (brainmri): Epoch: 162, image auroc: 0.9306,
[2025-04-23 20:40:18,411][       train.py][line: 311][    INFO] (brainmri best): image auroc: 0.9361,
[2025-04-23 20:40:39,720][       train.py][line: 293][    INFO] (brainmri): Epoch: 163, image auroc: 0.9286,
[2025-04-23 20:40:39,720][       train.py][line: 311][    INFO] (brainmri best): image auroc: 0.9361,
[2025-04-23 20:41:01,127][       train.py][line: 293][    INFO] (brainmri): Epoch: 164, image auroc: 0.9274,
[2025-04-23 20:41:01,127][       train.py][line: 311][    INFO] (brainmri best): image auroc: 0.9361,
[2025-04-23 20:41:23,167][       train.py][line: 293][    INFO] (brainmri): Epoch: 165, image auroc: 0.9267,
[2025-04-23 20:41:23,167][       train.py][line: 311][    INFO] (brainmri best): image auroc: 0.9361,
[2025-04-23 20:41:44,698][       train.py][line: 293][    INFO] (brainmri): Epoch: 166, image auroc: 0.9228,
[2025-04-23 20:41:44,698][       train.py][line: 311][    INFO] (brainmri best): image auroc: 0.9361,
[2025-04-23 20:42:06,128][       train.py][line: 293][    INFO] (brainmri): Epoch: 167, image auroc: 0.9214,
[2025-04-23 20:42:06,128][       train.py][line: 311][    INFO] (brainmri best): image auroc: 0.9361,
[2025-04-23 20:42:27,501][       train.py][line: 293][    INFO] (brainmri): Epoch: 168, image auroc: 0.9225,
[2025-04-23 20:42:27,502][       train.py][line: 311][    INFO] (brainmri best): image auroc: 0.9361,
[2025-04-23 20:42:48,906][       train.py][line: 293][    INFO] (brainmri): Epoch: 169, image auroc: 0.9225,
[2025-04-23 20:42:48,906][       train.py][line: 311][    INFO] (brainmri best): image auroc: 0.9361,
[2025-04-23 20:42:51,866][       train.py][line: 383][    INFO] Epoch: [170/200]	Iter: [170/200]	Loss 0.37344 (0.37344)	
[2025-04-23 20:43:10,250][       train.py][line: 293][    INFO] (brainmri): Epoch: 170, image auroc: 0.9240,
[2025-04-23 20:43:10,250][       train.py][line: 311][    INFO] (brainmri best): image auroc: 0.9361,
[2025-04-23 20:43:31,671][       train.py][line: 293][    INFO] (brainmri): Epoch: 171, image auroc: 0.9247,
[2025-04-23 20:43:31,671][       train.py][line: 311][    INFO] (brainmri best): image auroc: 0.9361,
[2025-04-23 20:43:53,067][       train.py][line: 293][    INFO] (brainmri): Epoch: 172, image auroc: 0.9253,
[2025-04-23 20:43:53,067][       train.py][line: 311][    INFO] (brainmri best): image auroc: 0.9361,
[2025-04-23 20:44:14,333][       train.py][line: 293][    INFO] (brainmri): Epoch: 173, image auroc: 0.9251,
[2025-04-23 20:44:14,333][       train.py][line: 311][    INFO] (brainmri best): image auroc: 0.9361,
[2025-04-23 20:44:35,739][       train.py][line: 293][    INFO] (brainmri): Epoch: 174, image auroc: 0.9250,
[2025-04-23 20:44:35,739][       train.py][line: 311][    INFO] (brainmri best): image auroc: 0.9361,
[2025-04-23 20:44:57,125][       train.py][line: 293][    INFO] (brainmri): Epoch: 175, image auroc: 0.9241,
[2025-04-23 20:44:57,126][       train.py][line: 311][    INFO] (brainmri best): image auroc: 0.9361,
[2025-04-23 20:45:18,711][       train.py][line: 293][    INFO] (brainmri): Epoch: 176, image auroc: 0.9274,
[2025-04-23 20:45:18,712][       train.py][line: 311][    INFO] (brainmri best): image auroc: 0.9361,
[2025-04-23 20:45:40,237][       train.py][line: 293][    INFO] (brainmri): Epoch: 177, image auroc: 0.9293,
[2025-04-23 20:45:40,237][       train.py][line: 311][    INFO] (brainmri best): image auroc: 0.9361,
[2025-04-23 20:46:01,940][       train.py][line: 293][    INFO] (brainmri): Epoch: 178, image auroc: 0.9271,
[2025-04-23 20:46:01,940][       train.py][line: 311][    INFO] (brainmri best): image auroc: 0.9361,
[2025-04-23 20:46:23,869][       train.py][line: 293][    INFO] (brainmri): Epoch: 179, image auroc: 0.9332,
[2025-04-23 20:46:23,869][       train.py][line: 311][    INFO] (brainmri best): image auroc: 0.9361,
[2025-04-23 20:46:27,016][       train.py][line: 383][    INFO] Epoch: [180/200]	Iter: [180/200]	Loss 1.00197 (1.00197)	
[2025-04-23 20:46:45,532][       train.py][line: 293][    INFO] (brainmri): Epoch: 180, image auroc: 0.9345,
[2025-04-23 20:46:45,532][       train.py][line: 311][    INFO] (brainmri best): image auroc: 0.9361,
[2025-04-23 20:47:06,741][       train.py][line: 293][    INFO] (brainmri): Epoch: 181, image auroc: 0.9339,
[2025-04-23 20:47:06,741][       train.py][line: 311][    INFO] (brainmri best): image auroc: 0.9361,
[2025-04-23 20:47:28,103][       train.py][line: 293][    INFO] (brainmri): Epoch: 182, image auroc: 0.9319,
[2025-04-23 20:47:28,103][       train.py][line: 311][    INFO] (brainmri best): image auroc: 0.9361,
[2025-04-23 20:47:49,821][       train.py][line: 293][    INFO] (brainmri): Epoch: 183, image auroc: 0.9331,
[2025-04-23 20:47:49,821][       train.py][line: 311][    INFO] (brainmri best): image auroc: 0.9361,
[2025-04-23 20:48:11,372][       train.py][line: 293][    INFO] (brainmri): Epoch: 184, image auroc: 0.9331,
[2025-04-23 20:48:11,372][       train.py][line: 311][    INFO] (brainmri best): image auroc: 0.9361,
[2025-04-23 20:48:32,762][       train.py][line: 293][    INFO] (brainmri): Epoch: 185, image auroc: 0.9326,
[2025-04-23 20:48:32,763][       train.py][line: 311][    INFO] (brainmri best): image auroc: 0.9361,
[2025-04-23 20:48:54,032][       train.py][line: 293][    INFO] (brainmri): Epoch: 186, image auroc: 0.9329,
[2025-04-23 20:48:54,032][       train.py][line: 311][    INFO] (brainmri best): image auroc: 0.9361,
[2025-04-23 20:49:15,351][       train.py][line: 293][    INFO] (brainmri): Epoch: 187, image auroc: 0.9314,
[2025-04-23 20:49:15,351][       train.py][line: 311][    INFO] (brainmri best): image auroc: 0.9361,
[2025-04-23 20:49:36,639][       train.py][line: 293][    INFO] (brainmri): Epoch: 188, image auroc: 0.9319,
[2025-04-23 20:49:36,639][       train.py][line: 311][    INFO] (brainmri best): image auroc: 0.9361,
[2025-04-23 20:49:57,953][       train.py][line: 293][    INFO] (brainmri): Epoch: 189, image auroc: 0.9333,
[2025-04-23 20:49:57,953][       train.py][line: 311][    INFO] (brainmri best): image auroc: 0.9361,
[2025-04-23 20:50:00,717][       train.py][line: 383][    INFO] Epoch: [190/200]	Iter: [190/200]	Loss 0.67205 (0.67205)	
[2025-04-23 20:50:20,133][       train.py][line: 293][    INFO] (brainmri): Epoch: 190, image auroc: 0.9318,
[2025-04-23 20:50:20,133][       train.py][line: 311][    INFO] (brainmri best): image auroc: 0.9361,
[2025-04-23 20:50:41,486][       train.py][line: 293][    INFO] (brainmri): Epoch: 191, image auroc: 0.9325,
[2025-04-23 20:50:41,486][       train.py][line: 311][    INFO] (brainmri best): image auroc: 0.9361,
[2025-04-23 20:51:02,886][       train.py][line: 293][    INFO] (brainmri): Epoch: 192, image auroc: 0.9322,
[2025-04-23 20:51:02,886][       train.py][line: 311][    INFO] (brainmri best): image auroc: 0.9361,
[2025-04-23 20:51:24,529][       train.py][line: 293][    INFO] (brainmri): Epoch: 193, image auroc: 0.9332,
[2025-04-23 20:51:24,529][       train.py][line: 311][    INFO] (brainmri best): image auroc: 0.9361,
[2025-04-23 20:51:46,143][       train.py][line: 293][    INFO] (brainmri): Epoch: 194, image auroc: 0.9340,
[2025-04-23 20:51:46,143][       train.py][line: 311][    INFO] (brainmri best): image auroc: 0.9361,
[2025-04-23 20:52:07,738][       train.py][line: 293][    INFO] (brainmri): Epoch: 195, image auroc: 0.9334,
[2025-04-23 20:52:07,738][       train.py][line: 311][    INFO] (brainmri best): image auroc: 0.9361,
[2025-04-23 20:52:29,315][       train.py][line: 293][    INFO] (brainmri): Epoch: 196, image auroc: 0.9329,
[2025-04-23 20:52:29,315][       train.py][line: 311][    INFO] (brainmri best): image auroc: 0.9361,
[2025-04-23 20:52:50,653][       train.py][line: 293][    INFO] (brainmri): Epoch: 197, image auroc: 0.9328,
[2025-04-23 20:52:50,654][       train.py][line: 311][    INFO] (brainmri best): image auroc: 0.9361,
[2025-04-23 20:53:12,194][       train.py][line: 293][    INFO] (brainmri): Epoch: 198, image auroc: 0.9332,
[2025-04-23 20:53:12,194][       train.py][line: 311][    INFO] (brainmri best): image auroc: 0.9361,
[2025-04-23 20:53:33,618][       train.py][line: 293][    INFO] (brainmri): Epoch: 199, image auroc: 0.9316,
[2025-04-23 20:53:33,619][       train.py][line: 311][    INFO] (brainmri best): image auroc: 0.9361,
[2025-04-23 20:53:36,374][       train.py][line: 383][    INFO] Epoch: [200/200]	Iter: [200/200]	Loss 0.35941 (0.35941)	
[2025-04-23 20:53:55,085][       train.py][line: 293][    INFO] (brainmri): Epoch: 200, image auroc: 0.9318,
[2025-04-23 20:53:55,085][       train.py][line: 311][    INFO] (brainmri best): image auroc: 0.9361,
