[2025-04-23 18:31:42,317][       train.py][line: 102][    INFO] load CoOp
[2025-04-23 18:31:42,580][       train.py][line: 201][    INFO] train data (brats-met) len 155
[2025-04-23 18:31:42,580][       train.py][line: 206][    INFO] test data (brats-met) len 294
[2025-04-23 18:31:42,580][       train.py][line: 213][    INFO] anomaly syn task is CutpasteTask, sampling probability is 0.25
[2025-04-23 18:31:42,581][       train.py][line: 213][    INFO] anomaly syn task is GaussIntensityChangeTask, sampling probability is 0.25
[2025-04-23 18:31:42,581][       train.py][line: 213][    INFO] anomaly syn task is SourceTask, sampling probability is 0.25
[2025-04-23 18:31:42,581][       train.py][line: 213][    INFO] anomaly syn task is IdentityTask, sampling probability is 0.25
[2025-04-23 18:32:12,540][       train.py][line: 383][    INFO] Epoch: [2/200]	Iter: [10/1000]	Loss 0.89476 (0.93563)	
[2025-04-23 18:32:43,120][       train.py][line: 383][    INFO] Epoch: [4/200]	Iter: [20/1000]	Loss 0.84070 (0.87243)	
[2025-04-23 18:33:22,275][       train.py][line: 284][    INFO] (brats-met): Epoch: 5, image auroc: 0.8344, pixel_auroc: 0.9323,
[2025-04-23 18:33:22,276][       train.py][line: 303][    INFO] (brats-met best): image auroc: 0.8344, pixel auroc: 0.9323,
[2025-04-23 18:33:22,276][       train.py][line: 319][    INFO] save checkpoints in epoch: 5
[2025-04-23 18:33:37,042][       train.py][line: 383][    INFO] Epoch: [6/200]	Iter: [30/1000]	Loss 0.90496 (0.84851)	
[2025-04-23 18:34:08,360][       train.py][line: 383][    INFO] Epoch: [8/200]	Iter: [40/1000]	Loss 0.78295 (0.81086)	
[2025-04-23 18:34:43,568][       train.py][line: 383][    INFO] Epoch: [10/200]	Iter: [50/1000]	Loss 0.84697 (0.83177)	
[2025-04-23 18:35:07,862][       train.py][line: 284][    INFO] (brats-met): Epoch: 10, image auroc: 0.8063, pixel_auroc: 0.9253,
[2025-04-23 18:35:07,862][       train.py][line: 303][    INFO] (brats-met best): image auroc: 0.8344, pixel auroc: 0.9323,
[2025-04-23 18:35:39,428][       train.py][line: 383][    INFO] Epoch: [12/200]	Iter: [60/1000]	Loss 0.82385 (0.81660)	
[2025-04-23 18:36:12,036][       train.py][line: 383][    INFO] Epoch: [14/200]	Iter: [70/1000]	Loss 0.80163 (0.80991)	
[2025-04-23 18:36:55,540][       train.py][line: 284][    INFO] (brats-met): Epoch: 15, image auroc: 0.7937, pixel_auroc: 0.8979,
[2025-04-23 18:36:55,541][       train.py][line: 303][    INFO] (brats-met best): image auroc: 0.8344, pixel auroc: 0.9323,
[2025-04-23 18:37:16,595][       train.py][line: 383][    INFO] Epoch: [16/200]	Iter: [80/1000]	Loss 0.77772 (0.79899)	
[2025-04-23 18:37:49,163][       train.py][line: 383][    INFO] Epoch: [18/200]	Iter: [90/1000]	Loss 0.78928 (0.81387)	
[2025-04-23 18:38:21,561][       train.py][line: 383][    INFO] Epoch: [20/200]	Iter: [100/1000]	Loss 0.85263 (0.81034)	
[2025-04-23 18:38:46,187][       train.py][line: 284][    INFO] (brats-met): Epoch: 20, image auroc: 0.8108, pixel_auroc: 0.8952,
[2025-04-23 18:38:46,188][       train.py][line: 303][    INFO] (brats-met best): image auroc: 0.8344, pixel auroc: 0.9323,
[2025-04-23 18:39:17,886][       train.py][line: 383][    INFO] Epoch: [22/200]	Iter: [110/1000]	Loss 0.74374 (0.80004)	
[2025-04-23 18:39:50,009][       train.py][line: 383][    INFO] Epoch: [24/200]	Iter: [120/1000]	Loss 0.85566 (0.82092)	
[2025-04-23 18:40:30,070][       train.py][line: 284][    INFO] (brats-met): Epoch: 25, image auroc: 0.8511, pixel_auroc: 0.9106,
[2025-04-23 18:40:30,070][       train.py][line: 303][    INFO] (brats-met best): image auroc: 0.8344, pixel auroc: 0.9323,
[2025-04-23 18:40:45,618][       train.py][line: 383][    INFO] Epoch: [26/200]	Iter: [130/1000]	Loss 0.77760 (0.79356)	
[2025-04-23 18:41:20,138][       train.py][line: 383][    INFO] Epoch: [28/200]	Iter: [140/1000]	Loss 0.73590 (0.78299)	
[2025-04-23 18:41:52,303][       train.py][line: 383][    INFO] Epoch: [30/200]	Iter: [150/1000]	Loss 0.75910 (0.81664)	
[2025-04-23 18:42:17,316][       train.py][line: 284][    INFO] (brats-met): Epoch: 30, image auroc: 0.8451, pixel_auroc: 0.8909,
[2025-04-23 18:42:17,317][       train.py][line: 303][    INFO] (brats-met best): image auroc: 0.8344, pixel auroc: 0.9323,
[2025-04-23 18:42:49,206][       train.py][line: 383][    INFO] Epoch: [32/200]	Iter: [160/1000]	Loss 0.77099 (0.81573)	
[2025-04-23 18:43:21,174][       train.py][line: 383][    INFO] Epoch: [34/200]	Iter: [170/1000]	Loss 0.82073 (0.80656)	
[2025-04-23 18:44:01,972][       train.py][line: 284][    INFO] (brats-met): Epoch: 35, image auroc: 0.8250, pixel_auroc: 0.8971,
[2025-04-23 18:44:01,973][       train.py][line: 303][    INFO] (brats-met best): image auroc: 0.8344, pixel auroc: 0.9323,
[2025-04-23 18:44:17,350][       train.py][line: 383][    INFO] Epoch: [36/200]	Iter: [180/1000]	Loss 0.77909 (0.79068)	
[2025-04-23 18:44:49,200][       train.py][line: 383][    INFO] Epoch: [38/200]	Iter: [190/1000]	Loss 0.77889 (0.78177)	
[2025-04-23 18:45:21,202][       train.py][line: 383][    INFO] Epoch: [40/200]	Iter: [200/1000]	Loss 0.79809 (0.79260)	
[2025-04-23 18:45:45,691][       train.py][line: 284][    INFO] (brats-met): Epoch: 40, image auroc: 0.8433, pixel_auroc: 0.9266,
[2025-04-23 18:45:45,691][       train.py][line: 303][    INFO] (brats-met best): image auroc: 0.8433, pixel auroc: 0.9266,
[2025-04-23 18:45:45,691][       train.py][line: 319][    INFO] save checkpoints in epoch: 40
[2025-04-23 18:46:17,753][       train.py][line: 383][    INFO] Epoch: [42/200]	Iter: [210/1000]	Loss 0.80918 (0.80313)	
[2025-04-23 18:46:50,016][       train.py][line: 383][    INFO] Epoch: [44/200]	Iter: [220/1000]	Loss 0.73693 (0.80356)	
[2025-04-23 18:47:30,466][       train.py][line: 284][    INFO] (brats-met): Epoch: 45, image auroc: 0.8566, pixel_auroc: 0.9311,
[2025-04-23 18:47:30,466][       train.py][line: 303][    INFO] (brats-met best): image auroc: 0.8566, pixel auroc: 0.9311,
[2025-04-23 18:47:30,466][       train.py][line: 319][    INFO] save checkpoints in epoch: 45
[2025-04-23 18:47:45,723][       train.py][line: 383][    INFO] Epoch: [46/200]	Iter: [230/1000]	Loss 0.78472 (0.78315)	
[2025-04-23 18:48:18,029][       train.py][line: 383][    INFO] Epoch: [48/200]	Iter: [240/1000]	Loss 0.69940 (0.79629)	
[2025-04-23 18:48:50,234][       train.py][line: 383][    INFO] Epoch: [50/200]	Iter: [250/1000]	Loss 0.75357 (0.80507)	
[2025-04-23 18:49:15,038][       train.py][line: 284][    INFO] (brats-met): Epoch: 50, image auroc: 0.8468, pixel_auroc: 0.9097,
[2025-04-23 18:49:15,038][       train.py][line: 303][    INFO] (brats-met best): image auroc: 0.8566, pixel auroc: 0.9311,
[2025-04-23 18:49:46,451][       train.py][line: 383][    INFO] Epoch: [52/200]	Iter: [260/1000]	Loss 0.76647 (0.80218)	
[2025-04-23 18:50:18,345][       train.py][line: 383][    INFO] Epoch: [54/200]	Iter: [270/1000]	Loss 0.83404 (0.80867)	
[2025-04-23 18:50:58,910][       train.py][line: 284][    INFO] (brats-met): Epoch: 55, image auroc: 0.8208, pixel_auroc: 0.9154,
[2025-04-23 18:50:58,910][       train.py][line: 303][    INFO] (brats-met best): image auroc: 0.8566, pixel auroc: 0.9311,
[2025-04-23 18:51:14,319][       train.py][line: 383][    INFO] Epoch: [56/200]	Iter: [280/1000]	Loss 0.81219 (0.81102)	
[2025-04-23 18:51:46,643][       train.py][line: 383][    INFO] Epoch: [58/200]	Iter: [290/1000]	Loss 0.77387 (0.80278)	
[2025-04-23 18:52:18,442][       train.py][line: 383][    INFO] Epoch: [60/200]	Iter: [300/1000]	Loss 0.75545 (0.79565)	
[2025-04-23 18:52:42,968][       train.py][line: 284][    INFO] (brats-met): Epoch: 60, image auroc: 0.8295, pixel_auroc: 0.8972,
[2025-04-23 18:52:42,968][       train.py][line: 303][    INFO] (brats-met best): image auroc: 0.8566, pixel auroc: 0.9311,
[2025-04-23 18:53:14,687][       train.py][line: 383][    INFO] Epoch: [62/200]	Iter: [310/1000]	Loss 0.78179 (0.80587)	
[2025-04-23 18:53:47,132][       train.py][line: 383][    INFO] Epoch: [64/200]	Iter: [320/1000]	Loss 0.83332 (0.81978)	
[2025-04-23 18:54:27,610][       train.py][line: 284][    INFO] (brats-met): Epoch: 65, image auroc: 0.8444, pixel_auroc: 0.9206,
[2025-04-23 18:54:27,611][       train.py][line: 303][    INFO] (brats-met best): image auroc: 0.8566, pixel auroc: 0.9311,
[2025-04-23 18:54:43,297][       train.py][line: 383][    INFO] Epoch: [66/200]	Iter: [330/1000]	Loss 0.70471 (0.78610)	
[2025-04-23 18:55:15,937][       train.py][line: 383][    INFO] Epoch: [68/200]	Iter: [340/1000]	Loss 0.78174 (0.81724)	
[2025-04-23 18:55:47,794][       train.py][line: 383][    INFO] Epoch: [70/200]	Iter: [350/1000]	Loss 0.74049 (0.79118)	
[2025-04-23 18:56:12,268][       train.py][line: 284][    INFO] (brats-met): Epoch: 70, image auroc: 0.7920, pixel_auroc: 0.8789,
[2025-04-23 18:56:12,268][       train.py][line: 303][    INFO] (brats-met best): image auroc: 0.8566, pixel auroc: 0.9311,
[2025-04-23 18:56:43,841][       train.py][line: 383][    INFO] Epoch: [72/200]	Iter: [360/1000]	Loss 0.78849 (0.79010)	
[2025-04-23 18:57:16,266][       train.py][line: 383][    INFO] Epoch: [74/200]	Iter: [370/1000]	Loss 0.78521 (0.78302)	
[2025-04-23 18:57:56,987][       train.py][line: 284][    INFO] (brats-met): Epoch: 75, image auroc: 0.8137, pixel_auroc: 0.9091,
[2025-04-23 18:57:56,987][       train.py][line: 303][    INFO] (brats-met best): image auroc: 0.8566, pixel auroc: 0.9311,
[2025-04-23 18:58:12,127][       train.py][line: 383][    INFO] Epoch: [76/200]	Iter: [380/1000]	Loss 0.78364 (0.80582)	
[2025-04-23 18:58:44,874][       train.py][line: 383][    INFO] Epoch: [78/200]	Iter: [390/1000]	Loss 0.77203 (0.80679)	
[2025-04-23 18:59:18,270][       train.py][line: 383][    INFO] Epoch: [80/200]	Iter: [400/1000]	Loss 0.78928 (0.78149)	
[2025-04-23 18:59:45,494][       train.py][line: 284][    INFO] (brats-met): Epoch: 80, image auroc: 0.8177, pixel_auroc: 0.8791,
[2025-04-23 18:59:45,494][       train.py][line: 303][    INFO] (brats-met best): image auroc: 0.8566, pixel auroc: 0.9311,
[2025-04-23 19:00:22,882][       train.py][line: 383][    INFO] Epoch: [82/200]	Iter: [410/1000]	Loss 0.72637 (0.77838)	
[2025-04-23 19:00:55,561][       train.py][line: 383][    INFO] Epoch: [84/200]	Iter: [420/1000]	Loss 0.81109 (0.80835)	
[2025-04-23 19:01:38,081][       train.py][line: 284][    INFO] (brats-met): Epoch: 85, image auroc: 0.8375, pixel_auroc: 0.9184,
[2025-04-23 19:01:38,081][       train.py][line: 303][    INFO] (brats-met best): image auroc: 0.8566, pixel auroc: 0.9311,
[2025-04-23 19:01:53,365][       train.py][line: 383][    INFO] Epoch: [86/200]	Iter: [430/1000]	Loss 0.83022 (0.82478)	
[2025-04-23 19:02:25,963][       train.py][line: 383][    INFO] Epoch: [88/200]	Iter: [440/1000]	Loss 0.79171 (0.77553)	
[2025-04-23 19:02:58,544][       train.py][line: 383][    INFO] Epoch: [90/200]	Iter: [450/1000]	Loss 0.78281 (0.76421)	
[2025-04-23 19:03:23,118][       train.py][line: 284][    INFO] (brats-met): Epoch: 90, image auroc: 0.8488, pixel_auroc: 0.9097,
[2025-04-23 19:03:23,119][       train.py][line: 303][    INFO] (brats-met best): image auroc: 0.8566, pixel auroc: 0.9311,
[2025-04-23 19:03:54,585][       train.py][line: 383][    INFO] Epoch: [92/200]	Iter: [460/1000]	Loss 0.73321 (0.76622)	
[2025-04-23 19:04:26,472][       train.py][line: 383][    INFO] Epoch: [94/200]	Iter: [470/1000]	Loss 0.72971 (0.80044)	
[2025-04-23 19:05:07,217][       train.py][line: 284][    INFO] (brats-met): Epoch: 95, image auroc: 0.8188, pixel_auroc: 0.8839,
[2025-04-23 19:05:07,217][       train.py][line: 303][    INFO] (brats-met best): image auroc: 0.8566, pixel auroc: 0.9311,
[2025-04-23 19:05:22,420][       train.py][line: 383][    INFO] Epoch: [96/200]	Iter: [480/1000]	Loss 0.82290 (0.81474)	
[2025-04-23 19:05:54,616][       train.py][line: 383][    INFO] Epoch: [98/200]	Iter: [490/1000]	Loss 0.73597 (0.77951)	
